15-Mar-2025 17:27:07.785 INFO [main] org.apache.catalina.startup.VersionLoggerListener.log Nom version serveur :              Apache Tomcat/10.1.36
15-Mar-2025 17:27:07.792 INFO [main] org.apache.catalina.startup.VersionLoggerListener.log Serveur compilé :                  Feb 13 2025 13:13:30 UTC
15-Mar-2025 17:27:07.793 INFO [main] org.apache.catalina.startup.VersionLoggerListener.log Version du serveur :               10.1.36.0
15-Mar-2025 17:27:07.793 INFO [main] org.apache.catalina.startup.VersionLoggerListener.log Nom de l'OS :                      Windows 10
15-Mar-2025 17:27:07.793 INFO [main] org.apache.catalina.startup.VersionLoggerListener.log Version OS :                       10.0
15-Mar-2025 17:27:07.793 INFO [main] org.apache.catalina.startup.VersionLoggerListener.log Architecture :                     amd64
15-Mar-2025 17:27:07.793 INFO [main] org.apache.catalina.startup.VersionLoggerListener.log Java Home :                        C:\Program Files\Java\jdk-22
15-Mar-2025 17:27:07.794 INFO [main] org.apache.catalina.startup.VersionLoggerListener.log Version JVM :                      22.0.1+8-16
15-Mar-2025 17:27:07.794 INFO [main] org.apache.catalina.startup.VersionLoggerListener.log Fournisseur de la JVM :            Oracle Corporation
15-Mar-2025 17:27:07.794 INFO [main] org.apache.catalina.startup.VersionLoggerListener.log CATALINA_BASE :                    C:\Users\dell\Downloads\camunda-bpm-tomcat-7.23.0-alpha4\server\apache-tomcat-10.1.36
15-Mar-2025 17:27:07.794 INFO [main] org.apache.catalina.startup.VersionLoggerListener.log CATALINA_HOME :                    C:\Users\dell\Downloads\camunda-bpm-tomcat-7.23.0-alpha4\server\apache-tomcat-10.1.36
15-Mar-2025 17:27:07.814 INFO [main] org.apache.catalina.startup.VersionLoggerListener.log Argument de la ligne de commande : -Djava.util.logging.config.file=C:\Users\dell\Downloads\camunda-bpm-tomcat-7.23.0-alpha4\server\apache-tomcat-10.1.36\conf\logging.properties
15-Mar-2025 17:27:07.814 INFO [main] org.apache.catalina.startup.VersionLoggerListener.log Argument de la ligne de commande : -Djava.util.logging.manager=org.apache.juli.ClassLoaderLogManager
15-Mar-2025 17:27:07.815 INFO [main] org.apache.catalina.startup.VersionLoggerListener.log Argument de la ligne de commande : -Djdk.tls.ephemeralDHKeySize=2048
15-Mar-2025 17:27:07.815 INFO [main] org.apache.catalina.startup.VersionLoggerListener.log Argument de la ligne de commande : -Djava.protocol.handler.pkgs=org.apache.catalina.webresources
15-Mar-2025 17:27:07.815 INFO [main] org.apache.catalina.startup.VersionLoggerListener.log Argument de la ligne de commande : -Dsun.io.useCanonCaches=false
15-Mar-2025 17:27:07.815 INFO [main] org.apache.catalina.startup.VersionLoggerListener.log Argument de la ligne de commande : --add-opens=java.base/java.lang=ALL-UNNAMED
15-Mar-2025 17:27:07.816 INFO [main] org.apache.catalina.startup.VersionLoggerListener.log Argument de la ligne de commande : --add-opens=java.base/java.io=ALL-UNNAMED
15-Mar-2025 17:27:07.817 INFO [main] org.apache.catalina.startup.VersionLoggerListener.log Argument de la ligne de commande : --add-opens=java.base/java.util=ALL-UNNAMED
15-Mar-2025 17:27:07.817 INFO [main] org.apache.catalina.startup.VersionLoggerListener.log Argument de la ligne de commande : --add-opens=java.base/java.util.concurrent=ALL-UNNAMED
15-Mar-2025 17:27:07.818 INFO [main] org.apache.catalina.startup.VersionLoggerListener.log Argument de la ligne de commande : --add-opens=java.rmi/sun.rmi.transport=ALL-UNNAMED
15-Mar-2025 17:27:07.818 INFO [main] org.apache.catalina.startup.VersionLoggerListener.log Argument de la ligne de commande : -Xmx512m
15-Mar-2025 17:27:07.819 INFO [main] org.apache.catalina.startup.VersionLoggerListener.log Argument de la ligne de commande : -Dcatalina.base=C:\Users\dell\Downloads\camunda-bpm-tomcat-7.23.0-alpha4\server\apache-tomcat-10.1.36
15-Mar-2025 17:27:07.819 INFO [main] org.apache.catalina.startup.VersionLoggerListener.log Argument de la ligne de commande : -Dcatalina.home=C:\Users\dell\Downloads\camunda-bpm-tomcat-7.23.0-alpha4\server\apache-tomcat-10.1.36
15-Mar-2025 17:27:07.819 INFO [main] org.apache.catalina.startup.VersionLoggerListener.log Argument de la ligne de commande : -Djava.io.tmpdir=C:\Users\dell\Downloads\camunda-bpm-tomcat-7.23.0-alpha4\server\apache-tomcat-10.1.36\temp
15-Mar-2025 17:27:07.838 INFO [main] org.apache.catalina.core.AprLifecycleListener.lifecycleEvent La librairie Apache Tomcat Native basée sur APR qui permet des performances optimales dans les environnements de production n'a pas été trouvée sur le java.library.path : [C:\Program Files\Java\jdk-22\bin;C:\Windows\Sun\Java\bin;C:\Windows\system32;C:\Windows;C:\Users\dell\AppData\Local\Programs\Python\Python312\Scripts\;C:\Users\dell\AppData\Local\Programs\Python\Python312\;C:\Windows\system32;C:\Windows;C:\Windows\system32\wbem;C:\Windows\system32\windowspowershell\v1.0\;C:\Windows\system32\openssh\;c:\program files (x86)\microsoft sql server\150\dts\binn\;c:\program files\microsoft sql server\150\dts\binn\;c:\program files\microsoft sql server\client sdk\odbc\170\tools\binn\;c:\program files (x86)\microsoft sql server\150\tools\binn\;c:\program files\microsoft sql server\150\tools\binn\;c:\program files (x86)\microsoft sql server\160\dts\binn\;c:\program files\azure data studio\bin;c:\Divalto\sys;C:\Program Files\Microsoft SQL Server\Client SDK\ODBC\110\Tools\Binn\;C:\Program Files (x86)\Microsoft SQL Server\120\Tools\Binn\;C:\Program Files\Microsoft SQL Server\120\Tools\Binn\;C:\Program Files\Microsoft SQL Server\120\DTS\Binn\;C:\Program Files (x86)\Microsoft SQL Server\120\Tools\Binn\ManagementStudio\;C:\Program Files (x86)\Microsoft SQL Server\120\DTS\Binn\;C:\Program Files\Git\cmd;C:\Program Files\Java\jdk-22\bin;C:\Program Files\apache-maven-3.9.8\bin;c:\program files (x86)\common files\oracle\java\javapath;C:\Program Files\dotnet\;C:\Program Files\nodejs\;C:\ProgramData\chocolatey\bin;C:\Program Files\Docker\Docker\resources\bin;C:\Users\dell\appdata\local\microsoft\windowsapps;;c:\program files\azure data studio\bin;c:\users\dell\appdata\local\programs\microsoft vs code\bin;c:\Divalto\sys;C:\Users\dell\AppData\Local\Programs\Microsoft VS Code\bin;C:\Program Files\JetBrains\IntelliJ IDEA 2023.1.3\bin;;C:\Users\dell\.dotnet\tools;C:\Users\dell\AppData\Roaming\npm;.]
15-Mar-2025 17:27:08.239 INFO [main] org.apache.coyote.AbstractProtocol.init Initialisation du gestionnaire de protocole ["http-nio-8080"]
15-Mar-2025 17:27:08.272 INFO [main] org.apache.catalina.startup.Catalina.load L'initialisation du serveur a pris [911] millisecondes
15-Mar-2025 17:27:08.670 INFO [main] org.camunda.commons.logging.BaseLogger.logInfo ENGINE-08046 Found Camunda Platform configuration in CATALINA_BASE/CATALINA_HOME conf directory [C:\Users\dell\Downloads\camunda-bpm-tomcat-7.23.0-alpha4\server\apache-tomcat-10.1.36\conf\bpm-platform.xml] at 'file:/C:/Users/dell/Downloads/camunda-bpm-tomcat-7.23.0-alpha4/server/apache-tomcat-10.1.36/conf/bpm-platform.xml'
15-Mar-2025 17:27:08.897 INFO [main] org.camunda.commons.logging.BaseLogger.logInfo ENGINE-12003 Plugin 'ProcessApplicationEventListenerPlugin' activated on process engine 'default'
15-Mar-2025 17:27:08.904 INFO [main] org.camunda.commons.logging.BaseLogger.logInfo ENGINE-12003 Plugin 'SpinProcessEnginePlugin' activated on process engine 'default'
15-Mar-2025 17:27:08.909 INFO [main] org.camunda.commons.logging.BaseLogger.logInfo SPIN-01010 Discovered Spin data format provider: org.camunda.spin.impl.json.jackson.format.JacksonJsonDataFormatProvider[name = application/json]
15-Mar-2025 17:27:09.135 INFO [main] org.camunda.commons.logging.BaseLogger.logInfo SPIN-01010 Discovered Spin data format provider: org.camunda.spin.impl.xml.dom.format.DomXmlDataFormatProvider[name = application/xml]
15-Mar-2025 17:27:09.299 INFO [main] org.camunda.commons.logging.BaseLogger.logInfo SPIN-01009 Discovered Spin data format: org.camunda.spin.impl.xml.dom.format.DomXmlDataFormat[name = application/xml]
15-Mar-2025 17:27:09.300 INFO [main] org.camunda.commons.logging.BaseLogger.logInfo SPIN-01009 Discovered Spin data format: org.camunda.spin.impl.json.jackson.format.JacksonJsonDataFormat[name = application/json]
15-Mar-2025 17:27:09.302 INFO [main] org.camunda.commons.logging.BaseLogger.logInfo ENGINE-12003 Plugin 'ConnectProcessEnginePlugin' activated on process engine 'default'
15-Mar-2025 17:27:09.598 INFO [main] org.camunda.commons.logging.BaseLogger.logInfo CNCT-01004 Discovered provider for connector id 'http-connector' and class 'org.camunda.connect.httpclient.impl.HttpConnectorImpl': 'org.camunda.connect.httpclient.impl.HttpConnectorProviderImpl'
15-Mar-2025 17:27:09.604 INFO [main] org.camunda.commons.logging.BaseLogger.logInfo CNCT-01004 Discovered provider for connector id 'soap-http-connector' and class 'org.camunda.connect.httpclient.soap.impl.SoapHttpConnectorImpl': 'org.camunda.connect.httpclient.soap.impl.SoapHttpConnectorProviderImpl'
15-Mar-2025 17:27:09.786 INFO [main] org.camunda.commons.logging.BaseLogger.logInfo FEEL/SCALA-01001 Spin value mapper detected
15-Mar-2025 17:27:12.558 INFO [main] org.camunda.commons.logging.BaseLogger.logInfo ENGINE-03016 Performing database operation 'create' on component 'engine' with resource 'org/camunda/bpm/engine/db/create/activiti.h2.create.engine.sql'
15-Mar-2025 17:27:12.615 INFO [main] org.camunda.commons.logging.BaseLogger.logInfo ENGINE-03016 Performing database operation 'create' on component 'history' with resource 'org/camunda/bpm/engine/db/create/activiti.h2.create.history.sql'
15-Mar-2025 17:27:12.630 INFO [main] org.camunda.commons.logging.BaseLogger.logInfo ENGINE-03016 Performing database operation 'create' on component 'identity' with resource 'org/camunda/bpm/engine/db/create/activiti.h2.create.identity.sql'
15-Mar-2025 17:27:12.646 INFO [main] org.camunda.commons.logging.BaseLogger.logInfo ENGINE-03016 Performing database operation 'create' on component 'case.engine' with resource 'org/camunda/bpm/engine/db/create/activiti.h2.create.case.engine.sql'
15-Mar-2025 17:27:12.653 INFO [main] org.camunda.commons.logging.BaseLogger.logInfo ENGINE-03016 Performing database operation 'create' on component 'case.history' with resource 'org/camunda/bpm/engine/db/create/activiti.h2.create.case.history.sql'
15-Mar-2025 17:27:12.660 INFO [main] org.camunda.commons.logging.BaseLogger.logInfo ENGINE-03016 Performing database operation 'create' on component 'decision.engine' with resource 'org/camunda/bpm/engine/db/create/activiti.h2.create.decision.engine.sql'
15-Mar-2025 17:27:12.671 INFO [main] org.camunda.commons.logging.BaseLogger.logInfo ENGINE-03016 Performing database operation 'create' on component 'decision.history' with resource 'org/camunda/bpm/engine/db/create/activiti.h2.create.decision.history.sql'
15-Mar-2025 17:27:12.755 INFO [main] org.camunda.commons.logging.BaseLogger.logInfo ENGINE-03067 No history level property found in database
15-Mar-2025 17:27:12.761 INFO [main] org.camunda.commons.logging.BaseLogger.logInfo ENGINE-03065 Creating historyLevel property in database for level: HistoryLevelFull(name=full, id=3)
15-Mar-2025 17:27:12.876 INFO [main] org.camunda.commons.logging.BaseLogger.logInfo ENGINE-00001 Process Engine default created.
15-Mar-2025 17:27:12.878 INFO [main] org.camunda.commons.logging.BaseLogger.logInfo ENGINE-14014 Starting up the JobExecutor[org.camunda.bpm.engine.impl.jobexecutor.RuntimeContainerJobExecutor].
15-Mar-2025 17:27:12.881 INFO [Thread-3] org.camunda.commons.logging.BaseLogger.logInfo ENGINE-14018 JobExecutor[org.camunda.bpm.engine.impl.jobexecutor.RuntimeContainerJobExecutor] starting to acquire jobs
15-Mar-2025 17:27:12.881 INFO [main] org.camunda.commons.logging.BaseLogger.logInfo ENGINE-08048 Camunda Platform sucessfully started at 'Apache Tomcat/10.1.36'.
15-Mar-2025 17:27:12.904 INFO [main] org.apache.catalina.core.StandardService.startInternal Démarrage du service [Catalina]
15-Mar-2025 17:27:12.904 INFO [main] org.apache.catalina.core.StandardEngine.startInternal Démarrage du moteur de Servlets : [Apache Tomcat/10.1.36]
15-Mar-2025 17:27:12.917 INFO [main] org.apache.catalina.startup.HostConfig.deployDirectory Déploiement du répertoire d'application web [C:\Users\dell\Downloads\camunda-bpm-tomcat-7.23.0-alpha4\server\apache-tomcat-10.1.36\webapps\camunda]
15-Mar-2025 17:27:19.508 INFO [main] org.apache.jasper.servlet.TldScanner.scanJars Au moins un fichier JAR a été analysé pour trouver des TLDs mais il n'en contenait pas, le mode "debug" du journal peut être activé pour obtenir une liste complète de JAR scannés sans succès ; éviter d'analyser des JARs inutilement peut améliorer sensiblement le temps de démarrage et le temps de compilation des JSPs
15-Mar-2025 17:27:20.911 INFO [main] org.apache.catalina.startup.HostConfig.deployDirectory Le déploiement du répertoire [C:\Users\dell\Downloads\camunda-bpm-tomcat-7.23.0-alpha4\server\apache-tomcat-10.1.36\webapps\camunda] de l'application web s'est terminé en [7 993] ms
15-Mar-2025 17:27:20.912 INFO [main] org.apache.catalina.startup.HostConfig.deployDirectory Déploiement du répertoire d'application web [C:\Users\dell\Downloads\camunda-bpm-tomcat-7.23.0-alpha4\server\apache-tomcat-10.1.36\webapps\camunda-invoice]
15-Mar-2025 17:27:26.083 INFO [main] org.camunda.commons.logging.BaseLogger.logInfo ENGINE-07015 Detected @ProcessApplication class 'org.camunda.bpm.example.invoice.InvoiceProcessApplication'
15-Mar-2025 17:27:26.133 INFO [main] org.apache.jasper.servlet.TldScanner.scanJars Au moins un fichier JAR a été analysé pour trouver des TLDs mais il n'en contenait pas, le mode "debug" du journal peut être activé pour obtenir une liste complète de JAR scannés sans succès ; éviter d'analyser des JARs inutilement peut améliorer sensiblement le temps de démarrage et le temps de compilation des JSPs
15-Mar-2025 17:27:26.146 INFO [main] org.camunda.commons.logging.BaseLogger.logInfo ENGINE-08024 Found processes.xml file at file:/C:/Users/dell/Downloads/camunda-bpm-tomcat-7.23.0-alpha4/server/apache-tomcat-10.1.36/webapps/camunda-invoice/WEB-INF/classes/META-INF/processes.xml
15-Mar-2025 17:27:26.865 INFO [main] org.camunda.commons.logging.BaseLogger.logInfo ENGINE-07021 ProcessApplication 'InvoiceProcessApplication' registered for DB deployments [c3698103-01c2-11f0-b02b-00090ffe0001]. Will execute process definitions 

        invoice[version: 1, id: invoice:1:c38ff4c7-01c2-11f0-b02b-00090ffe0001]
        ReviewInvoice[version: 1, id: ReviewInvoice:1:c39265c9-01c2-11f0-b02b-00090ffe0001]
Deployment does not provide any case definitions.
15-Mar-2025 17:27:26.890 INFO [main] org.camunda.commons.logging.BaseLogger.logInfo ENGINE-08023 Deployment summary for process archive 'InvoiceProcessApplication': 

        invoiceBusinessDecisions.dmn
        invoice.v2.bpmn

15-Mar-2025 17:27:27.032 INFO [main] org.camunda.commons.logging.BaseLogger.logInfo ENGINE-07021 ProcessApplication 'InvoiceProcessApplication' registered for DB deployments [c3698103-01c2-11f0-b02b-00090ffe0001, c3d33f5d-01c2-11f0-b02b-00090ffe0001]. Will execute process definitions 

        ReviewInvoice[version: 1, id: ReviewInvoice:1:c39265c9-01c2-11f0-b02b-00090ffe0001]
        invoice[version: 1, id: invoice:1:c38ff4c7-01c2-11f0-b02b-00090ffe0001]
        invoice[version: 2, id: invoice:2:c3da9260-01c2-11f0-b02b-00090ffe0001]
Deployment does not provide any case definitions.
15-Mar-2025 17:27:27.052 INFO [main] org.camunda.commons.logging.BaseLogger.logInfo SPIN-01010 Discovered Spin data format provider: org.camunda.spin.impl.json.jackson.format.JacksonJsonDataFormatProvider[name = application/json]
15-Mar-2025 17:27:27.056 INFO [main] org.camunda.commons.logging.BaseLogger.logInfo SPIN-01010 Discovered Spin data format provider: org.camunda.spin.impl.xml.dom.format.DomXmlDataFormatProvider[name = application/xml]
15-Mar-2025 17:27:27.074 INFO [main] org.camunda.commons.logging.BaseLogger.logInfo SPIN-01009 Discovered Spin data format: org.camunda.spin.impl.xml.dom.format.DomXmlDataFormat[name = application/xml]
15-Mar-2025 17:27:27.075 INFO [main] org.camunda.commons.logging.BaseLogger.logInfo SPIN-01009 Discovered Spin data format: org.camunda.spin.impl.json.jackson.format.JacksonJsonDataFormat[name = application/json]
15-Mar-2025 17:27:27.098 INFO [main] org.camunda.bpm.example.invoice.DemoDataGenerator.createUsers Generating demo data for invoice showcase
15-Mar-2025 17:27:27.853 INFO [main] org.camunda.bpm.example.invoice.InvoiceApplicationHelper.startProcessInstances Start 3 instances of Invoice Receipt, version 1
15-Mar-2025 17:27:28.807 SEVERE [main] org.camunda.commons.logging.BaseLogger.logError ENGINE-16004 Exception while closing command context: 'void sun.misc.Unsafe.ensureClassInitialized(java.lang.Class)'
	java.lang.NoSuchMethodError: 'void sun.misc.Unsafe.ensureClassInitialized(java.lang.Class)'
		at com.oracle.truffle.api.library.LibraryFactory.ensureLibraryInitialized(LibraryFactory.java:384)
		at com.oracle.truffle.api.library.LibraryFactory.getUncached(LibraryFactory.java:364)
		at com.oracle.truffle.api.library.LibraryFactory.<init>(LibraryFactory.java:210)
		at com.oracle.truffle.api.interop.InteropLibraryGen.<init>(InteropLibraryGen.java:170)
		at com.oracle.truffle.api.interop.InteropLibraryGen.<clinit>(InteropLibraryGen.java:161)
		at java.base/java.lang.Class.forName0(Native Method)
		at java.base/java.lang.Class.forName(Class.java:529)
		at java.base/java.lang.Class.forName(Class.java:508)
		at com.oracle.truffle.api.library.LibraryFactory.loadGeneratedClass(LibraryFactory.java:771)
		at com.oracle.truffle.api.library.LibraryFactory.resolveImpl(LibraryFactory.java:734)
		at com.oracle.truffle.api.library.LibraryFactory.resolve(LibraryFactory.java:727)
		at com.oracle.truffle.api.interop.InteropLibrary.<clinit>(InteropLibrary.java:2878)
		at com.oracle.truffle.polyglot.PolyglotValueDispatch.<clinit>(PolyglotValueDispatch.java:156)
		at com.oracle.truffle.polyglot.PolyglotImpl.initialize(PolyglotImpl.java:147)
		at org.graalvm.polyglot.impl.AbstractPolyglotImpl.setConstructors(AbstractPolyglotImpl.java:238)
		at org.graalvm.polyglot.Engine$1.loadAndValidateProviders(Engine.java:845)
		at org.graalvm.polyglot.Engine$1.run(Engine.java:818)
		at org.graalvm.polyglot.Engine$1.run(Engine.java:792)
		at java.base/java.security.AccessController.doPrivileged(AccessController.java:319)
		at org.graalvm.polyglot.Engine.initEngineImpl(Engine.java:792)
		at org.graalvm.polyglot.Engine.access$000(Engine.java:110)
		at org.graalvm.polyglot.Engine$ImplHolder.<clinit>(Engine.java:136)
		at org.graalvm.polyglot.Engine.getImpl(Engine.java:324)
		at org.graalvm.polyglot.HostAccess$Builder.targetTypeMapping(HostAccess.java:1071)
		at com.oracle.truffle.js.scriptengine.GraalJSScriptEngine.createNashornHostAccess(GraalJSScriptEngine.java:104)
		at com.oracle.truffle.js.scriptengine.GraalJSScriptEngine.<clinit>(GraalJSScriptEngine.java:99)
		at com.oracle.truffle.js.scriptengine.GraalJSEngineFactory.getScriptEngine(GraalJSEngineFactory.java:196)
		at com.oracle.truffle.js.scriptengine.GraalJSEngineFactory.getScriptEngine(GraalJSEngineFactory.java:58)
		at java.scripting/javax.script.ScriptEngineManager.lambda$getEngineBy$2(ScriptEngineManager.java:237)
		at java.base/java.util.stream.ReferencePipeline$3$1.accept(ReferencePipeline.java:212)
		at java.base/java.util.stream.StreamSpliterators$WrappingSpliterator.tryAdvance(StreamSpliterators.java:300)
		at java.base/java.util.stream.Streams$ConcatSpliterator.tryAdvance(Streams.java:723)
		at java.base/java.util.stream.ReferencePipeline.forEachWithCancel(ReferencePipeline.java:144)
		at java.base/java.util.stream.AbstractPipeline.copyIntoWithCancel(AbstractPipeline.java:574)
		at java.base/java.util.stream.AbstractPipeline.copyInto(AbstractPipeline.java:560)
		at java.base/java.util.stream.AbstractPipeline.wrapAndCopyInto(AbstractPipeline.java:546)
		at java.base/java.util.stream.FindOps$FindOp.evaluateSequential(FindOps.java:150)
		at java.base/java.util.stream.AbstractPipeline.evaluate(AbstractPipeline.java:265)
		at java.base/java.util.stream.ReferencePipeline.findFirst(ReferencePipeline.java:662)
		at java.scripting/javax.script.ScriptEngineManager.getEngineBy(ScriptEngineManager.java:246)
		at java.scripting/javax.script.ScriptEngineManager.getEngineByName(ScriptEngineManager.java:185)
		at org.camunda.bpm.engine.impl.scripting.engine.DefaultScriptEngineResolver.getJavaScriptScriptEngine(DefaultScriptEngineResolver.java:97)
		at org.camunda.bpm.engine.impl.scripting.engine.DefaultScriptEngineResolver.getScriptEngine(DefaultScriptEngineResolver.java:80)
		at org.camunda.bpm.engine.impl.scripting.engine.DefaultScriptEngineResolver.getScriptEngine(DefaultScriptEngineResolver.java:62)
		at org.camunda.bpm.application.impl.ProcessApplicationScriptEnvironment.getScriptEngineForName(ProcessApplicationScriptEnvironment.java:66)
		at org.camunda.bpm.application.AbstractProcessApplication.getScriptEngineForName(AbstractProcessApplication.java:210)
		at org.camunda.bpm.engine.impl.scripting.engine.ScriptingEngines.getPaScriptEngine(ScriptingEngines.java:130)
		at org.camunda.bpm.engine.impl.scripting.engine.ScriptingEngines.getScriptEngineForLanguage(ScriptingEngines.java:112)
		at org.camunda.bpm.engine.impl.scripting.env.ScriptingEnvironment.execute(ScriptingEnvironment.java:82)
		at org.camunda.bpm.engine.impl.delegate.ScriptInvocation.invoke(ScriptInvocation.java:47)
		at org.camunda.bpm.engine.impl.delegate.DelegateInvocation.proceed(DelegateInvocation.java:58)
		at org.camunda.bpm.engine.impl.delegate.DefaultDelegateInterceptor.handleInvocationInContext(DefaultDelegateInterceptor.java:92)
		at org.camunda.bpm.engine.impl.delegate.DefaultDelegateInterceptor.handleInvocation(DefaultDelegateInterceptor.java:63)
		at org.camunda.bpm.engine.impl.task.listener.ScriptTaskListener.notify(ScriptTaskListener.java:45)
		at org.camunda.bpm.engine.impl.task.delegate.TaskListenerInvocation.invoke(TaskListenerInvocation.java:45)
		at org.camunda.bpm.engine.impl.delegate.DelegateInvocation.proceed(DelegateInvocation.java:58)
		at org.camunda.bpm.engine.impl.delegate.DefaultDelegateInterceptor.handleInvocationInContext(DefaultDelegateInterceptor.java:92)
		at org.camunda.bpm.engine.impl.delegate.DefaultDelegateInterceptor.handleInvocation(DefaultDelegateInterceptor.java:63)
		at org.camunda.bpm.engine.impl.persistence.entity.TaskEntity.invokeListener(TaskEntity.java:1113)
		at org.camunda.bpm.engine.impl.persistence.entity.TaskEntity.invokeListener(TaskEntity.java:1093)
		at org.camunda.bpm.engine.impl.persistence.entity.TaskEntity.fireEvent(TaskEntity.java:1045)
		at org.camunda.bpm.engine.impl.persistence.entity.TaskEntity.transitionTo(TaskEntity.java:1190)
		at org.camunda.bpm.engine.impl.bpmn.behavior.UserTaskActivityBehavior.performExecution(UserTaskActivityBehavior.java:62)
		at org.camunda.bpm.engine.impl.bpmn.behavior.TaskActivityBehavior.execute(TaskActivityBehavior.java:69)
		at org.camunda.bpm.engine.impl.pvm.runtime.operation.PvmAtomicOperationActivityExecute$2.callback(PvmAtomicOperationActivityExecute.java:61)
		at org.camunda.bpm.engine.impl.pvm.runtime.operation.PvmAtomicOperationActivityExecute$2.callback(PvmAtomicOperationActivityExecute.java:50)
		at org.camunda.bpm.engine.impl.pvm.runtime.PvmExecutionImpl.continueIfExecutionDoesNotAffectNextOperation(PvmExecutionImpl.java:2109)
		at org.camunda.bpm.engine.impl.pvm.runtime.operation.PvmAtomicOperationActivityExecute.execute(PvmAtomicOperationActivityExecute.java:42)
		at org.camunda.bpm.engine.impl.pvm.runtime.operation.PvmAtomicOperationActivityExecute.execute(PvmAtomicOperationActivityExecute.java:31)
		at org.camunda.bpm.engine.impl.interceptor.AtomicOperationInvocation.execute(AtomicOperationInvocation.java:99)
		at org.camunda.bpm.engine.impl.interceptor.CommandInvocationContext.invokeNext(CommandInvocationContext.java:141)
		at org.camunda.bpm.engine.impl.interceptor.CommandInvocationContext.performNext(CommandInvocationContext.java:121)
		at org.camunda.bpm.engine.impl.interceptor.CommandInvocationContext.performOperation(CommandInvocationContext.java:96)
		at org.camunda.bpm.engine.impl.persistence.entity.ExecutionEntity.performOperation(ExecutionEntity.java:635)
		at org.camunda.bpm.engine.impl.persistence.entity.ExecutionEntity.performOperation(ExecutionEntity.java:609)
		at org.camunda.bpm.engine.impl.pvm.runtime.PvmExecutionImpl$6.callback(PvmExecutionImpl.java:2048)
		at org.camunda.bpm.engine.impl.pvm.runtime.PvmExecutionImpl$6.callback(PvmExecutionImpl.java:2045)
		at org.camunda.bpm.engine.impl.pvm.runtime.PvmExecutionImpl.continueExecutionIfNotCanceled(PvmExecutionImpl.java:2115)
		at org.camunda.bpm.engine.impl.pvm.runtime.PvmExecutionImpl.dispatchDelayedEventsAndPerformOperation(PvmExecutionImpl.java:2064)
		at org.camunda.bpm.engine.impl.pvm.runtime.PvmExecutionImpl.dispatchDelayedEventsAndPerformOperation(PvmExecutionImpl.java:2045)
		at org.camunda.bpm.engine.impl.pvm.runtime.operation.PvmAtomicOperationTransitionNotifyListenerStart.eventNotificationsCompleted(PvmAtomicOperationTransitionNotifyListenerStart.java:61)
		at org.camunda.bpm.engine.impl.pvm.runtime.operation.PvmAtomicOperationTransitionNotifyListenerStart.eventNotificationsCompleted(PvmAtomicOperationTransitionNotifyListenerStart.java:30)
		at org.camunda.bpm.engine.impl.core.operation.AbstractEventAtomicOperation.execute(AbstractEventAtomicOperation.java:70)
		at org.camunda.bpm.engine.impl.interceptor.AtomicOperationInvocation.execute(AtomicOperationInvocation.java:99)
		at org.camunda.bpm.engine.impl.interceptor.CommandInvocationContext.invokeNext(CommandInvocationContext.java:141)
		at org.camunda.bpm.engine.impl.interceptor.CommandInvocationContext.performNext(CommandInvocationContext.java:121)
		at org.camunda.bpm.engine.impl.interceptor.CommandInvocationContext.performOperation(CommandInvocationContext.java:96)
		at org.camunda.bpm.engine.impl.interceptor.CommandInvocationContext.performOperation(CommandInvocationContext.java:86)
		at org.camunda.bpm.engine.impl.persistence.entity.ExecutionEntity.performOperationSync(ExecutionEntity.java:644)
		at org.camunda.bpm.engine.impl.persistence.entity.ExecutionEntity.performOperationSync(ExecutionEntity.java:619)
		at org.camunda.bpm.engine.impl.core.operation.AbstractEventAtomicOperation.execute(AbstractEventAtomicOperation.java:66)
		at org.camunda.bpm.engine.impl.interceptor.AtomicOperationInvocation.execute(AtomicOperationInvocation.java:99)
		at org.camunda.bpm.engine.impl.interceptor.CommandInvocationContext.invokeNext(CommandInvocationContext.java:141)
		at org.camunda.bpm.engine.impl.interceptor.CommandInvocationContext.performNext(CommandInvocationContext.java:121)
		at org.camunda.bpm.engine.impl.interceptor.CommandInvocationContext.performOperation(CommandInvocationContext.java:96)
		at org.camunda.bpm.engine.impl.interceptor.CommandInvocationContext.performOperation(CommandInvocationContext.java:86)
		at org.camunda.bpm.engine.impl.persistence.entity.ExecutionEntity.performOperationSync(ExecutionEntity.java:644)
		at org.camunda.bpm.engine.impl.persistence.entity.ExecutionEntity.performOperationSync(ExecutionEntity.java:619)
		at org.camunda.bpm.engine.impl.core.operation.AbstractEventAtomicOperation.execute(AbstractEventAtomicOperation.java:66)
		at org.camunda.bpm.engine.impl.interceptor.AtomicOperationInvocation.execute(AtomicOperationInvocation.java:99)
		at org.camunda.bpm.engine.impl.interceptor.CommandInvocationContext.invokeNext(CommandInvocationContext.java:141)
		at org.camunda.bpm.engine.impl.interceptor.CommandInvocationContext.performNext(CommandInvocationContext.java:121)
		at org.camunda.bpm.engine.impl.interceptor.CommandInvocationContext.performOperation(CommandInvocationContext.java:96)
		at org.camunda.bpm.engine.impl.interceptor.CommandInvocationContext.performOperation(CommandInvocationContext.java:86)
		at org.camunda.bpm.engine.impl.persistence.entity.ExecutionEntity.performOperationSync(ExecutionEntity.java:644)
		at org.camunda.bpm.engine.impl.persistence.entity.ExecutionEntity.performOperationSync(ExecutionEntity.java:619)
		at org.camunda.bpm.engine.impl.core.operation.AbstractEventAtomicOperation.execute(AbstractEventAtomicOperation.java:66)
		at org.camunda.bpm.engine.impl.interceptor.AtomicOperationInvocation.execute(AtomicOperationInvocation.java:99)
		at org.camunda.bpm.engine.impl.interceptor.CommandInvocationContext.invokeNext(CommandInvocationContext.java:141)
		at org.camunda.bpm.engine.impl.interceptor.CommandInvocationContext.performNext(CommandInvocationContext.java:121)
		at org.camunda.bpm.engine.impl.interceptor.CommandInvocationContext.performOperation(CommandInvocationContext.java:96)
		at org.camunda.bpm.engine.impl.persistence.entity.ExecutionEntity.performOperation(ExecutionEntity.java:635)
		at org.camunda.bpm.engine.impl.persistence.entity.ExecutionEntity.performOperation(ExecutionEntity.java:609)
		at org.camunda.bpm.engine.impl.pvm.runtime.operation.PvmAtomicOperationTransitionCreateScope.scopeCreated(PvmAtomicOperationTransitionCreateScope.java:38)
		at org.camunda.bpm.engine.impl.pvm.runtime.operation.PvmAtomicOperationCreateScope.execute(PvmAtomicOperationCreateScope.java:53)
		at org.camunda.bpm.engine.impl.pvm.runtime.operation.PvmAtomicOperationCreateScope.execute(PvmAtomicOperationCreateScope.java:27)
		at org.camunda.bpm.engine.impl.interceptor.AtomicOperationInvocation.execute(AtomicOperationInvocation.java:99)
		at org.camunda.bpm.engine.impl.interceptor.CommandInvocationContext.invokeNext(CommandInvocationContext.java:141)
		at org.camunda.bpm.engine.impl.interceptor.CommandInvocationContext.performNext(CommandInvocationContext.java:128)
		at org.camunda.bpm.engine.impl.interceptor.CommandInvocationContext$1.call(CommandInvocationContext.java:112)
		at org.camunda.bpm.engine.impl.interceptor.CommandInvocationContext$1.call(CommandInvocationContext.java:110)
		at org.camunda.bpm.engine.impl.context.ProcessApplicationClassloaderInterceptor.call(ProcessApplicationClassloaderInterceptor.java:48)
		at org.camunda.bpm.application.AbstractProcessApplication.execute(AbstractProcessApplication.java:131)
		at org.camunda.bpm.application.AbstractProcessApplication.execute(AbstractProcessApplication.java:142)
		at org.camunda.bpm.engine.impl.context.Context.executeWithinProcessApplication(Context.java:208)
		at org.camunda.bpm.engine.impl.interceptor.CommandInvocationContext.performNext(CommandInvocationContext.java:110)
		at org.camunda.bpm.engine.impl.interceptor.CommandInvocationContext.performOperation(CommandInvocationContext.java:96)
		at org.camunda.bpm.engine.impl.persistence.entity.ExecutionEntity.performOperation(ExecutionEntity.java:635)
		at org.camunda.bpm.engine.impl.persistence.entity.ExecutionEntity.performOperation(ExecutionEntity.java:609)
		at org.camunda.bpm.engine.impl.pvm.runtime.PvmExecutionImpl.start(PvmExecutionImpl.java:294)
		at org.camunda.bpm.engine.impl.persistence.entity.ExecutionEntity.start(ExecutionEntity.java:460)
		at org.camunda.bpm.engine.impl.pvm.runtime.PvmExecutionImpl.start(PvmExecutionImpl.java:271)
		at org.camunda.bpm.engine.impl.cmd.StartProcessInstanceCmd.execute(StartProcessInstanceCmd.java:66)
		at org.camunda.bpm.engine.impl.cmd.StartProcessInstanceCmd.execute(StartProcessInstanceCmd.java:38)
		at org.camunda.bpm.engine.impl.interceptor.CommandExecutorImpl.execute(CommandExecutorImpl.java:28)
		at org.camunda.bpm.engine.impl.interceptor.CommandContextInterceptor.execute(CommandContextInterceptor.java:111)
		at org.camunda.bpm.engine.impl.interceptor.ProcessApplicationContextInterceptor.execute(ProcessApplicationContextInterceptor.java:70)
		at org.camunda.bpm.engine.impl.interceptor.CommandCounterInterceptor.execute(CommandCounterInterceptor.java:34)
		at org.camunda.bpm.engine.impl.interceptor.LogInterceptor.execute(LogInterceptor.java:33)
		at org.camunda.bpm.engine.impl.interceptor.ExceptionCodeInterceptor.execute(ExceptionCodeInterceptor.java:55)
		at org.camunda.bpm.engine.impl.ProcessInstantiationBuilderImpl.executeWithVariablesInReturn(ProcessInstantiationBuilderImpl.java:168)
		at org.camunda.bpm.engine.impl.ProcessInstantiationBuilderImpl.execute(ProcessInstantiationBuilderImpl.java:134)
		at org.camunda.bpm.engine.impl.ProcessInstantiationBuilderImpl.execute(ProcessInstantiationBuilderImpl.java:130)
		at org.camunda.bpm.engine.impl.RuntimeServiceImpl.startProcessInstanceById(RuntimeServiceImpl.java:155)
		at org.camunda.bpm.example.invoice.InvoiceApplicationHelper.startProcessInstances(InvoiceApplicationHelper.java:103)
		at org.camunda.bpm.example.invoice.InvoiceApplicationHelper.startFirstProcess(InvoiceApplicationHelper.java:50)
		at org.camunda.bpm.example.invoice.InvoiceProcessApplication.startFirstProcess(InvoiceProcessApplication.java:38)
		at java.base/jdk.internal.reflect.DirectMethodHandleAccessor.invoke(DirectMethodHandleAccessor.java:103)
		at java.base/java.lang.reflect.Method.invoke(Method.java:580)
		at org.camunda.bpm.container.impl.deployment.PostDeployInvocationStep.performOperationStep(PostDeployInvocationStep.java:68)
		at org.camunda.bpm.container.impl.spi.DeploymentOperation.execute(DeploymentOperation.java:120)
		at org.camunda.bpm.container.impl.jmx.MBeanServiceContainer.executeDeploymentOperation(MBeanServiceContainer.java:160)
		at org.camunda.bpm.container.impl.spi.DeploymentOperation$DeploymentOperationBuilder.execute(DeploymentOperation.java:216)
		at org.camunda.bpm.container.impl.RuntimeContainerDelegateImpl.deployProcessApplication(RuntimeContainerDelegateImpl.java:102)
		at org.camunda.bpm.application.AbstractProcessApplication.deploy(AbstractProcessApplication.java:71)
		at org.camunda.bpm.application.impl.JakartaServletProcessApplication.contextInitialized(JakartaServletProcessApplication.java:106)
		at org.apache.catalina.core.StandardContext.listenerStart(StandardContext.java:4047)
		at org.apache.catalina.core.StandardContext.startInternal(StandardContext.java:4477)
		at org.apache.catalina.util.LifecycleBase.start(LifecycleBase.java:164)
		at org.apache.catalina.core.ContainerBase.addChildInternal(ContainerBase.java:599)
		at org.apache.catalina.core.ContainerBase.addChild(ContainerBase.java:571)
		at org.apache.catalina.core.StandardHost.addChild(StandardHost.java:654)
		at org.apache.catalina.startup.HostConfig.deployDirectory(HostConfig.java:1130)
		at org.apache.catalina.startup.HostConfig$DeployDirectory.run(HostConfig.java:1933)
		at java.base/java.util.concurrent.Executors$RunnableAdapter.call(Executors.java:572)
		at java.base/java.util.concurrent.FutureTask.run(FutureTask.java:317)
		at org.apache.tomcat.util.threads.InlineExecutorService.execute(InlineExecutorService.java:75)
		at java.base/java.util.concurrent.AbstractExecutorService.submit(AbstractExecutorService.java:123)
		at org.apache.catalina.startup.HostConfig.deployDirectories(HostConfig.java:1041)
		at org.apache.catalina.startup.HostConfig.deployApps(HostConfig.java:425)
		at org.apache.catalina.startup.HostConfig.start(HostConfig.java:1629)
		at org.apache.catalina.startup.HostConfig.lifecycleEvent(HostConfig.java:303)
		at org.apache.catalina.util.LifecycleBase.fireLifecycleEvent(LifecycleBase.java:109)
		at org.apache.catalina.util.LifecycleBase.setStateInternal(LifecycleBase.java:389)
		at org.apache.catalina.util.LifecycleBase.setState(LifecycleBase.java:336)
		at org.apache.catalina.core.ContainerBase.startInternal(ContainerBase.java:776)
		at org.apache.catalina.core.StandardHost.startInternal(StandardHost.java:772)
		at org.apache.catalina.util.LifecycleBase.start(LifecycleBase.java:164)
		at org.apache.catalina.core.ContainerBase$StartChild.call(ContainerBase.java:1203)
		at org.apache.catalina.core.ContainerBase$StartChild.call(ContainerBase.java:1193)
		at java.base/java.util.concurrent.FutureTask.run(FutureTask.java:317)
		at org.apache.tomcat.util.threads.InlineExecutorService.execute(InlineExecutorService.java:75)
		at java.base/java.util.concurrent.AbstractExecutorService.submit(AbstractExecutorService.java:145)
		at org.apache.catalina.core.ContainerBase.startInternal(ContainerBase.java:749)
		at org.apache.catalina.core.StandardEngine.startInternal(StandardEngine.java:203)
		at org.apache.catalina.util.LifecycleBase.start(LifecycleBase.java:164)
		at org.apache.catalina.core.StandardService.startInternal(StandardService.java:415)
		at org.apache.catalina.util.LifecycleBase.start(LifecycleBase.java:164)
		at org.apache.catalina.core.StandardServer.startInternal(StandardServer.java:870)
		at org.apache.catalina.util.LifecycleBase.start(LifecycleBase.java:164)
		at org.apache.catalina.startup.Catalina.start(Catalina.java:761)
		at java.base/jdk.internal.reflect.DirectMethodHandleAccessor.invoke(DirectMethodHandleAccessor.java:103)
		at java.base/java.lang.reflect.Method.invoke(Method.java:580)
		at org.apache.catalina.startup.Bootstrap.start(Bootstrap.java:345)
		at org.apache.catalina.startup.Bootstrap.main(Bootstrap.java:473)
15-Mar-2025 17:27:28.898 SEVERE [main] org.apache.catalina.core.StandardContext.startInternal Un ou plusieurs écouteurs n'ont pas pu démarrer, les détails sont dans le fichier de log du conteneur
15-Mar-2025 17:27:28.899 SEVERE [main] org.apache.catalina.core.StandardContext.startInternal Erreur de démarrage du contexte [/camunda-invoice] suite aux erreurs précédentes
15-Mar-2025 17:27:28.902 WARNING [main] org.camunda.commons.logging.BaseLogger.logWarn ENGINE-07017 Calling undeploy() on process application that is not deployed.
15-Mar-2025 17:27:28.918 INFO [main] org.apache.catalina.startup.HostConfig.deployDirectory Le déploiement du répertoire [C:\Users\dell\Downloads\camunda-bpm-tomcat-7.23.0-alpha4\server\apache-tomcat-10.1.36\webapps\camunda-invoice] de l'application web s'est terminé en [8 005] ms
15-Mar-2025 17:27:28.918 INFO [main] org.apache.catalina.startup.HostConfig.deployDirectory Déploiement du répertoire d'application web [C:\Users\dell\Downloads\camunda-bpm-tomcat-7.23.0-alpha4\server\apache-tomcat-10.1.36\webapps\camunda-welcome]
15-Mar-2025 17:27:33.829 INFO [main] org.apache.jasper.servlet.TldScanner.scanJars Au moins un fichier JAR a été analysé pour trouver des TLDs mais il n'en contenait pas, le mode "debug" du journal peut être activé pour obtenir une liste complète de JAR scannés sans succès ; éviter d'analyser des JARs inutilement peut améliorer sensiblement le temps de démarrage et le temps de compilation des JSPs
15-Mar-2025 17:27:33.837 INFO [main] org.apache.catalina.startup.HostConfig.deployDirectory Le déploiement du répertoire [C:\Users\dell\Downloads\camunda-bpm-tomcat-7.23.0-alpha4\server\apache-tomcat-10.1.36\webapps\camunda-welcome] de l'application web s'est terminé en [4 919] ms
15-Mar-2025 17:27:33.838 INFO [main] org.apache.catalina.startup.HostConfig.deployDirectory Déploiement du répertoire d'application web [C:\Users\dell\Downloads\camunda-bpm-tomcat-7.23.0-alpha4\server\apache-tomcat-10.1.36\webapps\docs]
15-Mar-2025 17:27:38.445 INFO [main] org.apache.jasper.servlet.TldScanner.scanJars Au moins un fichier JAR a été analysé pour trouver des TLDs mais il n'en contenait pas, le mode "debug" du journal peut être activé pour obtenir une liste complète de JAR scannés sans succès ; éviter d'analyser des JARs inutilement peut améliorer sensiblement le temps de démarrage et le temps de compilation des JSPs
15-Mar-2025 17:27:38.452 INFO [main] org.apache.catalina.startup.HostConfig.deployDirectory Le déploiement du répertoire [C:\Users\dell\Downloads\camunda-bpm-tomcat-7.23.0-alpha4\server\apache-tomcat-10.1.36\webapps\docs] de l'application web s'est terminé en [4 613] ms
15-Mar-2025 17:27:38.453 INFO [main] org.apache.catalina.startup.HostConfig.deployDirectory Déploiement du répertoire d'application web [C:\Users\dell\Downloads\camunda-bpm-tomcat-7.23.0-alpha4\server\apache-tomcat-10.1.36\webapps\engine-rest]
15-Mar-2025 17:27:44.056 INFO [main] org.apache.jasper.servlet.TldScanner.scanJars Au moins un fichier JAR a été analysé pour trouver des TLDs mais il n'en contenait pas, le mode "debug" du journal peut être activé pour obtenir une liste complète de JAR scannés sans succès ; éviter d'analyser des JARs inutilement peut améliorer sensiblement le temps de démarrage et le temps de compilation des JSPs
15-Mar-2025 17:27:44.318 INFO [main] org.apache.catalina.startup.HostConfig.deployDirectory Le déploiement du répertoire [C:\Users\dell\Downloads\camunda-bpm-tomcat-7.23.0-alpha4\server\apache-tomcat-10.1.36\webapps\engine-rest] de l'application web s'est terminé en [5 866] ms
15-Mar-2025 17:27:44.319 INFO [main] org.apache.catalina.startup.HostConfig.deployDirectory Déploiement du répertoire d'application web [C:\Users\dell\Downloads\camunda-bpm-tomcat-7.23.0-alpha4\server\apache-tomcat-10.1.36\webapps\examples]
15-Mar-2025 17:27:48.025 INFO [main] org.apache.jasper.servlet.TldScanner.scanJars Au moins un fichier JAR a été analysé pour trouver des TLDs mais il n'en contenait pas, le mode "debug" du journal peut être activé pour obtenir une liste complète de JAR scannés sans succès ; éviter d'analyser des JARs inutilement peut améliorer sensiblement le temps de démarrage et le temps de compilation des JSPs
15-Mar-2025 17:27:48.091 INFO [main] org.apache.catalina.startup.HostConfig.deployDirectory Le déploiement du répertoire [C:\Users\dell\Downloads\camunda-bpm-tomcat-7.23.0-alpha4\server\apache-tomcat-10.1.36\webapps\examples] de l'application web s'est terminé en [3 772] ms
15-Mar-2025 17:27:48.092 INFO [main] org.apache.catalina.startup.HostConfig.deployDirectory Déploiement du répertoire d'application web [C:\Users\dell\Downloads\camunda-bpm-tomcat-7.23.0-alpha4\server\apache-tomcat-10.1.36\webapps\host-manager]
15-Mar-2025 17:27:51.272 INFO [main] org.apache.jasper.servlet.TldScanner.scanJars Au moins un fichier JAR a été analysé pour trouver des TLDs mais il n'en contenait pas, le mode "debug" du journal peut être activé pour obtenir une liste complète de JAR scannés sans succès ; éviter d'analyser des JARs inutilement peut améliorer sensiblement le temps de démarrage et le temps de compilation des JSPs
15-Mar-2025 17:27:51.282 INFO [main] org.apache.catalina.startup.HostConfig.deployDirectory Le déploiement du répertoire [C:\Users\dell\Downloads\camunda-bpm-tomcat-7.23.0-alpha4\server\apache-tomcat-10.1.36\webapps\host-manager] de l'application web s'est terminé en [3 190] ms
15-Mar-2025 17:27:51.283 INFO [main] org.apache.catalina.startup.HostConfig.deployDirectory Déploiement du répertoire d'application web [C:\Users\dell\Downloads\camunda-bpm-tomcat-7.23.0-alpha4\server\apache-tomcat-10.1.36\webapps\manager]
15-Mar-2025 17:27:54.573 INFO [main] org.apache.jasper.servlet.TldScanner.scanJars Au moins un fichier JAR a été analysé pour trouver des TLDs mais il n'en contenait pas, le mode "debug" du journal peut être activé pour obtenir une liste complète de JAR scannés sans succès ; éviter d'analyser des JARs inutilement peut améliorer sensiblement le temps de démarrage et le temps de compilation des JSPs
15-Mar-2025 17:27:54.577 INFO [main] org.apache.catalina.startup.HostConfig.deployDirectory Le déploiement du répertoire [C:\Users\dell\Downloads\camunda-bpm-tomcat-7.23.0-alpha4\server\apache-tomcat-10.1.36\webapps\manager] de l'application web s'est terminé en [3 293] ms
15-Mar-2025 17:27:54.577 INFO [main] org.apache.catalina.startup.HostConfig.deployDirectory Déploiement du répertoire d'application web [C:\Users\dell\Downloads\camunda-bpm-tomcat-7.23.0-alpha4\server\apache-tomcat-10.1.36\webapps\ROOT]
15-Mar-2025 17:27:58.532 INFO [main] org.apache.jasper.servlet.TldScanner.scanJars Au moins un fichier JAR a été analysé pour trouver des TLDs mais il n'en contenait pas, le mode "debug" du journal peut être activé pour obtenir une liste complète de JAR scannés sans succès ; éviter d'analyser des JARs inutilement peut améliorer sensiblement le temps de démarrage et le temps de compilation des JSPs
15-Mar-2025 17:27:58.536 INFO [main] org.apache.catalina.startup.HostConfig.deployDirectory Le déploiement du répertoire [C:\Users\dell\Downloads\camunda-bpm-tomcat-7.23.0-alpha4\server\apache-tomcat-10.1.36\webapps\ROOT] de l'application web s'est terminé en [3 959] ms
15-Mar-2025 17:27:58.542 INFO [main] org.apache.coyote.AbstractProtocol.start Démarrage du gestionnaire de protocole ["http-nio-8080"]
15-Mar-2025 17:27:58.574 INFO [main] org.apache.catalina.startup.Catalina.start Le démarrage du serveur a pris [50300] millisecondes
15-Mar-2025 17:28:32.002 INFO [http-nio-8080-exec-7] org.jboss.resteasy.core.ResteasyDeploymentImpl.processApplication RESTEASY002225: Deploying jakarta.ws.rs.core.Application: class org.camunda.bpm.admin.impl.web.AdminApplication
15-Mar-2025 17:28:32.032 INFO [http-nio-8080-exec-7] org.jboss.resteasy.core.ResteasyDeploymentImpl.processApplication RESTEASY002200: Adding class resource org.camunda.bpm.webapp.impl.security.auth.UserAuthenticationResource from Application class org.camunda.bpm.admin.impl.web.AdminApplication
15-Mar-2025 17:28:32.033 INFO [http-nio-8080-exec-7] org.jboss.resteasy.core.ResteasyDeploymentImpl.processApplication RESTEASY002205: Adding provider class org.camunda.bpm.engine.rest.mapper.JacksonConfigurator from Application class org.camunda.bpm.admin.impl.web.AdminApplication
15-Mar-2025 17:28:32.034 INFO [http-nio-8080-exec-7] org.jboss.resteasy.core.ResteasyDeploymentImpl.processApplication RESTEASY002205: Adding provider class com.fasterxml.jackson.jakarta.rs.json.JacksonJsonProvider from Application class org.camunda.bpm.admin.impl.web.AdminApplication
15-Mar-2025 17:28:32.035 INFO [http-nio-8080-exec-7] org.jboss.resteasy.core.ResteasyDeploymentImpl.processApplication RESTEASY002205: Adding provider class org.camunda.bpm.engine.rest.exception.ExceptionHandler from Application class org.camunda.bpm.admin.impl.web.AdminApplication
15-Mar-2025 17:28:32.035 INFO [http-nio-8080-exec-7] org.jboss.resteasy.core.ResteasyDeploymentImpl.processApplication RESTEASY002200: Adding class resource org.camunda.bpm.admin.impl.plugin.resources.AdminPluginsRootResource from Application class org.camunda.bpm.admin.impl.web.AdminApplication
15-Mar-2025 17:28:32.036 INFO [http-nio-8080-exec-7] org.jboss.resteasy.core.ResteasyDeploymentImpl.processApplication RESTEASY002205: Adding provider class org.camunda.bpm.engine.rest.exception.RestExceptionHandler from Application class org.camunda.bpm.admin.impl.web.AdminApplication
15-Mar-2025 17:28:32.036 INFO [http-nio-8080-exec-7] org.jboss.resteasy.core.ResteasyDeploymentImpl.processApplication RESTEASY002200: Adding class resource org.camunda.bpm.admin.impl.web.SetupResource from Application class org.camunda.bpm.admin.impl.web.AdminApplication
15-Mar-2025 17:28:32.468 INFO [http-nio-8080-exec-5] org.jboss.resteasy.core.ResteasyDeploymentImpl.processApplication RESTEASY002225: Deploying jakarta.ws.rs.core.Application: class org.camunda.bpm.webapp.impl.engine.EngineRestApplication
15-Mar-2025 17:28:32.483 INFO [http-nio-8080-exec-5] org.jboss.resteasy.core.ResteasyDeploymentImpl.processApplication RESTEASY002205: Adding provider class org.camunda.bpm.engine.rest.mapper.JacksonConfigurator from Application class org.camunda.bpm.webapp.impl.engine.EngineRestApplication
15-Mar-2025 17:28:32.484 INFO [http-nio-8080-exec-5] org.jboss.resteasy.core.ResteasyDeploymentImpl.processApplication RESTEASY002205: Adding provider class org.camunda.bpm.engine.rest.exception.JsonMappingExceptionHandler from Application class org.camunda.bpm.webapp.impl.engine.EngineRestApplication
15-Mar-2025 17:28:32.484 INFO [http-nio-8080-exec-5] org.jboss.resteasy.core.ResteasyDeploymentImpl.processApplication RESTEASY002205: Adding provider class org.camunda.bpm.engine.rest.exception.JsonParseExceptionHandler from Application class org.camunda.bpm.webapp.impl.engine.EngineRestApplication
15-Mar-2025 17:28:32.485 INFO [http-nio-8080-exec-5] org.jboss.resteasy.core.ResteasyDeploymentImpl.processApplication RESTEASY002205: Adding provider class com.fasterxml.jackson.jakarta.rs.json.JacksonJsonProvider from Application class org.camunda.bpm.webapp.impl.engine.EngineRestApplication
15-Mar-2025 17:28:32.486 INFO [http-nio-8080-exec-5] org.jboss.resteasy.core.ResteasyDeploymentImpl.processApplication RESTEASY002205: Adding provider class org.camunda.bpm.engine.rest.mapper.MultipartPayloadProvider from Application class org.camunda.bpm.webapp.impl.engine.EngineRestApplication
15-Mar-2025 17:28:32.486 INFO [http-nio-8080-exec-5] org.jboss.resteasy.core.ResteasyDeploymentImpl.processApplication RESTEASY002205: Adding provider class org.camunda.bpm.engine.rest.hal.JacksonHalJsonProvider from Application class org.camunda.bpm.webapp.impl.engine.EngineRestApplication
15-Mar-2025 17:28:32.487 INFO [http-nio-8080-exec-5] org.jboss.resteasy.core.ResteasyDeploymentImpl.processApplication RESTEASY002205: Adding provider class org.camunda.bpm.engine.rest.exception.ExceptionHandler from Application class org.camunda.bpm.webapp.impl.engine.EngineRestApplication
15-Mar-2025 17:28:32.488 INFO [http-nio-8080-exec-5] org.jboss.resteasy.core.ResteasyDeploymentImpl.processApplication RESTEASY002200: Adding class resource org.camunda.bpm.engine.rest.impl.NamedProcessEngineRestServiceImpl from Application class org.camunda.bpm.webapp.impl.engine.EngineRestApplication
15-Mar-2025 17:28:32.489 INFO [http-nio-8080-exec-5] org.jboss.resteasy.core.ResteasyDeploymentImpl.processApplication RESTEASY002205: Adding provider class org.camunda.bpm.engine.rest.exception.RestExceptionHandler from Application class org.camunda.bpm.webapp.impl.engine.EngineRestApplication
15-Mar-2025 17:28:32.490 INFO [http-nio-8080-exec-5] org.jboss.resteasy.core.ResteasyDeploymentImpl.processApplication RESTEASY002205: Adding provider class org.camunda.bpm.engine.rest.exception.ProcessEngineExceptionHandler from Application class org.camunda.bpm.webapp.impl.engine.EngineRestApplication
15-Mar-2025 17:29:01.875 INFO [http-nio-8080-exec-1] org.jboss.resteasy.core.ResteasyDeploymentImpl.processApplication RESTEASY002225: Deploying jakarta.ws.rs.core.Application: class org.camunda.bpm.cockpit.impl.web.CockpitApplication
15-Mar-2025 17:29:01.886 INFO [http-nio-8080-exec-1] org.jboss.resteasy.core.ResteasyDeploymentImpl.processApplication RESTEASY002200: Adding class resource org.camunda.bpm.cockpit.impl.plugin.resources.CockpitPluginsRootResource from Application class org.camunda.bpm.cockpit.impl.web.CockpitApplication
15-Mar-2025 17:29:01.886 INFO [http-nio-8080-exec-1] org.jboss.resteasy.core.ResteasyDeploymentImpl.processApplication RESTEASY002205: Adding provider class org.camunda.bpm.engine.rest.mapper.JacksonConfigurator from Application class org.camunda.bpm.cockpit.impl.web.CockpitApplication
15-Mar-2025 17:29:01.887 INFO [http-nio-8080-exec-1] org.jboss.resteasy.core.ResteasyDeploymentImpl.processApplication RESTEASY002205: Adding provider class com.fasterxml.jackson.jakarta.rs.json.JacksonJsonProvider from Application class org.camunda.bpm.cockpit.impl.web.CockpitApplication
15-Mar-2025 17:29:01.887 INFO [http-nio-8080-exec-1] org.jboss.resteasy.core.ResteasyDeploymentImpl.processApplication RESTEASY002205: Adding provider class org.camunda.bpm.engine.rest.exception.ExceptionHandler from Application class org.camunda.bpm.cockpit.impl.web.CockpitApplication
15-Mar-2025 17:29:01.887 INFO [http-nio-8080-exec-1] org.jboss.resteasy.core.ResteasyDeploymentImpl.processApplication RESTEASY002200: Adding class resource org.camunda.bpm.cockpit.impl.plugin.resources.BaseRootResource from Application class org.camunda.bpm.cockpit.impl.web.CockpitApplication
15-Mar-2025 17:29:01.888 INFO [http-nio-8080-exec-1] org.jboss.resteasy.core.ResteasyDeploymentImpl.processApplication RESTEASY002205: Adding provider class org.camunda.bpm.engine.rest.exception.RestExceptionHandler from Application class org.camunda.bpm.cockpit.impl.web.CockpitApplication
15-Mar-2025 17:29:46.814 SEVERE [main] org.apache.catalina.startup.Catalina.stopServer Impossible de se connecter à [localhost : 8005] (port de base [8005] et offset [0]), Tomcat peut ne pas être en cours d'exécution
15-Mar-2025 17:29:46.820 SEVERE [main] org.apache.catalina.startup.Catalina.stopServer Erreur lors de l'arrêt de Catalina
	java.net.ConnectException: Connection refused: connect
		at java.base/sun.nio.ch.Net.connect0(Native Method)
		at java.base/sun.nio.ch.Net.connect(Net.java:589)
		at java.base/sun.nio.ch.Net.connect(Net.java:578)
		at java.base/sun.nio.ch.NioSocketImpl.connect(NioSocketImpl.java:583)
		at java.base/java.net.SocksSocketImpl.connect(SocksSocketImpl.java:327)
		at java.base/java.net.Socket.connect(Socket.java:752)
		at java.base/java.net.Socket.connect(Socket.java:687)
		at java.base/java.net.Socket.<init>(Socket.java:556)
		at java.base/java.net.Socket.<init>(Socket.java:325)
		at org.apache.catalina.startup.Catalina.stopServer(Catalina.java:657)
		at java.base/jdk.internal.reflect.DirectMethodHandleAccessor.invoke(DirectMethodHandleAccessor.java:103)
		at java.base/java.lang.reflect.Method.invoke(Method.java:580)
		at org.apache.catalina.startup.Bootstrap.stopServer(Bootstrap.java:393)
		at org.apache.catalina.startup.Bootstrap.main(Bootstrap.java:478)
15-Mar-2025 17:31:33.214 INFO [main] org.apache.catalina.startup.VersionLoggerListener.log Nom version serveur :              Apache Tomcat/10.1.36
15-Mar-2025 17:31:33.218 INFO [main] org.apache.catalina.startup.VersionLoggerListener.log Serveur compilé :                  Feb 13 2025 13:13:30 UTC
15-Mar-2025 17:31:33.219 INFO [main] org.apache.catalina.startup.VersionLoggerListener.log Version du serveur :               10.1.36.0
15-Mar-2025 17:31:33.219 INFO [main] org.apache.catalina.startup.VersionLoggerListener.log Nom de l'OS :                      Windows 10
15-Mar-2025 17:31:33.219 INFO [main] org.apache.catalina.startup.VersionLoggerListener.log Version OS :                       10.0
15-Mar-2025 17:31:33.219 INFO [main] org.apache.catalina.startup.VersionLoggerListener.log Architecture :                     amd64
15-Mar-2025 17:31:33.219 INFO [main] org.apache.catalina.startup.VersionLoggerListener.log Java Home :                        C:\Program Files\Java\jdk-22
15-Mar-2025 17:31:33.220 INFO [main] org.apache.catalina.startup.VersionLoggerListener.log Version JVM :                      22.0.1+8-16
15-Mar-2025 17:31:33.220 INFO [main] org.apache.catalina.startup.VersionLoggerListener.log Fournisseur de la JVM :            Oracle Corporation
15-Mar-2025 17:31:33.220 INFO [main] org.apache.catalina.startup.VersionLoggerListener.log CATALINA_BASE :                    C:\Users\dell\Downloads\camunda-bpm-tomcat-7.23.0-alpha4\server\apache-tomcat-10.1.36
15-Mar-2025 17:31:33.220 INFO [main] org.apache.catalina.startup.VersionLoggerListener.log CATALINA_HOME :                    C:\Users\dell\Downloads\camunda-bpm-tomcat-7.23.0-alpha4\server\apache-tomcat-10.1.36
15-Mar-2025 17:31:33.231 INFO [main] org.apache.catalina.startup.VersionLoggerListener.log Argument de la ligne de commande : -Djava.util.logging.config.file=C:\Users\dell\Downloads\camunda-bpm-tomcat-7.23.0-alpha4\server\apache-tomcat-10.1.36\conf\logging.properties
15-Mar-2025 17:31:33.231 INFO [main] org.apache.catalina.startup.VersionLoggerListener.log Argument de la ligne de commande : -Djava.util.logging.manager=org.apache.juli.ClassLoaderLogManager
15-Mar-2025 17:31:33.231 INFO [main] org.apache.catalina.startup.VersionLoggerListener.log Argument de la ligne de commande : -Djdk.tls.ephemeralDHKeySize=2048
15-Mar-2025 17:31:33.231 INFO [main] org.apache.catalina.startup.VersionLoggerListener.log Argument de la ligne de commande : -Djava.protocol.handler.pkgs=org.apache.catalina.webresources
15-Mar-2025 17:31:33.232 INFO [main] org.apache.catalina.startup.VersionLoggerListener.log Argument de la ligne de commande : -Dsun.io.useCanonCaches=false
15-Mar-2025 17:31:33.232 INFO [main] org.apache.catalina.startup.VersionLoggerListener.log Argument de la ligne de commande : --add-opens=java.base/java.lang=ALL-UNNAMED
15-Mar-2025 17:31:33.232 INFO [main] org.apache.catalina.startup.VersionLoggerListener.log Argument de la ligne de commande : --add-opens=java.base/java.io=ALL-UNNAMED
15-Mar-2025 17:31:33.233 INFO [main] org.apache.catalina.startup.VersionLoggerListener.log Argument de la ligne de commande : --add-opens=java.base/java.util=ALL-UNNAMED
15-Mar-2025 17:31:33.233 INFO [main] org.apache.catalina.startup.VersionLoggerListener.log Argument de la ligne de commande : --add-opens=java.base/java.util.concurrent=ALL-UNNAMED
15-Mar-2025 17:31:33.234 INFO [main] org.apache.catalina.startup.VersionLoggerListener.log Argument de la ligne de commande : --add-opens=java.rmi/sun.rmi.transport=ALL-UNNAMED
15-Mar-2025 17:31:33.234 INFO [main] org.apache.catalina.startup.VersionLoggerListener.log Argument de la ligne de commande : -Xmx512m
15-Mar-2025 17:31:33.235 INFO [main] org.apache.catalina.startup.VersionLoggerListener.log Argument de la ligne de commande : -Dcatalina.base=C:\Users\dell\Downloads\camunda-bpm-tomcat-7.23.0-alpha4\server\apache-tomcat-10.1.36
15-Mar-2025 17:31:33.235 INFO [main] org.apache.catalina.startup.VersionLoggerListener.log Argument de la ligne de commande : -Dcatalina.home=C:\Users\dell\Downloads\camunda-bpm-tomcat-7.23.0-alpha4\server\apache-tomcat-10.1.36
15-Mar-2025 17:31:33.236 INFO [main] org.apache.catalina.startup.VersionLoggerListener.log Argument de la ligne de commande : -Djava.io.tmpdir=C:\Users\dell\Downloads\camunda-bpm-tomcat-7.23.0-alpha4\server\apache-tomcat-10.1.36\temp
15-Mar-2025 17:31:33.252 INFO [main] org.apache.catalina.core.AprLifecycleListener.lifecycleEvent La librairie Apache Tomcat Native basée sur APR qui permet des performances optimales dans les environnements de production n'a pas été trouvée sur le java.library.path : [C:\Program Files\Java\jdk-22\bin;C:\Windows\Sun\Java\bin;C:\Windows\system32;C:\Windows;C:\Users\dell\AppData\Local\Programs\Python\Python312\Scripts\;C:\Users\dell\AppData\Local\Programs\Python\Python312\;C:\Windows\system32;C:\Windows;C:\Windows\system32\wbem;C:\Windows\system32\windowspowershell\v1.0\;C:\Windows\system32\openssh\;c:\program files (x86)\microsoft sql server\150\dts\binn\;c:\program files\microsoft sql server\150\dts\binn\;c:\program files\microsoft sql server\client sdk\odbc\170\tools\binn\;c:\program files (x86)\microsoft sql server\150\tools\binn\;c:\program files\microsoft sql server\150\tools\binn\;c:\program files (x86)\microsoft sql server\160\dts\binn\;c:\program files\azure data studio\bin;c:\Divalto\sys;C:\Program Files\Microsoft SQL Server\Client SDK\ODBC\110\Tools\Binn\;C:\Program Files (x86)\Microsoft SQL Server\120\Tools\Binn\;C:\Program Files\Microsoft SQL Server\120\Tools\Binn\;C:\Program Files\Microsoft SQL Server\120\DTS\Binn\;C:\Program Files (x86)\Microsoft SQL Server\120\Tools\Binn\ManagementStudio\;C:\Program Files (x86)\Microsoft SQL Server\120\DTS\Binn\;C:\Program Files\Git\cmd;C:\Program Files\Java\jdk-22\bin;C:\Program Files\apache-maven-3.9.8\bin;c:\program files (x86)\common files\oracle\java\javapath;C:\Program Files\dotnet\;C:\Program Files\nodejs\;C:\ProgramData\chocolatey\bin;C:\Program Files\Docker\Docker\resources\bin;C:\Users\dell\appdata\local\microsoft\windowsapps;;c:\program files\azure data studio\bin;c:\users\dell\appdata\local\programs\microsoft vs code\bin;c:\Divalto\sys;C:\Users\dell\AppData\Local\Programs\Microsoft VS Code\bin;C:\Program Files\JetBrains\IntelliJ IDEA 2023.1.3\bin;;C:\Users\dell\.dotnet\tools;C:\Users\dell\AppData\Roaming\npm;.]
15-Mar-2025 17:31:33.569 INFO [main] org.apache.coyote.AbstractProtocol.init Initialisation du gestionnaire de protocole ["http-nio-8080"]
15-Mar-2025 17:31:33.600 INFO [main] org.apache.catalina.startup.Catalina.load L'initialisation du serveur a pris [687] millisecondes
15-Mar-2025 17:31:34.073 INFO [main] org.camunda.commons.logging.BaseLogger.logInfo ENGINE-08046 Found Camunda Platform configuration in CATALINA_BASE/CATALINA_HOME conf directory [C:\Users\dell\Downloads\camunda-bpm-tomcat-7.23.0-alpha4\server\apache-tomcat-10.1.36\conf\bpm-platform.xml] at 'file:/C:/Users/dell/Downloads/camunda-bpm-tomcat-7.23.0-alpha4/server/apache-tomcat-10.1.36/conf/bpm-platform.xml'
15-Mar-2025 17:31:34.260 INFO [main] org.camunda.commons.logging.BaseLogger.logInfo ENGINE-12003 Plugin 'ProcessApplicationEventListenerPlugin' activated on process engine 'default'
15-Mar-2025 17:31:34.268 INFO [main] org.camunda.commons.logging.BaseLogger.logInfo ENGINE-12003 Plugin 'SpinProcessEnginePlugin' activated on process engine 'default'
15-Mar-2025 17:31:34.274 INFO [main] org.camunda.commons.logging.BaseLogger.logInfo SPIN-01010 Discovered Spin data format provider: org.camunda.spin.impl.json.jackson.format.JacksonJsonDataFormatProvider[name = application/json]
15-Mar-2025 17:31:34.482 INFO [main] org.camunda.commons.logging.BaseLogger.logInfo SPIN-01010 Discovered Spin data format provider: org.camunda.spin.impl.xml.dom.format.DomXmlDataFormatProvider[name = application/xml]
15-Mar-2025 17:31:34.584 INFO [main] org.camunda.commons.logging.BaseLogger.logInfo SPIN-01009 Discovered Spin data format: org.camunda.spin.impl.xml.dom.format.DomXmlDataFormat[name = application/xml]
15-Mar-2025 17:31:34.584 INFO [main] org.camunda.commons.logging.BaseLogger.logInfo SPIN-01009 Discovered Spin data format: org.camunda.spin.impl.json.jackson.format.JacksonJsonDataFormat[name = application/json]
15-Mar-2025 17:31:34.586 INFO [main] org.camunda.commons.logging.BaseLogger.logInfo ENGINE-12003 Plugin 'ConnectProcessEnginePlugin' activated on process engine 'default'
15-Mar-2025 17:31:34.809 INFO [main] org.camunda.commons.logging.BaseLogger.logInfo CNCT-01004 Discovered provider for connector id 'http-connector' and class 'org.camunda.connect.httpclient.impl.HttpConnectorImpl': 'org.camunda.connect.httpclient.impl.HttpConnectorProviderImpl'
15-Mar-2025 17:31:34.813 INFO [main] org.camunda.commons.logging.BaseLogger.logInfo CNCT-01004 Discovered provider for connector id 'soap-http-connector' and class 'org.camunda.connect.httpclient.soap.impl.SoapHttpConnectorImpl': 'org.camunda.connect.httpclient.soap.impl.SoapHttpConnectorProviderImpl'
15-Mar-2025 17:31:35.040 INFO [main] org.camunda.commons.logging.BaseLogger.logInfo FEEL/SCALA-01001 Spin value mapper detected
15-Mar-2025 17:31:38.380 INFO [main] org.camunda.commons.logging.BaseLogger.logInfo ENGINE-00001 Process Engine default created.
15-Mar-2025 17:31:38.382 INFO [main] org.camunda.commons.logging.BaseLogger.logInfo ENGINE-14014 Starting up the JobExecutor[org.camunda.bpm.engine.impl.jobexecutor.RuntimeContainerJobExecutor].
15-Mar-2025 17:31:38.386 INFO [Thread-3] org.camunda.commons.logging.BaseLogger.logInfo ENGINE-14018 JobExecutor[org.camunda.bpm.engine.impl.jobexecutor.RuntimeContainerJobExecutor] starting to acquire jobs
15-Mar-2025 17:31:38.386 INFO [main] org.camunda.commons.logging.BaseLogger.logInfo ENGINE-08048 Camunda Platform sucessfully started at 'Apache Tomcat/10.1.36'.
15-Mar-2025 17:31:38.410 INFO [main] org.apache.catalina.core.StandardService.startInternal Démarrage du service [Catalina]
15-Mar-2025 17:31:38.410 INFO [main] org.apache.catalina.core.StandardEngine.startInternal Démarrage du moteur de Servlets : [Apache Tomcat/10.1.36]
15-Mar-2025 17:31:38.423 INFO [main] org.apache.catalina.startup.HostConfig.deployDirectory Déploiement du répertoire d'application web [C:\Users\dell\Downloads\camunda-bpm-tomcat-7.23.0-alpha4\server\apache-tomcat-10.1.36\webapps\camunda]
15-Mar-2025 17:31:46.181 INFO [main] org.apache.jasper.servlet.TldScanner.scanJars Au moins un fichier JAR a été analysé pour trouver des TLDs mais il n'en contenait pas, le mode "debug" du journal peut être activé pour obtenir une liste complète de JAR scannés sans succès ; éviter d'analyser des JARs inutilement peut améliorer sensiblement le temps de démarrage et le temps de compilation des JSPs
15-Mar-2025 17:31:47.618 INFO [main] org.apache.catalina.startup.HostConfig.deployDirectory Le déploiement du répertoire [C:\Users\dell\Downloads\camunda-bpm-tomcat-7.23.0-alpha4\server\apache-tomcat-10.1.36\webapps\camunda] de l'application web s'est terminé en [9 194] ms
15-Mar-2025 17:31:47.618 INFO [main] org.apache.catalina.startup.HostConfig.deployDirectory Déploiement du répertoire d'application web [C:\Users\dell\Downloads\camunda-bpm-tomcat-7.23.0-alpha4\server\apache-tomcat-10.1.36\webapps\camunda-invoice]
15-Mar-2025 17:31:53.201 INFO [main] org.camunda.commons.logging.BaseLogger.logInfo ENGINE-07015 Detected @ProcessApplication class 'org.camunda.bpm.example.invoice.InvoiceProcessApplication'
15-Mar-2025 17:31:53.266 INFO [main] org.apache.jasper.servlet.TldScanner.scanJars Au moins un fichier JAR a été analysé pour trouver des TLDs mais il n'en contenait pas, le mode "debug" du journal peut être activé pour obtenir une liste complète de JAR scannés sans succès ; éviter d'analyser des JARs inutilement peut améliorer sensiblement le temps de démarrage et le temps de compilation des JSPs
15-Mar-2025 17:31:53.278 INFO [main] org.camunda.commons.logging.BaseLogger.logInfo ENGINE-08024 Found processes.xml file at file:/C:/Users/dell/Downloads/camunda-bpm-tomcat-7.23.0-alpha4/server/apache-tomcat-10.1.36/webapps/camunda-invoice/WEB-INF/classes/META-INF/processes.xml
15-Mar-2025 17:31:53.328 INFO [main] org.camunda.commons.logging.BaseLogger.logInfo ENGINE-08023 Deployment summary for process archive 'InvoiceProcessApplication': 

        invoiceBusinessDecisions.dmn
        invoice.v2.bpmn

15-Mar-2025 17:31:53.963 INFO [main] org.camunda.commons.logging.BaseLogger.logInfo ENGINE-07021 ProcessApplication 'InvoiceProcessApplication' registered for DB deployments [c3698103-01c2-11f0-b02b-00090ffe0001, c3d33f5d-01c2-11f0-b02b-00090ffe0001]. Will execute process definitions 

        ReviewInvoice[version: 1, id: ReviewInvoice:1:c39265c9-01c2-11f0-b02b-00090ffe0001]
        invoice[version: 1, id: invoice:1:c38ff4c7-01c2-11f0-b02b-00090ffe0001]
        invoice[version: 2, id: invoice:2:c3da9260-01c2-11f0-b02b-00090ffe0001]
Deployment does not provide any case definitions.
15-Mar-2025 17:31:53.977 INFO [main] org.camunda.commons.logging.BaseLogger.logInfo SPIN-01010 Discovered Spin data format provider: org.camunda.spin.impl.json.jackson.format.JacksonJsonDataFormatProvider[name = application/json]
15-Mar-2025 17:31:53.979 INFO [main] org.camunda.commons.logging.BaseLogger.logInfo SPIN-01010 Discovered Spin data format provider: org.camunda.spin.impl.xml.dom.format.DomXmlDataFormatProvider[name = application/xml]
15-Mar-2025 17:31:53.999 INFO [main] org.camunda.commons.logging.BaseLogger.logInfo SPIN-01009 Discovered Spin data format: org.camunda.spin.impl.xml.dom.format.DomXmlDataFormat[name = application/xml]
15-Mar-2025 17:31:54.000 INFO [main] org.camunda.commons.logging.BaseLogger.logInfo SPIN-01009 Discovered Spin data format: org.camunda.spin.impl.json.jackson.format.JacksonJsonDataFormat[name = application/json]
15-Mar-2025 17:31:54.157 INFO [main] org.camunda.bpm.example.invoice.InvoiceApplicationHelper.startProcessInstances Start 3 instances of Invoice Receipt, version 1
15-Mar-2025 17:31:55.690 SEVERE [main] org.camunda.commons.logging.BaseLogger.logError ENGINE-16004 Exception while closing command context: 'void sun.misc.Unsafe.ensureClassInitialized(java.lang.Class)'
	java.lang.NoSuchMethodError: 'void sun.misc.Unsafe.ensureClassInitialized(java.lang.Class)'
		at com.oracle.truffle.api.library.LibraryFactory.ensureLibraryInitialized(LibraryFactory.java:384)
		at com.oracle.truffle.api.library.LibraryFactory.getUncached(LibraryFactory.java:364)
		at com.oracle.truffle.api.library.LibraryFactory.<init>(LibraryFactory.java:210)
		at com.oracle.truffle.api.interop.InteropLibraryGen.<init>(InteropLibraryGen.java:170)
		at com.oracle.truffle.api.interop.InteropLibraryGen.<clinit>(InteropLibraryGen.java:161)
		at java.base/java.lang.Class.forName0(Native Method)
		at java.base/java.lang.Class.forName(Class.java:529)
		at java.base/java.lang.Class.forName(Class.java:508)
		at com.oracle.truffle.api.library.LibraryFactory.loadGeneratedClass(LibraryFactory.java:771)
		at com.oracle.truffle.api.library.LibraryFactory.resolveImpl(LibraryFactory.java:734)
		at com.oracle.truffle.api.library.LibraryFactory.resolve(LibraryFactory.java:727)
		at com.oracle.truffle.api.interop.InteropLibrary.<clinit>(InteropLibrary.java:2878)
		at com.oracle.truffle.polyglot.PolyglotValueDispatch.<clinit>(PolyglotValueDispatch.java:156)
		at com.oracle.truffle.polyglot.PolyglotImpl.initialize(PolyglotImpl.java:147)
		at org.graalvm.polyglot.impl.AbstractPolyglotImpl.setConstructors(AbstractPolyglotImpl.java:238)
		at org.graalvm.polyglot.Engine$1.loadAndValidateProviders(Engine.java:845)
		at org.graalvm.polyglot.Engine$1.run(Engine.java:818)
		at org.graalvm.polyglot.Engine$1.run(Engine.java:792)
		at java.base/java.security.AccessController.doPrivileged(AccessController.java:319)
		at org.graalvm.polyglot.Engine.initEngineImpl(Engine.java:792)
		at org.graalvm.polyglot.Engine.access$000(Engine.java:110)
		at org.graalvm.polyglot.Engine$ImplHolder.<clinit>(Engine.java:136)
		at org.graalvm.polyglot.Engine.getImpl(Engine.java:324)
		at org.graalvm.polyglot.HostAccess$Builder.targetTypeMapping(HostAccess.java:1071)
		at com.oracle.truffle.js.scriptengine.GraalJSScriptEngine.createNashornHostAccess(GraalJSScriptEngine.java:104)
		at com.oracle.truffle.js.scriptengine.GraalJSScriptEngine.<clinit>(GraalJSScriptEngine.java:99)
		at com.oracle.truffle.js.scriptengine.GraalJSEngineFactory.getScriptEngine(GraalJSEngineFactory.java:196)
		at com.oracle.truffle.js.scriptengine.GraalJSEngineFactory.getScriptEngine(GraalJSEngineFactory.java:58)
		at java.scripting/javax.script.ScriptEngineManager.lambda$getEngineBy$2(ScriptEngineManager.java:237)
		at java.base/java.util.stream.ReferencePipeline$3$1.accept(ReferencePipeline.java:212)
		at java.base/java.util.stream.StreamSpliterators$WrappingSpliterator.tryAdvance(StreamSpliterators.java:300)
		at java.base/java.util.stream.Streams$ConcatSpliterator.tryAdvance(Streams.java:723)
		at java.base/java.util.stream.ReferencePipeline.forEachWithCancel(ReferencePipeline.java:144)
		at java.base/java.util.stream.AbstractPipeline.copyIntoWithCancel(AbstractPipeline.java:574)
		at java.base/java.util.stream.AbstractPipeline.copyInto(AbstractPipeline.java:560)
		at java.base/java.util.stream.AbstractPipeline.wrapAndCopyInto(AbstractPipeline.java:546)
		at java.base/java.util.stream.FindOps$FindOp.evaluateSequential(FindOps.java:150)
		at java.base/java.util.stream.AbstractPipeline.evaluate(AbstractPipeline.java:265)
		at java.base/java.util.stream.ReferencePipeline.findFirst(ReferencePipeline.java:662)
		at java.scripting/javax.script.ScriptEngineManager.getEngineBy(ScriptEngineManager.java:246)
		at java.scripting/javax.script.ScriptEngineManager.getEngineByName(ScriptEngineManager.java:185)
		at org.camunda.bpm.engine.impl.scripting.engine.DefaultScriptEngineResolver.getJavaScriptScriptEngine(DefaultScriptEngineResolver.java:97)
		at org.camunda.bpm.engine.impl.scripting.engine.DefaultScriptEngineResolver.getScriptEngine(DefaultScriptEngineResolver.java:80)
		at org.camunda.bpm.engine.impl.scripting.engine.DefaultScriptEngineResolver.getScriptEngine(DefaultScriptEngineResolver.java:62)
		at org.camunda.bpm.application.impl.ProcessApplicationScriptEnvironment.getScriptEngineForName(ProcessApplicationScriptEnvironment.java:66)
		at org.camunda.bpm.application.AbstractProcessApplication.getScriptEngineForName(AbstractProcessApplication.java:210)
		at org.camunda.bpm.engine.impl.scripting.engine.ScriptingEngines.getPaScriptEngine(ScriptingEngines.java:130)
		at org.camunda.bpm.engine.impl.scripting.engine.ScriptingEngines.getScriptEngineForLanguage(ScriptingEngines.java:112)
		at org.camunda.bpm.engine.impl.scripting.env.ScriptingEnvironment.execute(ScriptingEnvironment.java:82)
		at org.camunda.bpm.engine.impl.delegate.ScriptInvocation.invoke(ScriptInvocation.java:47)
		at org.camunda.bpm.engine.impl.delegate.DelegateInvocation.proceed(DelegateInvocation.java:58)
		at org.camunda.bpm.engine.impl.delegate.DefaultDelegateInterceptor.handleInvocationInContext(DefaultDelegateInterceptor.java:92)
		at org.camunda.bpm.engine.impl.delegate.DefaultDelegateInterceptor.handleInvocation(DefaultDelegateInterceptor.java:63)
		at org.camunda.bpm.engine.impl.task.listener.ScriptTaskListener.notify(ScriptTaskListener.java:45)
		at org.camunda.bpm.engine.impl.task.delegate.TaskListenerInvocation.invoke(TaskListenerInvocation.java:45)
		at org.camunda.bpm.engine.impl.delegate.DelegateInvocation.proceed(DelegateInvocation.java:58)
		at org.camunda.bpm.engine.impl.delegate.DefaultDelegateInterceptor.handleInvocationInContext(DefaultDelegateInterceptor.java:92)
		at org.camunda.bpm.engine.impl.delegate.DefaultDelegateInterceptor.handleInvocation(DefaultDelegateInterceptor.java:63)
		at org.camunda.bpm.engine.impl.persistence.entity.TaskEntity.invokeListener(TaskEntity.java:1113)
		at org.camunda.bpm.engine.impl.persistence.entity.TaskEntity.invokeListener(TaskEntity.java:1093)
		at org.camunda.bpm.engine.impl.persistence.entity.TaskEntity.fireEvent(TaskEntity.java:1045)
		at org.camunda.bpm.engine.impl.persistence.entity.TaskEntity.transitionTo(TaskEntity.java:1190)
		at org.camunda.bpm.engine.impl.bpmn.behavior.UserTaskActivityBehavior.performExecution(UserTaskActivityBehavior.java:62)
		at org.camunda.bpm.engine.impl.bpmn.behavior.TaskActivityBehavior.execute(TaskActivityBehavior.java:69)
		at org.camunda.bpm.engine.impl.pvm.runtime.operation.PvmAtomicOperationActivityExecute$2.callback(PvmAtomicOperationActivityExecute.java:61)
		at org.camunda.bpm.engine.impl.pvm.runtime.operation.PvmAtomicOperationActivityExecute$2.callback(PvmAtomicOperationActivityExecute.java:50)
		at org.camunda.bpm.engine.impl.pvm.runtime.PvmExecutionImpl.continueIfExecutionDoesNotAffectNextOperation(PvmExecutionImpl.java:2109)
		at org.camunda.bpm.engine.impl.pvm.runtime.operation.PvmAtomicOperationActivityExecute.execute(PvmAtomicOperationActivityExecute.java:42)
		at org.camunda.bpm.engine.impl.pvm.runtime.operation.PvmAtomicOperationActivityExecute.execute(PvmAtomicOperationActivityExecute.java:31)
		at org.camunda.bpm.engine.impl.interceptor.AtomicOperationInvocation.execute(AtomicOperationInvocation.java:99)
		at org.camunda.bpm.engine.impl.interceptor.CommandInvocationContext.invokeNext(CommandInvocationContext.java:141)
		at org.camunda.bpm.engine.impl.interceptor.CommandInvocationContext.performNext(CommandInvocationContext.java:121)
		at org.camunda.bpm.engine.impl.interceptor.CommandInvocationContext.performOperation(CommandInvocationContext.java:96)
		at org.camunda.bpm.engine.impl.persistence.entity.ExecutionEntity.performOperation(ExecutionEntity.java:635)
		at org.camunda.bpm.engine.impl.persistence.entity.ExecutionEntity.performOperation(ExecutionEntity.java:609)
		at org.camunda.bpm.engine.impl.pvm.runtime.PvmExecutionImpl$6.callback(PvmExecutionImpl.java:2048)
		at org.camunda.bpm.engine.impl.pvm.runtime.PvmExecutionImpl$6.callback(PvmExecutionImpl.java:2045)
		at org.camunda.bpm.engine.impl.pvm.runtime.PvmExecutionImpl.continueExecutionIfNotCanceled(PvmExecutionImpl.java:2115)
		at org.camunda.bpm.engine.impl.pvm.runtime.PvmExecutionImpl.dispatchDelayedEventsAndPerformOperation(PvmExecutionImpl.java:2064)
		at org.camunda.bpm.engine.impl.pvm.runtime.PvmExecutionImpl.dispatchDelayedEventsAndPerformOperation(PvmExecutionImpl.java:2045)
		at org.camunda.bpm.engine.impl.pvm.runtime.operation.PvmAtomicOperationTransitionNotifyListenerStart.eventNotificationsCompleted(PvmAtomicOperationTransitionNotifyListenerStart.java:61)
		at org.camunda.bpm.engine.impl.pvm.runtime.operation.PvmAtomicOperationTransitionNotifyListenerStart.eventNotificationsCompleted(PvmAtomicOperationTransitionNotifyListenerStart.java:30)
		at org.camunda.bpm.engine.impl.core.operation.AbstractEventAtomicOperation.execute(AbstractEventAtomicOperation.java:70)
		at org.camunda.bpm.engine.impl.interceptor.AtomicOperationInvocation.execute(AtomicOperationInvocation.java:99)
		at org.camunda.bpm.engine.impl.interceptor.CommandInvocationContext.invokeNext(CommandInvocationContext.java:141)
		at org.camunda.bpm.engine.impl.interceptor.CommandInvocationContext.performNext(CommandInvocationContext.java:121)
		at org.camunda.bpm.engine.impl.interceptor.CommandInvocationContext.performOperation(CommandInvocationContext.java:96)
		at org.camunda.bpm.engine.impl.interceptor.CommandInvocationContext.performOperation(CommandInvocationContext.java:86)
		at org.camunda.bpm.engine.impl.persistence.entity.ExecutionEntity.performOperationSync(ExecutionEntity.java:644)
		at org.camunda.bpm.engine.impl.persistence.entity.ExecutionEntity.performOperationSync(ExecutionEntity.java:619)
		at org.camunda.bpm.engine.impl.core.operation.AbstractEventAtomicOperation.execute(AbstractEventAtomicOperation.java:66)
		at org.camunda.bpm.engine.impl.interceptor.AtomicOperationInvocation.execute(AtomicOperationInvocation.java:99)
		at org.camunda.bpm.engine.impl.interceptor.CommandInvocationContext.invokeNext(CommandInvocationContext.java:141)
		at org.camunda.bpm.engine.impl.interceptor.CommandInvocationContext.performNext(CommandInvocationContext.java:121)
		at org.camunda.bpm.engine.impl.interceptor.CommandInvocationContext.performOperation(CommandInvocationContext.java:96)
		at org.camunda.bpm.engine.impl.interceptor.CommandInvocationContext.performOperation(CommandInvocationContext.java:86)
		at org.camunda.bpm.engine.impl.persistence.entity.ExecutionEntity.performOperationSync(ExecutionEntity.java:644)
		at org.camunda.bpm.engine.impl.persistence.entity.ExecutionEntity.performOperationSync(ExecutionEntity.java:619)
		at org.camunda.bpm.engine.impl.core.operation.AbstractEventAtomicOperation.execute(AbstractEventAtomicOperation.java:66)
		at org.camunda.bpm.engine.impl.interceptor.AtomicOperationInvocation.execute(AtomicOperationInvocation.java:99)
		at org.camunda.bpm.engine.impl.interceptor.CommandInvocationContext.invokeNext(CommandInvocationContext.java:141)
		at org.camunda.bpm.engine.impl.interceptor.CommandInvocationContext.performNext(CommandInvocationContext.java:121)
		at org.camunda.bpm.engine.impl.interceptor.CommandInvocationContext.performOperation(CommandInvocationContext.java:96)
		at org.camunda.bpm.engine.impl.interceptor.CommandInvocationContext.performOperation(CommandInvocationContext.java:86)
		at org.camunda.bpm.engine.impl.persistence.entity.ExecutionEntity.performOperationSync(ExecutionEntity.java:644)
		at org.camunda.bpm.engine.impl.persistence.entity.ExecutionEntity.performOperationSync(ExecutionEntity.java:619)
		at org.camunda.bpm.engine.impl.core.operation.AbstractEventAtomicOperation.execute(AbstractEventAtomicOperation.java:66)
		at org.camunda.bpm.engine.impl.interceptor.AtomicOperationInvocation.execute(AtomicOperationInvocation.java:99)
		at org.camunda.bpm.engine.impl.interceptor.CommandInvocationContext.invokeNext(CommandInvocationContext.java:141)
		at org.camunda.bpm.engine.impl.interceptor.CommandInvocationContext.performNext(CommandInvocationContext.java:121)
		at org.camunda.bpm.engine.impl.interceptor.CommandInvocationContext.performOperation(CommandInvocationContext.java:96)
		at org.camunda.bpm.engine.impl.persistence.entity.ExecutionEntity.performOperation(ExecutionEntity.java:635)
		at org.camunda.bpm.engine.impl.persistence.entity.ExecutionEntity.performOperation(ExecutionEntity.java:609)
		at org.camunda.bpm.engine.impl.pvm.runtime.operation.PvmAtomicOperationTransitionCreateScope.scopeCreated(PvmAtomicOperationTransitionCreateScope.java:38)
		at org.camunda.bpm.engine.impl.pvm.runtime.operation.PvmAtomicOperationCreateScope.execute(PvmAtomicOperationCreateScope.java:53)
		at org.camunda.bpm.engine.impl.pvm.runtime.operation.PvmAtomicOperationCreateScope.execute(PvmAtomicOperationCreateScope.java:27)
		at org.camunda.bpm.engine.impl.interceptor.AtomicOperationInvocation.execute(AtomicOperationInvocation.java:99)
		at org.camunda.bpm.engine.impl.interceptor.CommandInvocationContext.invokeNext(CommandInvocationContext.java:141)
		at org.camunda.bpm.engine.impl.interceptor.CommandInvocationContext.performNext(CommandInvocationContext.java:128)
		at org.camunda.bpm.engine.impl.interceptor.CommandInvocationContext$1.call(CommandInvocationContext.java:112)
		at org.camunda.bpm.engine.impl.interceptor.CommandInvocationContext$1.call(CommandInvocationContext.java:110)
		at org.camunda.bpm.engine.impl.context.ProcessApplicationClassloaderInterceptor.call(ProcessApplicationClassloaderInterceptor.java:48)
		at org.camunda.bpm.application.AbstractProcessApplication.execute(AbstractProcessApplication.java:131)
		at org.camunda.bpm.application.AbstractProcessApplication.execute(AbstractProcessApplication.java:142)
		at org.camunda.bpm.engine.impl.context.Context.executeWithinProcessApplication(Context.java:208)
		at org.camunda.bpm.engine.impl.interceptor.CommandInvocationContext.performNext(CommandInvocationContext.java:110)
		at org.camunda.bpm.engine.impl.interceptor.CommandInvocationContext.performOperation(CommandInvocationContext.java:96)
		at org.camunda.bpm.engine.impl.persistence.entity.ExecutionEntity.performOperation(ExecutionEntity.java:635)
		at org.camunda.bpm.engine.impl.persistence.entity.ExecutionEntity.performOperation(ExecutionEntity.java:609)
		at org.camunda.bpm.engine.impl.pvm.runtime.PvmExecutionImpl.start(PvmExecutionImpl.java:294)
		at org.camunda.bpm.engine.impl.persistence.entity.ExecutionEntity.start(ExecutionEntity.java:460)
		at org.camunda.bpm.engine.impl.pvm.runtime.PvmExecutionImpl.start(PvmExecutionImpl.java:271)
		at org.camunda.bpm.engine.impl.cmd.StartProcessInstanceCmd.execute(StartProcessInstanceCmd.java:66)
		at org.camunda.bpm.engine.impl.cmd.StartProcessInstanceCmd.execute(StartProcessInstanceCmd.java:38)
		at org.camunda.bpm.engine.impl.interceptor.CommandExecutorImpl.execute(CommandExecutorImpl.java:28)
		at org.camunda.bpm.engine.impl.interceptor.CommandContextInterceptor.execute(CommandContextInterceptor.java:111)
		at org.camunda.bpm.engine.impl.interceptor.ProcessApplicationContextInterceptor.execute(ProcessApplicationContextInterceptor.java:70)
		at org.camunda.bpm.engine.impl.interceptor.CommandCounterInterceptor.execute(CommandCounterInterceptor.java:34)
		at org.camunda.bpm.engine.impl.interceptor.LogInterceptor.execute(LogInterceptor.java:33)
		at org.camunda.bpm.engine.impl.interceptor.ExceptionCodeInterceptor.execute(ExceptionCodeInterceptor.java:55)
		at org.camunda.bpm.engine.impl.ProcessInstantiationBuilderImpl.executeWithVariablesInReturn(ProcessInstantiationBuilderImpl.java:168)
		at org.camunda.bpm.engine.impl.ProcessInstantiationBuilderImpl.execute(ProcessInstantiationBuilderImpl.java:134)
		at org.camunda.bpm.engine.impl.ProcessInstantiationBuilderImpl.execute(ProcessInstantiationBuilderImpl.java:130)
		at org.camunda.bpm.engine.impl.RuntimeServiceImpl.startProcessInstanceById(RuntimeServiceImpl.java:155)
		at org.camunda.bpm.example.invoice.InvoiceApplicationHelper.startProcessInstances(InvoiceApplicationHelper.java:103)
		at org.camunda.bpm.example.invoice.InvoiceApplicationHelper.startFirstProcess(InvoiceApplicationHelper.java:50)
		at org.camunda.bpm.example.invoice.InvoiceProcessApplication.startFirstProcess(InvoiceProcessApplication.java:38)
		at java.base/jdk.internal.reflect.DirectMethodHandleAccessor.invoke(DirectMethodHandleAccessor.java:103)
		at java.base/java.lang.reflect.Method.invoke(Method.java:580)
		at org.camunda.bpm.container.impl.deployment.PostDeployInvocationStep.performOperationStep(PostDeployInvocationStep.java:68)
		at org.camunda.bpm.container.impl.spi.DeploymentOperation.execute(DeploymentOperation.java:120)
		at org.camunda.bpm.container.impl.jmx.MBeanServiceContainer.executeDeploymentOperation(MBeanServiceContainer.java:160)
		at org.camunda.bpm.container.impl.spi.DeploymentOperation$DeploymentOperationBuilder.execute(DeploymentOperation.java:216)
		at org.camunda.bpm.container.impl.RuntimeContainerDelegateImpl.deployProcessApplication(RuntimeContainerDelegateImpl.java:102)
		at org.camunda.bpm.application.AbstractProcessApplication.deploy(AbstractProcessApplication.java:71)
		at org.camunda.bpm.application.impl.JakartaServletProcessApplication.contextInitialized(JakartaServletProcessApplication.java:106)
		at org.apache.catalina.core.StandardContext.listenerStart(StandardContext.java:4047)
		at org.apache.catalina.core.StandardContext.startInternal(StandardContext.java:4477)
		at org.apache.catalina.util.LifecycleBase.start(LifecycleBase.java:164)
		at org.apache.catalina.core.ContainerBase.addChildInternal(ContainerBase.java:599)
		at org.apache.catalina.core.ContainerBase.addChild(ContainerBase.java:571)
		at org.apache.catalina.core.StandardHost.addChild(StandardHost.java:654)
		at org.apache.catalina.startup.HostConfig.deployDirectory(HostConfig.java:1130)
		at org.apache.catalina.startup.HostConfig$DeployDirectory.run(HostConfig.java:1933)
		at java.base/java.util.concurrent.Executors$RunnableAdapter.call(Executors.java:572)
		at java.base/java.util.concurrent.FutureTask.run(FutureTask.java:317)
		at org.apache.tomcat.util.threads.InlineExecutorService.execute(InlineExecutorService.java:75)
		at java.base/java.util.concurrent.AbstractExecutorService.submit(AbstractExecutorService.java:123)
		at org.apache.catalina.startup.HostConfig.deployDirectories(HostConfig.java:1041)
		at org.apache.catalina.startup.HostConfig.deployApps(HostConfig.java:425)
		at org.apache.catalina.startup.HostConfig.start(HostConfig.java:1629)
		at org.apache.catalina.startup.HostConfig.lifecycleEvent(HostConfig.java:303)
		at org.apache.catalina.util.LifecycleBase.fireLifecycleEvent(LifecycleBase.java:109)
		at org.apache.catalina.util.LifecycleBase.setStateInternal(LifecycleBase.java:389)
		at org.apache.catalina.util.LifecycleBase.setState(LifecycleBase.java:336)
		at org.apache.catalina.core.ContainerBase.startInternal(ContainerBase.java:776)
		at org.apache.catalina.core.StandardHost.startInternal(StandardHost.java:772)
		at org.apache.catalina.util.LifecycleBase.start(LifecycleBase.java:164)
		at org.apache.catalina.core.ContainerBase$StartChild.call(ContainerBase.java:1203)
		at org.apache.catalina.core.ContainerBase$StartChild.call(ContainerBase.java:1193)
		at java.base/java.util.concurrent.FutureTask.run(FutureTask.java:317)
		at org.apache.tomcat.util.threads.InlineExecutorService.execute(InlineExecutorService.java:75)
		at java.base/java.util.concurrent.AbstractExecutorService.submit(AbstractExecutorService.java:145)
		at org.apache.catalina.core.ContainerBase.startInternal(ContainerBase.java:749)
		at org.apache.catalina.core.StandardEngine.startInternal(StandardEngine.java:203)
		at org.apache.catalina.util.LifecycleBase.start(LifecycleBase.java:164)
		at org.apache.catalina.core.StandardService.startInternal(StandardService.java:415)
		at org.apache.catalina.util.LifecycleBase.start(LifecycleBase.java:164)
		at org.apache.catalina.core.StandardServer.startInternal(StandardServer.java:870)
		at org.apache.catalina.util.LifecycleBase.start(LifecycleBase.java:164)
		at org.apache.catalina.startup.Catalina.start(Catalina.java:761)
		at java.base/jdk.internal.reflect.DirectMethodHandleAccessor.invoke(DirectMethodHandleAccessor.java:103)
		at java.base/java.lang.reflect.Method.invoke(Method.java:580)
		at org.apache.catalina.startup.Bootstrap.start(Bootstrap.java:345)
		at org.apache.catalina.startup.Bootstrap.main(Bootstrap.java:473)
15-Mar-2025 17:31:55.802 SEVERE [main] org.apache.catalina.core.StandardContext.startInternal Un ou plusieurs écouteurs n'ont pas pu démarrer, les détails sont dans le fichier de log du conteneur
15-Mar-2025 17:31:55.802 SEVERE [main] org.apache.catalina.core.StandardContext.startInternal Erreur de démarrage du contexte [/camunda-invoice] suite aux erreurs précédentes
15-Mar-2025 17:31:55.807 WARNING [main] org.camunda.commons.logging.BaseLogger.logWarn ENGINE-07017 Calling undeploy() on process application that is not deployed.
15-Mar-2025 17:31:55.820 INFO [main] org.apache.catalina.startup.HostConfig.deployDirectory Le déploiement du répertoire [C:\Users\dell\Downloads\camunda-bpm-tomcat-7.23.0-alpha4\server\apache-tomcat-10.1.36\webapps\camunda-invoice] de l'application web s'est terminé en [8 202] ms
15-Mar-2025 17:31:55.821 INFO [main] org.apache.catalina.startup.HostConfig.deployDirectory Déploiement du répertoire d'application web [C:\Users\dell\Downloads\camunda-bpm-tomcat-7.23.0-alpha4\server\apache-tomcat-10.1.36\webapps\camunda-welcome]
15-Mar-2025 17:32:00.626 INFO [main] org.apache.jasper.servlet.TldScanner.scanJars Au moins un fichier JAR a été analysé pour trouver des TLDs mais il n'en contenait pas, le mode "debug" du journal peut être activé pour obtenir une liste complète de JAR scannés sans succès ; éviter d'analyser des JARs inutilement peut améliorer sensiblement le temps de démarrage et le temps de compilation des JSPs
15-Mar-2025 17:32:00.632 INFO [main] org.apache.catalina.startup.HostConfig.deployDirectory Le déploiement du répertoire [C:\Users\dell\Downloads\camunda-bpm-tomcat-7.23.0-alpha4\server\apache-tomcat-10.1.36\webapps\camunda-welcome] de l'application web s'est terminé en [4 810] ms
15-Mar-2025 17:32:00.633 INFO [main] org.apache.catalina.startup.HostConfig.deployDirectory Déploiement du répertoire d'application web [C:\Users\dell\Downloads\camunda-bpm-tomcat-7.23.0-alpha4\server\apache-tomcat-10.1.36\webapps\docs]
