20-Mar-2025 22:21:18.359 SEVERE [main] org.apache.catalina.core.StandardContext.listenerStart Exception lors de l'envoi de l'évènement contexte initialisé (context initialized) à l'instance de classe d'écoute (listener) [org.camunda.bpm.example.invoice.InvoiceProcessApplication]
	org.camunda.bpm.engine.ProcessEngineException: ENGINE-08043 Exception while performing 'Deployment of Process Application InvoiceProcessApplication' => 'Invoking @PostDeploy': ENGINE-08028 Exception while invoking @PostDeploy on Process Application InvoiceProcessApplication: null
		at org.camunda.bpm.container.impl.ContainerIntegrationLogger.exceptionWhilePerformingOperationStep(ContainerIntegrationLogger.java:316)
		at org.camunda.bpm.container.impl.spi.DeploymentOperation.execute(DeploymentOperation.java:136)
		at org.camunda.bpm.container.impl.jmx.MBeanServiceContainer.executeDeploymentOperation(MBeanServiceContainer.java:160)
		at org.camunda.bpm.container.impl.spi.DeploymentOperation$DeploymentOperationBuilder.execute(DeploymentOperation.java:216)
		at org.camunda.bpm.container.impl.RuntimeContainerDelegateImpl.deployProcessApplication(RuntimeContainerDelegateImpl.java:102)
		at org.camunda.bpm.application.AbstractProcessApplication.deploy(AbstractProcessApplication.java:71)
		at org.camunda.bpm.application.impl.JakartaServletProcessApplication.contextInitialized(JakartaServletProcessApplication.java:106)
		at org.apache.catalina.core.StandardContext.listenerStart(StandardContext.java:4047)
		at org.apache.catalina.core.StandardContext.startInternal(StandardContext.java:4477)
		at org.apache.catalina.util.LifecycleBase.start(LifecycleBase.java:164)
		at org.apache.catalina.core.ContainerBase.addChildInternal(ContainerBase.java:599)
		at org.apache.catalina.core.ContainerBase.addChild(ContainerBase.java:571)
		at org.apache.catalina.core.StandardHost.addChild(StandardHost.java:654)
		at org.apache.catalina.startup.HostConfig.deployDirectory(HostConfig.java:1130)
		at org.apache.catalina.startup.HostConfig$DeployDirectory.run(HostConfig.java:1933)
		at java.base/java.util.concurrent.Executors$RunnableAdapter.call(Executors.java:572)
		at java.base/java.util.concurrent.FutureTask.run(FutureTask.java:317)
		at org.apache.tomcat.util.threads.InlineExecutorService.execute(InlineExecutorService.java:75)
		at java.base/java.util.concurrent.AbstractExecutorService.submit(AbstractExecutorService.java:123)
		at org.apache.catalina.startup.HostConfig.deployDirectories(HostConfig.java:1041)
		at org.apache.catalina.startup.HostConfig.deployApps(HostConfig.java:425)
		at org.apache.catalina.startup.HostConfig.start(HostConfig.java:1629)
		at org.apache.catalina.startup.HostConfig.lifecycleEvent(HostConfig.java:303)
		at org.apache.catalina.util.LifecycleBase.fireLifecycleEvent(LifecycleBase.java:109)
		at org.apache.catalina.util.LifecycleBase.setStateInternal(LifecycleBase.java:389)
		at org.apache.catalina.util.LifecycleBase.setState(LifecycleBase.java:336)
		at org.apache.catalina.core.ContainerBase.startInternal(ContainerBase.java:776)
		at org.apache.catalina.core.StandardHost.startInternal(StandardHost.java:772)
		at org.apache.catalina.util.LifecycleBase.start(LifecycleBase.java:164)
		at org.apache.catalina.core.ContainerBase$StartChild.call(ContainerBase.java:1203)
		at org.apache.catalina.core.ContainerBase$StartChild.call(ContainerBase.java:1193)
		at java.base/java.util.concurrent.FutureTask.run(FutureTask.java:317)
		at org.apache.tomcat.util.threads.InlineExecutorService.execute(InlineExecutorService.java:75)
		at java.base/java.util.concurrent.AbstractExecutorService.submit(AbstractExecutorService.java:145)
		at org.apache.catalina.core.ContainerBase.startInternal(ContainerBase.java:749)
		at org.apache.catalina.core.StandardEngine.startInternal(StandardEngine.java:203)
		at org.apache.catalina.util.LifecycleBase.start(LifecycleBase.java:164)
		at org.apache.catalina.core.StandardService.startInternal(StandardService.java:415)
		at org.apache.catalina.util.LifecycleBase.start(LifecycleBase.java:164)
		at org.apache.catalina.core.StandardServer.startInternal(StandardServer.java:870)
		at org.apache.catalina.util.LifecycleBase.start(LifecycleBase.java:164)
		at org.apache.catalina.startup.Catalina.start(Catalina.java:761)
		at java.base/jdk.internal.reflect.DirectMethodHandleAccessor.invoke(DirectMethodHandleAccessor.java:103)
		at java.base/java.lang.reflect.Method.invoke(Method.java:580)
		at org.apache.catalina.startup.Bootstrap.start(Bootstrap.java:345)
		at org.apache.catalina.startup.Bootstrap.main(Bootstrap.java:473)
	Caused by: org.camunda.bpm.engine.ProcessEngineException: ENGINE-08028 Exception while invoking @PostDeploy on Process Application InvoiceProcessApplication: null
		at org.camunda.bpm.container.impl.ContainerIntegrationLogger.exceptionWhileInvokingPaLifecycleCallback(ContainerIntegrationLogger.java:218)
		at org.camunda.bpm.container.impl.deployment.PostDeployInvocationStep.performOperationStep(PostDeployInvocationStep.java:83)
		at org.camunda.bpm.container.impl.spi.DeploymentOperation.execute(DeploymentOperation.java:120)
		... 44 more
	Caused by: java.lang.reflect.InvocationTargetException
		at java.base/jdk.internal.reflect.DirectMethodHandleAccessor.invoke(DirectMethodHandleAccessor.java:118)
		at java.base/java.lang.reflect.Method.invoke(Method.java:580)
		at org.camunda.bpm.container.impl.deployment.PostDeployInvocationStep.performOperationStep(PostDeployInvocationStep.java:68)
		... 45 more
	Caused by: java.lang.NoSuchMethodError: 'void sun.misc.Unsafe.ensureClassInitialized(java.lang.Class)'
		at com.oracle.truffle.api.library.LibraryFactory.ensureLibraryInitialized(LibraryFactory.java:384)
		at com.oracle.truffle.api.library.LibraryFactory.getUncached(LibraryFactory.java:364)
		at com.oracle.truffle.api.library.LibraryFactory.<init>(LibraryFactory.java:210)
		at com.oracle.truffle.api.interop.InteropLibraryGen.<init>(InteropLibraryGen.java:170)
		at com.oracle.truffle.api.interop.InteropLibraryGen.<clinit>(InteropLibraryGen.java:161)
		at java.base/java.lang.Class.forName0(Native Method)
		at java.base/java.lang.Class.forName(Class.java:529)
		at java.base/java.lang.Class.forName(Class.java:508)
		at com.oracle.truffle.api.library.LibraryFactory.loadGeneratedClass(LibraryFactory.java:771)
		at com.oracle.truffle.api.library.LibraryFactory.resolveImpl(LibraryFactory.java:734)
		at com.oracle.truffle.api.library.LibraryFactory.resolve(LibraryFactory.java:727)
		at com.oracle.truffle.api.interop.InteropLibrary.<clinit>(InteropLibrary.java:2878)
		at com.oracle.truffle.polyglot.PolyglotValueDispatch.<clinit>(PolyglotValueDispatch.java:156)
		at com.oracle.truffle.polyglot.PolyglotImpl.initialize(PolyglotImpl.java:147)
		at org.graalvm.polyglot.impl.AbstractPolyglotImpl.setConstructors(AbstractPolyglotImpl.java:238)
		at org.graalvm.polyglot.Engine$1.loadAndValidateProviders(Engine.java:845)
		at org.graalvm.polyglot.Engine$1.run(Engine.java:818)
		at org.graalvm.polyglot.Engine$1.run(Engine.java:792)
		at java.base/java.security.AccessController.doPrivileged(AccessController.java:319)
		at org.graalvm.polyglot.Engine.initEngineImpl(Engine.java:792)
		at org.graalvm.polyglot.Engine.access$000(Engine.java:110)
		at org.graalvm.polyglot.Engine$ImplHolder.<clinit>(Engine.java:136)
		at org.graalvm.polyglot.Engine.getImpl(Engine.java:324)
		at org.graalvm.polyglot.HostAccess$Builder.targetTypeMapping(HostAccess.java:1071)
		at com.oracle.truffle.js.scriptengine.GraalJSScriptEngine.createNashornHostAccess(GraalJSScriptEngine.java:104)
		at com.oracle.truffle.js.scriptengine.GraalJSScriptEngine.<clinit>(GraalJSScriptEngine.java:99)
		at com.oracle.truffle.js.scriptengine.GraalJSEngineFactory.getScriptEngine(GraalJSEngineFactory.java:196)
		at com.oracle.truffle.js.scriptengine.GraalJSEngineFactory.getScriptEngine(GraalJSEngineFactory.java:58)
		at java.scripting/javax.script.ScriptEngineManager.lambda$getEngineBy$2(ScriptEngineManager.java:237)
		at java.base/java.util.stream.ReferencePipeline$3$1.accept(ReferencePipeline.java:212)
		at java.base/java.util.stream.StreamSpliterators$WrappingSpliterator.tryAdvance(StreamSpliterators.java:300)
		at java.base/java.util.stream.Streams$ConcatSpliterator.tryAdvance(Streams.java:723)
		at java.base/java.util.stream.ReferencePipeline.forEachWithCancel(ReferencePipeline.java:144)
		at java.base/java.util.stream.AbstractPipeline.copyIntoWithCancel(AbstractPipeline.java:574)
		at java.base/java.util.stream.AbstractPipeline.copyInto(AbstractPipeline.java:560)
		at java.base/java.util.stream.AbstractPipeline.wrapAndCopyInto(AbstractPipeline.java:546)
		at java.base/java.util.stream.FindOps$FindOp.evaluateSequential(FindOps.java:150)
		at java.base/java.util.stream.AbstractPipeline.evaluate(AbstractPipeline.java:265)
		at java.base/java.util.stream.ReferencePipeline.findFirst(ReferencePipeline.java:662)
		at java.scripting/javax.script.ScriptEngineManager.getEngineBy(ScriptEngineManager.java:246)
		at java.scripting/javax.script.ScriptEngineManager.getEngineByName(ScriptEngineManager.java:185)
		at org.camunda.bpm.engine.impl.scripting.engine.DefaultScriptEngineResolver.getJavaScriptScriptEngine(DefaultScriptEngineResolver.java:97)
		at org.camunda.bpm.engine.impl.scripting.engine.DefaultScriptEngineResolver.getScriptEngine(DefaultScriptEngineResolver.java:80)
		at org.camunda.bpm.engine.impl.scripting.engine.DefaultScriptEngineResolver.getScriptEngine(DefaultScriptEngineResolver.java:62)
		at org.camunda.bpm.application.impl.ProcessApplicationScriptEnvironment.getScriptEngineForName(ProcessApplicationScriptEnvironment.java:66)
		at org.camunda.bpm.application.AbstractProcessApplication.getScriptEngineForName(AbstractProcessApplication.java:210)
		at org.camunda.bpm.engine.impl.scripting.engine.ScriptingEngines.getPaScriptEngine(ScriptingEngines.java:130)
		at org.camunda.bpm.engine.impl.scripting.engine.ScriptingEngines.getScriptEngineForLanguage(ScriptingEngines.java:112)
		at org.camunda.bpm.engine.impl.scripting.env.ScriptingEnvironment.execute(ScriptingEnvironment.java:82)
		at org.camunda.bpm.engine.impl.delegate.ScriptInvocation.invoke(ScriptInvocation.java:47)
		at org.camunda.bpm.engine.impl.delegate.DelegateInvocation.proceed(DelegateInvocation.java:58)
		at org.camunda.bpm.engine.impl.delegate.DefaultDelegateInterceptor.handleInvocationInContext(DefaultDelegateInterceptor.java:92)
		at org.camunda.bpm.engine.impl.delegate.DefaultDelegateInterceptor.handleInvocation(DefaultDelegateInterceptor.java:63)
		at org.camunda.bpm.engine.impl.task.listener.ScriptTaskListener.notify(ScriptTaskListener.java:45)
		at org.camunda.bpm.engine.impl.task.delegate.TaskListenerInvocation.invoke(TaskListenerInvocation.java:45)
		at org.camunda.bpm.engine.impl.delegate.DelegateInvocation.proceed(DelegateInvocation.java:58)
		at org.camunda.bpm.engine.impl.delegate.DefaultDelegateInterceptor.handleInvocationInContext(DefaultDelegateInterceptor.java:92)
		at org.camunda.bpm.engine.impl.delegate.DefaultDelegateInterceptor.handleInvocation(DefaultDelegateInterceptor.java:63)
		at org.camunda.bpm.engine.impl.persistence.entity.TaskEntity.invokeListener(TaskEntity.java:1113)
		at org.camunda.bpm.engine.impl.persistence.entity.TaskEntity.invokeListener(TaskEntity.java:1093)
		at org.camunda.bpm.engine.impl.persistence.entity.TaskEntity.fireEvent(TaskEntity.java:1045)
		at org.camunda.bpm.engine.impl.persistence.entity.TaskEntity.transitionTo(TaskEntity.java:1190)
		at org.camunda.bpm.engine.impl.bpmn.behavior.UserTaskActivityBehavior.performExecution(UserTaskActivityBehavior.java:62)
		at org.camunda.bpm.engine.impl.bpmn.behavior.TaskActivityBehavior.execute(TaskActivityBehavior.java:69)
		at org.camunda.bpm.engine.impl.pvm.runtime.operation.PvmAtomicOperationActivityExecute$2.callback(PvmAtomicOperationActivityExecute.java:61)
		at org.camunda.bpm.engine.impl.pvm.runtime.operation.PvmAtomicOperationActivityExecute$2.callback(PvmAtomicOperationActivityExecute.java:50)
		at org.camunda.bpm.engine.impl.pvm.runtime.PvmExecutionImpl.continueIfExecutionDoesNotAffectNextOperation(PvmExecutionImpl.java:2109)
		at org.camunda.bpm.engine.impl.pvm.runtime.operation.PvmAtomicOperationActivityExecute.execute(PvmAtomicOperationActivityExecute.java:42)
		at org.camunda.bpm.engine.impl.pvm.runtime.operation.PvmAtomicOperationActivityExecute.execute(PvmAtomicOperationActivityExecute.java:31)
		at org.camunda.bpm.engine.impl.interceptor.AtomicOperationInvocation.execute(AtomicOperationInvocation.java:99)
		at org.camunda.bpm.engine.impl.interceptor.CommandInvocationContext.invokeNext(CommandInvocationContext.java:141)
		at org.camunda.bpm.engine.impl.interceptor.CommandInvocationContext.performNext(CommandInvocationContext.java:121)
		at org.camunda.bpm.engine.impl.interceptor.CommandInvocationContext.performOperation(CommandInvocationContext.java:96)
		at org.camunda.bpm.engine.impl.persistence.entity.ExecutionEntity.performOperation(ExecutionEntity.java:635)
		at org.camunda.bpm.engine.impl.persistence.entity.ExecutionEntity.performOperation(ExecutionEntity.java:609)
		at org.camunda.bpm.engine.impl.pvm.runtime.PvmExecutionImpl$6.callback(PvmExecutionImpl.java:2048)
		at org.camunda.bpm.engine.impl.pvm.runtime.PvmExecutionImpl$6.callback(PvmExecutionImpl.java:2045)
		at org.camunda.bpm.engine.impl.pvm.runtime.PvmExecutionImpl.continueExecutionIfNotCanceled(PvmExecutionImpl.java:2115)
		at org.camunda.bpm.engine.impl.pvm.runtime.PvmExecutionImpl.dispatchDelayedEventsAndPerformOperation(PvmExecutionImpl.java:2064)
		at org.camunda.bpm.engine.impl.pvm.runtime.PvmExecutionImpl.dispatchDelayedEventsAndPerformOperation(PvmExecutionImpl.java:2045)
		at org.camunda.bpm.engine.impl.pvm.runtime.operation.PvmAtomicOperationTransitionNotifyListenerStart.eventNotificationsCompleted(PvmAtomicOperationTransitionNotifyListenerStart.java:61)
		at org.camunda.bpm.engine.impl.pvm.runtime.operation.PvmAtomicOperationTransitionNotifyListenerStart.eventNotificationsCompleted(PvmAtomicOperationTransitionNotifyListenerStart.java:30)
		at org.camunda.bpm.engine.impl.core.operation.AbstractEventAtomicOperation.execute(AbstractEventAtomicOperation.java:70)
		at org.camunda.bpm.engine.impl.interceptor.AtomicOperationInvocation.execute(AtomicOperationInvocation.java:99)
		at org.camunda.bpm.engine.impl.interceptor.CommandInvocationContext.invokeNext(CommandInvocationContext.java:141)
		at org.camunda.bpm.engine.impl.interceptor.CommandInvocationContext.performNext(CommandInvocationContext.java:121)
		at org.camunda.bpm.engine.impl.interceptor.CommandInvocationContext.performOperation(CommandInvocationContext.java:96)
		at org.camunda.bpm.engine.impl.interceptor.CommandInvocationContext.performOperation(CommandInvocationContext.java:86)
		at org.camunda.bpm.engine.impl.persistence.entity.ExecutionEntity.performOperationSync(ExecutionEntity.java:644)
		at org.camunda.bpm.engine.impl.persistence.entity.ExecutionEntity.performOperationSync(ExecutionEntity.java:619)
		at org.camunda.bpm.engine.impl.core.operation.AbstractEventAtomicOperation.execute(AbstractEventAtomicOperation.java:66)
		at org.camunda.bpm.engine.impl.interceptor.AtomicOperationInvocation.execute(AtomicOperationInvocation.java:99)
		at org.camunda.bpm.engine.impl.interceptor.CommandInvocationContext.invokeNext(CommandInvocationContext.java:141)
		at org.camunda.bpm.engine.impl.interceptor.CommandInvocationContext.performNext(CommandInvocationContext.java:121)
		at org.camunda.bpm.engine.impl.interceptor.CommandInvocationContext.performOperation(CommandInvocationContext.java:96)
		at org.camunda.bpm.engine.impl.interceptor.CommandInvocationContext.performOperation(CommandInvocationContext.java:86)
		at org.camunda.bpm.engine.impl.persistence.entity.ExecutionEntity.performOperationSync(ExecutionEntity.java:644)
		at org.camunda.bpm.engine.impl.persistence.entity.ExecutionEntity.performOperationSync(ExecutionEntity.java:619)
		at org.camunda.bpm.engine.impl.core.operation.AbstractEventAtomicOperation.execute(AbstractEventAtomicOperation.java:66)
		at org.camunda.bpm.engine.impl.interceptor.AtomicOperationInvocation.execute(AtomicOperationInvocation.java:99)
		at org.camunda.bpm.engine.impl.interceptor.CommandInvocationContext.invokeNext(CommandInvocationContext.java:141)
		at org.camunda.bpm.engine.impl.interceptor.CommandInvocationContext.performNext(CommandInvocationContext.java:121)
		at org.camunda.bpm.engine.impl.interceptor.CommandInvocationContext.performOperation(CommandInvocationContext.java:96)
		at org.camunda.bpm.engine.impl.interceptor.CommandInvocationContext.performOperation(CommandInvocationContext.java:86)
		at org.camunda.bpm.engine.impl.persistence.entity.ExecutionEntity.performOperationSync(ExecutionEntity.java:644)
		at org.camunda.bpm.engine.impl.persistence.entity.ExecutionEntity.performOperationSync(ExecutionEntity.java:619)
		at org.camunda.bpm.engine.impl.core.operation.AbstractEventAtomicOperation.execute(AbstractEventAtomicOperation.java:66)
		at org.camunda.bpm.engine.impl.interceptor.AtomicOperationInvocation.execute(AtomicOperationInvocation.java:99)
		at org.camunda.bpm.engine.impl.interceptor.CommandInvocationContext.invokeNext(CommandInvocationContext.java:141)
		at org.camunda.bpm.engine.impl.interceptor.CommandInvocationContext.performNext(CommandInvocationContext.java:121)
		at org.camunda.bpm.engine.impl.interceptor.CommandInvocationContext.performOperation(CommandInvocationContext.java:96)
		at org.camunda.bpm.engine.impl.persistence.entity.ExecutionEntity.performOperation(ExecutionEntity.java:635)
		at org.camunda.bpm.engine.impl.persistence.entity.ExecutionEntity.performOperation(ExecutionEntity.java:609)
		at org.camunda.bpm.engine.impl.pvm.runtime.operation.PvmAtomicOperationTransitionCreateScope.scopeCreated(PvmAtomicOperationTransitionCreateScope.java:38)
		at org.camunda.bpm.engine.impl.pvm.runtime.operation.PvmAtomicOperationCreateScope.execute(PvmAtomicOperationCreateScope.java:53)
		at org.camunda.bpm.engine.impl.pvm.runtime.operation.PvmAtomicOperationCreateScope.execute(PvmAtomicOperationCreateScope.java:27)
		at org.camunda.bpm.engine.impl.interceptor.AtomicOperationInvocation.execute(AtomicOperationInvocation.java:99)
		at org.camunda.bpm.engine.impl.interceptor.CommandInvocationContext.invokeNext(CommandInvocationContext.java:141)
		at org.camunda.bpm.engine.impl.interceptor.CommandInvocationContext.performNext(CommandInvocationContext.java:128)
		at org.camunda.bpm.engine.impl.interceptor.CommandInvocationContext$1.call(CommandInvocationContext.java:112)
		at org.camunda.bpm.engine.impl.interceptor.CommandInvocationContext$1.call(CommandInvocationContext.java:110)
		at org.camunda.bpm.engine.impl.context.ProcessApplicationClassloaderInterceptor.call(ProcessApplicationClassloaderInterceptor.java:48)
		at org.camunda.bpm.application.AbstractProcessApplication.execute(AbstractProcessApplication.java:131)
		at org.camunda.bpm.application.AbstractProcessApplication.execute(AbstractProcessApplication.java:142)
		at org.camunda.bpm.engine.impl.context.Context.executeWithinProcessApplication(Context.java:208)
		at org.camunda.bpm.engine.impl.interceptor.CommandInvocationContext.performNext(CommandInvocationContext.java:110)
		at org.camunda.bpm.engine.impl.interceptor.CommandInvocationContext.performOperation(CommandInvocationContext.java:96)
		at org.camunda.bpm.engine.impl.persistence.entity.ExecutionEntity.performOperation(ExecutionEntity.java:635)
		at org.camunda.bpm.engine.impl.persistence.entity.ExecutionEntity.performOperation(ExecutionEntity.java:609)
		at org.camunda.bpm.engine.impl.pvm.runtime.PvmExecutionImpl.start(PvmExecutionImpl.java:294)
		at org.camunda.bpm.engine.impl.persistence.entity.ExecutionEntity.start(ExecutionEntity.java:460)
		at org.camunda.bpm.engine.impl.pvm.runtime.PvmExecutionImpl.start(PvmExecutionImpl.java:271)
		at org.camunda.bpm.engine.impl.cmd.StartProcessInstanceCmd.execute(StartProcessInstanceCmd.java:66)
		at org.camunda.bpm.engine.impl.cmd.StartProcessInstanceCmd.execute(StartProcessInstanceCmd.java:38)
		at org.camunda.bpm.engine.impl.interceptor.CommandExecutorImpl.execute(CommandExecutorImpl.java:28)
		at org.camunda.bpm.engine.impl.interceptor.CommandContextInterceptor.execute(CommandContextInterceptor.java:111)
		at org.camunda.bpm.engine.impl.interceptor.ProcessApplicationContextInterceptor.execute(ProcessApplicationContextInterceptor.java:70)
		at org.camunda.bpm.engine.impl.interceptor.CommandCounterInterceptor.execute(CommandCounterInterceptor.java:34)
		at org.camunda.bpm.engine.impl.interceptor.LogInterceptor.execute(LogInterceptor.java:33)
		at org.camunda.bpm.engine.impl.interceptor.ExceptionCodeInterceptor.execute(ExceptionCodeInterceptor.java:55)
		at org.camunda.bpm.engine.impl.ProcessInstantiationBuilderImpl.executeWithVariablesInReturn(ProcessInstantiationBuilderImpl.java:168)
		at org.camunda.bpm.engine.impl.ProcessInstantiationBuilderImpl.execute(ProcessInstantiationBuilderImpl.java:134)
		at org.camunda.bpm.engine.impl.ProcessInstantiationBuilderImpl.execute(ProcessInstantiationBuilderImpl.java:130)
		at org.camunda.bpm.engine.impl.RuntimeServiceImpl.startProcessInstanceById(RuntimeServiceImpl.java:155)
		at org.camunda.bpm.example.invoice.InvoiceApplicationHelper.startProcessInstances(InvoiceApplicationHelper.java:103)
		at org.camunda.bpm.example.invoice.InvoiceApplicationHelper.startFirstProcess(InvoiceApplicationHelper.java:50)
		at org.camunda.bpm.example.invoice.InvoiceProcessApplication.startFirstProcess(InvoiceProcessApplication.java:38)
		at java.base/jdk.internal.reflect.DirectMethodHandleAccessor.invoke(DirectMethodHandleAccessor.java:103)
		... 47 more
20-Mar-2025 22:22:14.672 INFO [main] org.apache.catalina.core.ApplicationContext.log ContextListener: contextInitialized()
20-Mar-2025 22:22:14.673 INFO [main] org.apache.catalina.core.ApplicationContext.log SessionListener: contextInitialized()
20-Mar-2025 22:22:14.685 INFO [main] org.apache.catalina.core.ApplicationContext.log ContextListener: attributeAdded('StockTicker', 'async.Stockticker@27cd8dbe')
20-Mar-2025 22:26:44.943 SEVERE [main] org.apache.catalina.core.StandardContext.listenerStart Exception lors de l'envoi de l'évènement contexte initialisé (context initialized) à l'instance de classe d'écoute (listener) [org.camunda.bpm.example.invoice.InvoiceProcessApplication]
	org.camunda.bpm.engine.ProcessEngineException: ENGINE-08043 Exception while performing 'Deployment of Process Application InvoiceProcessApplication' => 'Invoking @PostDeploy': ENGINE-08028 Exception while invoking @PostDeploy on Process Application InvoiceProcessApplication: null
		at org.camunda.bpm.container.impl.ContainerIntegrationLogger.exceptionWhilePerformingOperationStep(ContainerIntegrationLogger.java:316)
		at org.camunda.bpm.container.impl.spi.DeploymentOperation.execute(DeploymentOperation.java:136)
		at org.camunda.bpm.container.impl.jmx.MBeanServiceContainer.executeDeploymentOperation(MBeanServiceContainer.java:160)
		at org.camunda.bpm.container.impl.spi.DeploymentOperation$DeploymentOperationBuilder.execute(DeploymentOperation.java:216)
		at org.camunda.bpm.container.impl.RuntimeContainerDelegateImpl.deployProcessApplication(RuntimeContainerDelegateImpl.java:102)
		at org.camunda.bpm.application.AbstractProcessApplication.deploy(AbstractProcessApplication.java:71)
		at org.camunda.bpm.application.impl.JakartaServletProcessApplication.contextInitialized(JakartaServletProcessApplication.java:106)
		at org.apache.catalina.core.StandardContext.listenerStart(StandardContext.java:4047)
		at org.apache.catalina.core.StandardContext.startInternal(StandardContext.java:4477)
		at org.apache.catalina.util.LifecycleBase.start(LifecycleBase.java:164)
		at org.apache.catalina.core.ContainerBase.addChildInternal(ContainerBase.java:599)
		at org.apache.catalina.core.ContainerBase.addChild(ContainerBase.java:571)
		at org.apache.catalina.core.StandardHost.addChild(StandardHost.java:654)
		at org.apache.catalina.startup.HostConfig.deployDirectory(HostConfig.java:1130)
		at org.apache.catalina.startup.HostConfig$DeployDirectory.run(HostConfig.java:1933)
		at java.base/java.util.concurrent.Executors$RunnableAdapter.call(Executors.java:572)
		at java.base/java.util.concurrent.FutureTask.run(FutureTask.java:317)
		at org.apache.tomcat.util.threads.InlineExecutorService.execute(InlineExecutorService.java:75)
		at java.base/java.util.concurrent.AbstractExecutorService.submit(AbstractExecutorService.java:123)
		at org.apache.catalina.startup.HostConfig.deployDirectories(HostConfig.java:1041)
		at org.apache.catalina.startup.HostConfig.deployApps(HostConfig.java:425)
		at org.apache.catalina.startup.HostConfig.start(HostConfig.java:1629)
		at org.apache.catalina.startup.HostConfig.lifecycleEvent(HostConfig.java:303)
		at org.apache.catalina.util.LifecycleBase.fireLifecycleEvent(LifecycleBase.java:109)
		at org.apache.catalina.util.LifecycleBase.setStateInternal(LifecycleBase.java:389)
		at org.apache.catalina.util.LifecycleBase.setState(LifecycleBase.java:336)
		at org.apache.catalina.core.ContainerBase.startInternal(ContainerBase.java:776)
		at org.apache.catalina.core.StandardHost.startInternal(StandardHost.java:772)
		at org.apache.catalina.util.LifecycleBase.start(LifecycleBase.java:164)
		at org.apache.catalina.core.ContainerBase$StartChild.call(ContainerBase.java:1203)
		at org.apache.catalina.core.ContainerBase$StartChild.call(ContainerBase.java:1193)
		at java.base/java.util.concurrent.FutureTask.run(FutureTask.java:317)
		at org.apache.tomcat.util.threads.InlineExecutorService.execute(InlineExecutorService.java:75)
		at java.base/java.util.concurrent.AbstractExecutorService.submit(AbstractExecutorService.java:145)
		at org.apache.catalina.core.ContainerBase.startInternal(ContainerBase.java:749)
		at org.apache.catalina.core.StandardEngine.startInternal(StandardEngine.java:203)
		at org.apache.catalina.util.LifecycleBase.start(LifecycleBase.java:164)
		at org.apache.catalina.core.StandardService.startInternal(StandardService.java:415)
		at org.apache.catalina.util.LifecycleBase.start(LifecycleBase.java:164)
		at org.apache.catalina.core.StandardServer.startInternal(StandardServer.java:870)
		at org.apache.catalina.util.LifecycleBase.start(LifecycleBase.java:164)
		at org.apache.catalina.startup.Catalina.start(Catalina.java:761)
		at java.base/jdk.internal.reflect.DirectMethodHandleAccessor.invoke(DirectMethodHandleAccessor.java:103)
		at java.base/java.lang.reflect.Method.invoke(Method.java:580)
		at org.apache.catalina.startup.Bootstrap.start(Bootstrap.java:345)
		at org.apache.catalina.startup.Bootstrap.main(Bootstrap.java:473)
	Caused by: org.camunda.bpm.engine.ProcessEngineException: ENGINE-08028 Exception while invoking @PostDeploy on Process Application InvoiceProcessApplication: null
		at org.camunda.bpm.container.impl.ContainerIntegrationLogger.exceptionWhileInvokingPaLifecycleCallback(ContainerIntegrationLogger.java:218)
		at org.camunda.bpm.container.impl.deployment.PostDeployInvocationStep.performOperationStep(PostDeployInvocationStep.java:83)
		at org.camunda.bpm.container.impl.spi.DeploymentOperation.execute(DeploymentOperation.java:120)
		... 44 more
	Caused by: java.lang.reflect.InvocationTargetException
		at java.base/jdk.internal.reflect.DirectMethodHandleAccessor.invoke(DirectMethodHandleAccessor.java:118)
		at java.base/java.lang.reflect.Method.invoke(Method.java:580)
		at org.camunda.bpm.container.impl.deployment.PostDeployInvocationStep.performOperationStep(PostDeployInvocationStep.java:68)
		... 45 more
	Caused by: java.lang.NoSuchMethodError: 'void sun.misc.Unsafe.ensureClassInitialized(java.lang.Class)'
		at com.oracle.truffle.api.library.LibraryFactory.ensureLibraryInitialized(LibraryFactory.java:384)
		at com.oracle.truffle.api.library.LibraryFactory.getUncached(LibraryFactory.java:364)
		at com.oracle.truffle.api.library.LibraryFactory.<init>(LibraryFactory.java:210)
		at com.oracle.truffle.api.interop.InteropLibraryGen.<init>(InteropLibraryGen.java:170)
		at com.oracle.truffle.api.interop.InteropLibraryGen.<clinit>(InteropLibraryGen.java:161)
		at java.base/java.lang.Class.forName0(Native Method)
		at java.base/java.lang.Class.forName(Class.java:529)
		at java.base/java.lang.Class.forName(Class.java:508)
		at com.oracle.truffle.api.library.LibraryFactory.loadGeneratedClass(LibraryFactory.java:771)
		at com.oracle.truffle.api.library.LibraryFactory.resolveImpl(LibraryFactory.java:734)
		at com.oracle.truffle.api.library.LibraryFactory.resolve(LibraryFactory.java:727)
		at com.oracle.truffle.api.interop.InteropLibrary.<clinit>(InteropLibrary.java:2878)
		at com.oracle.truffle.polyglot.PolyglotValueDispatch.<clinit>(PolyglotValueDispatch.java:156)
		at com.oracle.truffle.polyglot.PolyglotImpl.initialize(PolyglotImpl.java:147)
		at org.graalvm.polyglot.impl.AbstractPolyglotImpl.setConstructors(AbstractPolyglotImpl.java:238)
		at org.graalvm.polyglot.Engine$1.loadAndValidateProviders(Engine.java:845)
		at org.graalvm.polyglot.Engine$1.run(Engine.java:818)
		at org.graalvm.polyglot.Engine$1.run(Engine.java:792)
		at java.base/java.security.AccessController.doPrivileged(AccessController.java:319)
		at org.graalvm.polyglot.Engine.initEngineImpl(Engine.java:792)
		at org.graalvm.polyglot.Engine.access$000(Engine.java:110)
		at org.graalvm.polyglot.Engine$ImplHolder.<clinit>(Engine.java:136)
		at org.graalvm.polyglot.Engine.getImpl(Engine.java:324)
		at org.graalvm.polyglot.HostAccess$Builder.targetTypeMapping(HostAccess.java:1071)
		at com.oracle.truffle.js.scriptengine.GraalJSScriptEngine.createNashornHostAccess(GraalJSScriptEngine.java:104)
		at com.oracle.truffle.js.scriptengine.GraalJSScriptEngine.<clinit>(GraalJSScriptEngine.java:99)
		at com.oracle.truffle.js.scriptengine.GraalJSEngineFactory.getScriptEngine(GraalJSEngineFactory.java:196)
		at com.oracle.truffle.js.scriptengine.GraalJSEngineFactory.getScriptEngine(GraalJSEngineFactory.java:58)
		at java.scripting/javax.script.ScriptEngineManager.lambda$getEngineBy$2(ScriptEngineManager.java:237)
		at java.base/java.util.stream.ReferencePipeline$3$1.accept(ReferencePipeline.java:212)
		at java.base/java.util.stream.StreamSpliterators$WrappingSpliterator.tryAdvance(StreamSpliterators.java:300)
		at java.base/java.util.stream.Streams$ConcatSpliterator.tryAdvance(Streams.java:723)
		at java.base/java.util.stream.ReferencePipeline.forEachWithCancel(ReferencePipeline.java:144)
		at java.base/java.util.stream.AbstractPipeline.copyIntoWithCancel(AbstractPipeline.java:574)
		at java.base/java.util.stream.AbstractPipeline.copyInto(AbstractPipeline.java:560)
		at java.base/java.util.stream.AbstractPipeline.wrapAndCopyInto(AbstractPipeline.java:546)
		at java.base/java.util.stream.FindOps$FindOp.evaluateSequential(FindOps.java:150)
		at java.base/java.util.stream.AbstractPipeline.evaluate(AbstractPipeline.java:265)
		at java.base/java.util.stream.ReferencePipeline.findFirst(ReferencePipeline.java:662)
		at java.scripting/javax.script.ScriptEngineManager.getEngineBy(ScriptEngineManager.java:246)
		at java.scripting/javax.script.ScriptEngineManager.getEngineByName(ScriptEngineManager.java:185)
		at org.camunda.bpm.engine.impl.scripting.engine.DefaultScriptEngineResolver.getJavaScriptScriptEngine(DefaultScriptEngineResolver.java:97)
		at org.camunda.bpm.engine.impl.scripting.engine.DefaultScriptEngineResolver.getScriptEngine(DefaultScriptEngineResolver.java:80)
		at org.camunda.bpm.engine.impl.scripting.engine.DefaultScriptEngineResolver.getScriptEngine(DefaultScriptEngineResolver.java:62)
		at org.camunda.bpm.application.impl.ProcessApplicationScriptEnvironment.getScriptEngineForName(ProcessApplicationScriptEnvironment.java:66)
		at org.camunda.bpm.application.AbstractProcessApplication.getScriptEngineForName(AbstractProcessApplication.java:210)
		at org.camunda.bpm.engine.impl.scripting.engine.ScriptingEngines.getPaScriptEngine(ScriptingEngines.java:130)
		at org.camunda.bpm.engine.impl.scripting.engine.ScriptingEngines.getScriptEngineForLanguage(ScriptingEngines.java:112)
		at org.camunda.bpm.engine.impl.scripting.env.ScriptingEnvironment.execute(ScriptingEnvironment.java:82)
		at org.camunda.bpm.engine.impl.delegate.ScriptInvocation.invoke(ScriptInvocation.java:47)
		at org.camunda.bpm.engine.impl.delegate.DelegateInvocation.proceed(DelegateInvocation.java:58)
		at org.camunda.bpm.engine.impl.delegate.DefaultDelegateInterceptor.handleInvocationInContext(DefaultDelegateInterceptor.java:92)
		at org.camunda.bpm.engine.impl.delegate.DefaultDelegateInterceptor.handleInvocation(DefaultDelegateInterceptor.java:63)
		at org.camunda.bpm.engine.impl.task.listener.ScriptTaskListener.notify(ScriptTaskListener.java:45)
		at org.camunda.bpm.engine.impl.task.delegate.TaskListenerInvocation.invoke(TaskListenerInvocation.java:45)
		at org.camunda.bpm.engine.impl.delegate.DelegateInvocation.proceed(DelegateInvocation.java:58)
		at org.camunda.bpm.engine.impl.delegate.DefaultDelegateInterceptor.handleInvocationInContext(DefaultDelegateInterceptor.java:92)
		at org.camunda.bpm.engine.impl.delegate.DefaultDelegateInterceptor.handleInvocation(DefaultDelegateInterceptor.java:63)
		at org.camunda.bpm.engine.impl.persistence.entity.TaskEntity.invokeListener(TaskEntity.java:1113)
		at org.camunda.bpm.engine.impl.persistence.entity.TaskEntity.invokeListener(TaskEntity.java:1093)
		at org.camunda.bpm.engine.impl.persistence.entity.TaskEntity.fireEvent(TaskEntity.java:1045)
		at org.camunda.bpm.engine.impl.persistence.entity.TaskEntity.transitionTo(TaskEntity.java:1190)
		at org.camunda.bpm.engine.impl.bpmn.behavior.UserTaskActivityBehavior.performExecution(UserTaskActivityBehavior.java:62)
		at org.camunda.bpm.engine.impl.bpmn.behavior.TaskActivityBehavior.execute(TaskActivityBehavior.java:69)
		at org.camunda.bpm.engine.impl.pvm.runtime.operation.PvmAtomicOperationActivityExecute$2.callback(PvmAtomicOperationActivityExecute.java:61)
		at org.camunda.bpm.engine.impl.pvm.runtime.operation.PvmAtomicOperationActivityExecute$2.callback(PvmAtomicOperationActivityExecute.java:50)
		at org.camunda.bpm.engine.impl.pvm.runtime.PvmExecutionImpl.continueIfExecutionDoesNotAffectNextOperation(PvmExecutionImpl.java:2109)
		at org.camunda.bpm.engine.impl.pvm.runtime.operation.PvmAtomicOperationActivityExecute.execute(PvmAtomicOperationActivityExecute.java:42)
		at org.camunda.bpm.engine.impl.pvm.runtime.operation.PvmAtomicOperationActivityExecute.execute(PvmAtomicOperationActivityExecute.java:31)
		at org.camunda.bpm.engine.impl.interceptor.AtomicOperationInvocation.execute(AtomicOperationInvocation.java:99)
		at org.camunda.bpm.engine.impl.interceptor.CommandInvocationContext.invokeNext(CommandInvocationContext.java:141)
		at org.camunda.bpm.engine.impl.interceptor.CommandInvocationContext.performNext(CommandInvocationContext.java:121)
		at org.camunda.bpm.engine.impl.interceptor.CommandInvocationContext.performOperation(CommandInvocationContext.java:96)
		at org.camunda.bpm.engine.impl.persistence.entity.ExecutionEntity.performOperation(ExecutionEntity.java:635)
		at org.camunda.bpm.engine.impl.persistence.entity.ExecutionEntity.performOperation(ExecutionEntity.java:609)
		at org.camunda.bpm.engine.impl.pvm.runtime.PvmExecutionImpl$6.callback(PvmExecutionImpl.java:2048)
		at org.camunda.bpm.engine.impl.pvm.runtime.PvmExecutionImpl$6.callback(PvmExecutionImpl.java:2045)
		at org.camunda.bpm.engine.impl.pvm.runtime.PvmExecutionImpl.continueExecutionIfNotCanceled(PvmExecutionImpl.java:2115)
		at org.camunda.bpm.engine.impl.pvm.runtime.PvmExecutionImpl.dispatchDelayedEventsAndPerformOperation(PvmExecutionImpl.java:2064)
		at org.camunda.bpm.engine.impl.pvm.runtime.PvmExecutionImpl.dispatchDelayedEventsAndPerformOperation(PvmExecutionImpl.java:2045)
		at org.camunda.bpm.engine.impl.pvm.runtime.operation.PvmAtomicOperationTransitionNotifyListenerStart.eventNotificationsCompleted(PvmAtomicOperationTransitionNotifyListenerStart.java:61)
		at org.camunda.bpm.engine.impl.pvm.runtime.operation.PvmAtomicOperationTransitionNotifyListenerStart.eventNotificationsCompleted(PvmAtomicOperationTransitionNotifyListenerStart.java:30)
		at org.camunda.bpm.engine.impl.core.operation.AbstractEventAtomicOperation.execute(AbstractEventAtomicOperation.java:70)
		at org.camunda.bpm.engine.impl.interceptor.AtomicOperationInvocation.execute(AtomicOperationInvocation.java:99)
		at org.camunda.bpm.engine.impl.interceptor.CommandInvocationContext.invokeNext(CommandInvocationContext.java:141)
		at org.camunda.bpm.engine.impl.interceptor.CommandInvocationContext.performNext(CommandInvocationContext.java:121)
		at org.camunda.bpm.engine.impl.interceptor.CommandInvocationContext.performOperation(CommandInvocationContext.java:96)
		at org.camunda.bpm.engine.impl.interceptor.CommandInvocationContext.performOperation(CommandInvocationContext.java:86)
		at org.camunda.bpm.engine.impl.persistence.entity.ExecutionEntity.performOperationSync(ExecutionEntity.java:644)
		at org.camunda.bpm.engine.impl.persistence.entity.ExecutionEntity.performOperationSync(ExecutionEntity.java:619)
		at org.camunda.bpm.engine.impl.core.operation.AbstractEventAtomicOperation.execute(AbstractEventAtomicOperation.java:66)
		at org.camunda.bpm.engine.impl.interceptor.AtomicOperationInvocation.execute(AtomicOperationInvocation.java:99)
		at org.camunda.bpm.engine.impl.interceptor.CommandInvocationContext.invokeNext(CommandInvocationContext.java:141)
		at org.camunda.bpm.engine.impl.interceptor.CommandInvocationContext.performNext(CommandInvocationContext.java:121)
		at org.camunda.bpm.engine.impl.interceptor.CommandInvocationContext.performOperation(CommandInvocationContext.java:96)
		at org.camunda.bpm.engine.impl.interceptor.CommandInvocationContext.performOperation(CommandInvocationContext.java:86)
		at org.camunda.bpm.engine.impl.persistence.entity.ExecutionEntity.performOperationSync(ExecutionEntity.java:644)
		at org.camunda.bpm.engine.impl.persistence.entity.ExecutionEntity.performOperationSync(ExecutionEntity.java:619)
		at org.camunda.bpm.engine.impl.core.operation.AbstractEventAtomicOperation.execute(AbstractEventAtomicOperation.java:66)
		at org.camunda.bpm.engine.impl.interceptor.AtomicOperationInvocation.execute(AtomicOperationInvocation.java:99)
		at org.camunda.bpm.engine.impl.interceptor.CommandInvocationContext.invokeNext(CommandInvocationContext.java:141)
		at org.camunda.bpm.engine.impl.interceptor.CommandInvocationContext.performNext(CommandInvocationContext.java:121)
		at org.camunda.bpm.engine.impl.interceptor.CommandInvocationContext.performOperation(CommandInvocationContext.java:96)
		at org.camunda.bpm.engine.impl.interceptor.CommandInvocationContext.performOperation(CommandInvocationContext.java:86)
		at org.camunda.bpm.engine.impl.persistence.entity.ExecutionEntity.performOperationSync(ExecutionEntity.java:644)
		at org.camunda.bpm.engine.impl.persistence.entity.ExecutionEntity.performOperationSync(ExecutionEntity.java:619)
		at org.camunda.bpm.engine.impl.core.operation.AbstractEventAtomicOperation.execute(AbstractEventAtomicOperation.java:66)
		at org.camunda.bpm.engine.impl.interceptor.AtomicOperationInvocation.execute(AtomicOperationInvocation.java:99)
		at org.camunda.bpm.engine.impl.interceptor.CommandInvocationContext.invokeNext(CommandInvocationContext.java:141)
		at org.camunda.bpm.engine.impl.interceptor.CommandInvocationContext.performNext(CommandInvocationContext.java:121)
		at org.camunda.bpm.engine.impl.interceptor.CommandInvocationContext.performOperation(CommandInvocationContext.java:96)
		at org.camunda.bpm.engine.impl.persistence.entity.ExecutionEntity.performOperation(ExecutionEntity.java:635)
		at org.camunda.bpm.engine.impl.persistence.entity.ExecutionEntity.performOperation(ExecutionEntity.java:609)
		at org.camunda.bpm.engine.impl.pvm.runtime.operation.PvmAtomicOperationTransitionCreateScope.scopeCreated(PvmAtomicOperationTransitionCreateScope.java:38)
		at org.camunda.bpm.engine.impl.pvm.runtime.operation.PvmAtomicOperationCreateScope.execute(PvmAtomicOperationCreateScope.java:53)
		at org.camunda.bpm.engine.impl.pvm.runtime.operation.PvmAtomicOperationCreateScope.execute(PvmAtomicOperationCreateScope.java:27)
		at org.camunda.bpm.engine.impl.interceptor.AtomicOperationInvocation.execute(AtomicOperationInvocation.java:99)
		at org.camunda.bpm.engine.impl.interceptor.CommandInvocationContext.invokeNext(CommandInvocationContext.java:141)
		at org.camunda.bpm.engine.impl.interceptor.CommandInvocationContext.performNext(CommandInvocationContext.java:128)
		at org.camunda.bpm.engine.impl.interceptor.CommandInvocationContext$1.call(CommandInvocationContext.java:112)
		at org.camunda.bpm.engine.impl.interceptor.CommandInvocationContext$1.call(CommandInvocationContext.java:110)
		at org.camunda.bpm.engine.impl.context.ProcessApplicationClassloaderInterceptor.call(ProcessApplicationClassloaderInterceptor.java:48)
		at org.camunda.bpm.application.AbstractProcessApplication.execute(AbstractProcessApplication.java:131)
		at org.camunda.bpm.application.AbstractProcessApplication.execute(AbstractProcessApplication.java:142)
		at org.camunda.bpm.engine.impl.context.Context.executeWithinProcessApplication(Context.java:208)
		at org.camunda.bpm.engine.impl.interceptor.CommandInvocationContext.performNext(CommandInvocationContext.java:110)
		at org.camunda.bpm.engine.impl.interceptor.CommandInvocationContext.performOperation(CommandInvocationContext.java:96)
		at org.camunda.bpm.engine.impl.persistence.entity.ExecutionEntity.performOperation(ExecutionEntity.java:635)
		at org.camunda.bpm.engine.impl.persistence.entity.ExecutionEntity.performOperation(ExecutionEntity.java:609)
		at org.camunda.bpm.engine.impl.pvm.runtime.PvmExecutionImpl.start(PvmExecutionImpl.java:294)
		at org.camunda.bpm.engine.impl.persistence.entity.ExecutionEntity.start(ExecutionEntity.java:460)
		at org.camunda.bpm.engine.impl.pvm.runtime.PvmExecutionImpl.start(PvmExecutionImpl.java:271)
		at org.camunda.bpm.engine.impl.cmd.StartProcessInstanceCmd.execute(StartProcessInstanceCmd.java:66)
		at org.camunda.bpm.engine.impl.cmd.StartProcessInstanceCmd.execute(StartProcessInstanceCmd.java:38)
		at org.camunda.bpm.engine.impl.interceptor.CommandExecutorImpl.execute(CommandExecutorImpl.java:28)
		at org.camunda.bpm.engine.impl.interceptor.CommandContextInterceptor.execute(CommandContextInterceptor.java:111)
		at org.camunda.bpm.engine.impl.interceptor.ProcessApplicationContextInterceptor.execute(ProcessApplicationContextInterceptor.java:70)
		at org.camunda.bpm.engine.impl.interceptor.CommandCounterInterceptor.execute(CommandCounterInterceptor.java:34)
		at org.camunda.bpm.engine.impl.interceptor.LogInterceptor.execute(LogInterceptor.java:33)
		at org.camunda.bpm.engine.impl.interceptor.ExceptionCodeInterceptor.execute(ExceptionCodeInterceptor.java:55)
		at org.camunda.bpm.engine.impl.ProcessInstantiationBuilderImpl.executeWithVariablesInReturn(ProcessInstantiationBuilderImpl.java:168)
		at org.camunda.bpm.engine.impl.ProcessInstantiationBuilderImpl.execute(ProcessInstantiationBuilderImpl.java:134)
		at org.camunda.bpm.engine.impl.ProcessInstantiationBuilderImpl.execute(ProcessInstantiationBuilderImpl.java:130)
		at org.camunda.bpm.engine.impl.RuntimeServiceImpl.startProcessInstanceById(RuntimeServiceImpl.java:155)
		at org.camunda.bpm.example.invoice.InvoiceApplicationHelper.startProcessInstances(InvoiceApplicationHelper.java:103)
		at org.camunda.bpm.example.invoice.InvoiceApplicationHelper.startFirstProcess(InvoiceApplicationHelper.java:50)
		at org.camunda.bpm.example.invoice.InvoiceProcessApplication.startFirstProcess(InvoiceProcessApplication.java:38)
		at java.base/jdk.internal.reflect.DirectMethodHandleAccessor.invoke(DirectMethodHandleAccessor.java:103)
		... 47 more
20-Mar-2025 22:27:07.640 INFO [main] org.apache.catalina.core.ApplicationContext.log ContextListener: contextInitialized()
20-Mar-2025 22:27:07.640 INFO [main] org.apache.catalina.core.ApplicationContext.log SessionListener: contextInitialized()
20-Mar-2025 22:27:07.643 INFO [main] org.apache.catalina.core.ApplicationContext.log ContextListener: attributeAdded('StockTicker', 'async.Stockticker@40645dfa')
20-Mar-2025 22:41:58.658 SEVERE [main] org.apache.catalina.core.StandardContext.listenerStart Exception lors de l'envoi de l'évènement contexte initialisé (context initialized) à l'instance de classe d'écoute (listener) [org.camunda.bpm.example.invoice.InvoiceProcessApplication]
	org.camunda.bpm.engine.ProcessEngineException: ENGINE-08043 Exception while performing 'Deployment of Process Application InvoiceProcessApplication' => 'Invoking @PostDeploy': ENGINE-08028 Exception while invoking @PostDeploy on Process Application InvoiceProcessApplication: null
		at org.camunda.bpm.container.impl.ContainerIntegrationLogger.exceptionWhilePerformingOperationStep(ContainerIntegrationLogger.java:316)
		at org.camunda.bpm.container.impl.spi.DeploymentOperation.execute(DeploymentOperation.java:136)
		at org.camunda.bpm.container.impl.jmx.MBeanServiceContainer.executeDeploymentOperation(MBeanServiceContainer.java:160)
		at org.camunda.bpm.container.impl.spi.DeploymentOperation$DeploymentOperationBuilder.execute(DeploymentOperation.java:216)
		at org.camunda.bpm.container.impl.RuntimeContainerDelegateImpl.deployProcessApplication(RuntimeContainerDelegateImpl.java:102)
		at org.camunda.bpm.application.AbstractProcessApplication.deploy(AbstractProcessApplication.java:71)
		at org.camunda.bpm.application.impl.JakartaServletProcessApplication.contextInitialized(JakartaServletProcessApplication.java:106)
		at org.apache.catalina.core.StandardContext.listenerStart(StandardContext.java:4047)
		at org.apache.catalina.core.StandardContext.startInternal(StandardContext.java:4477)
		at org.apache.catalina.util.LifecycleBase.start(LifecycleBase.java:164)
		at org.apache.catalina.core.ContainerBase.addChildInternal(ContainerBase.java:599)
		at org.apache.catalina.core.ContainerBase.addChild(ContainerBase.java:571)
		at org.apache.catalina.core.StandardHost.addChild(StandardHost.java:654)
		at org.apache.catalina.startup.HostConfig.deployDirectory(HostConfig.java:1130)
		at org.apache.catalina.startup.HostConfig$DeployDirectory.run(HostConfig.java:1933)
		at java.base/java.util.concurrent.Executors$RunnableAdapter.call(Executors.java:572)
		at java.base/java.util.concurrent.FutureTask.run(FutureTask.java:317)
		at org.apache.tomcat.util.threads.InlineExecutorService.execute(InlineExecutorService.java:75)
		at java.base/java.util.concurrent.AbstractExecutorService.submit(AbstractExecutorService.java:123)
		at org.apache.catalina.startup.HostConfig.deployDirectories(HostConfig.java:1041)
		at org.apache.catalina.startup.HostConfig.deployApps(HostConfig.java:425)
		at org.apache.catalina.startup.HostConfig.start(HostConfig.java:1629)
		at org.apache.catalina.startup.HostConfig.lifecycleEvent(HostConfig.java:303)
		at org.apache.catalina.util.LifecycleBase.fireLifecycleEvent(LifecycleBase.java:109)
		at org.apache.catalina.util.LifecycleBase.setStateInternal(LifecycleBase.java:389)
		at org.apache.catalina.util.LifecycleBase.setState(LifecycleBase.java:336)
		at org.apache.catalina.core.ContainerBase.startInternal(ContainerBase.java:776)
		at org.apache.catalina.core.StandardHost.startInternal(StandardHost.java:772)
		at org.apache.catalina.util.LifecycleBase.start(LifecycleBase.java:164)
		at org.apache.catalina.core.ContainerBase$StartChild.call(ContainerBase.java:1203)
		at org.apache.catalina.core.ContainerBase$StartChild.call(ContainerBase.java:1193)
		at java.base/java.util.concurrent.FutureTask.run(FutureTask.java:317)
		at org.apache.tomcat.util.threads.InlineExecutorService.execute(InlineExecutorService.java:75)
		at java.base/java.util.concurrent.AbstractExecutorService.submit(AbstractExecutorService.java:145)
		at org.apache.catalina.core.ContainerBase.startInternal(ContainerBase.java:749)
		at org.apache.catalina.core.StandardEngine.startInternal(StandardEngine.java:203)
		at org.apache.catalina.util.LifecycleBase.start(LifecycleBase.java:164)
		at org.apache.catalina.core.StandardService.startInternal(StandardService.java:415)
		at org.apache.catalina.util.LifecycleBase.start(LifecycleBase.java:164)
		at org.apache.catalina.core.StandardServer.startInternal(StandardServer.java:870)
		at org.apache.catalina.util.LifecycleBase.start(LifecycleBase.java:164)
		at org.apache.catalina.startup.Catalina.start(Catalina.java:761)
		at java.base/jdk.internal.reflect.DirectMethodHandleAccessor.invoke(DirectMethodHandleAccessor.java:103)
		at java.base/java.lang.reflect.Method.invoke(Method.java:580)
		at org.apache.catalina.startup.Bootstrap.start(Bootstrap.java:345)
		at org.apache.catalina.startup.Bootstrap.main(Bootstrap.java:473)
	Caused by: org.camunda.bpm.engine.ProcessEngineException: ENGINE-08028 Exception while invoking @PostDeploy on Process Application InvoiceProcessApplication: null
		at org.camunda.bpm.container.impl.ContainerIntegrationLogger.exceptionWhileInvokingPaLifecycleCallback(ContainerIntegrationLogger.java:218)
		at org.camunda.bpm.container.impl.deployment.PostDeployInvocationStep.performOperationStep(PostDeployInvocationStep.java:83)
		at org.camunda.bpm.container.impl.spi.DeploymentOperation.execute(DeploymentOperation.java:120)
		... 44 more
	Caused by: java.lang.reflect.InvocationTargetException
		at java.base/jdk.internal.reflect.DirectMethodHandleAccessor.invoke(DirectMethodHandleAccessor.java:118)
		at java.base/java.lang.reflect.Method.invoke(Method.java:580)
		at org.camunda.bpm.container.impl.deployment.PostDeployInvocationStep.performOperationStep(PostDeployInvocationStep.java:68)
		... 45 more
	Caused by: java.lang.NoSuchMethodError: 'void sun.misc.Unsafe.ensureClassInitialized(java.lang.Class)'
		at com.oracle.truffle.api.library.LibraryFactory.ensureLibraryInitialized(LibraryFactory.java:384)
		at com.oracle.truffle.api.library.LibraryFactory.getUncached(LibraryFactory.java:364)
		at com.oracle.truffle.api.library.LibraryFactory.<init>(LibraryFactory.java:210)
		at com.oracle.truffle.api.interop.InteropLibraryGen.<init>(InteropLibraryGen.java:170)
		at com.oracle.truffle.api.interop.InteropLibraryGen.<clinit>(InteropLibraryGen.java:161)
		at java.base/java.lang.Class.forName0(Native Method)
		at java.base/java.lang.Class.forName(Class.java:529)
		at java.base/java.lang.Class.forName(Class.java:508)
		at com.oracle.truffle.api.library.LibraryFactory.loadGeneratedClass(LibraryFactory.java:771)
		at com.oracle.truffle.api.library.LibraryFactory.resolveImpl(LibraryFactory.java:734)
		at com.oracle.truffle.api.library.LibraryFactory.resolve(LibraryFactory.java:727)
		at com.oracle.truffle.api.interop.InteropLibrary.<clinit>(InteropLibrary.java:2878)
		at com.oracle.truffle.polyglot.PolyglotValueDispatch.<clinit>(PolyglotValueDispatch.java:156)
		at com.oracle.truffle.polyglot.PolyglotImpl.initialize(PolyglotImpl.java:147)
		at org.graalvm.polyglot.impl.AbstractPolyglotImpl.setConstructors(AbstractPolyglotImpl.java:238)
		at org.graalvm.polyglot.Engine$1.loadAndValidateProviders(Engine.java:845)
		at org.graalvm.polyglot.Engine$1.run(Engine.java:818)
		at org.graalvm.polyglot.Engine$1.run(Engine.java:792)
		at java.base/java.security.AccessController.doPrivileged(AccessController.java:319)
		at org.graalvm.polyglot.Engine.initEngineImpl(Engine.java:792)
		at org.graalvm.polyglot.Engine.access$000(Engine.java:110)
		at org.graalvm.polyglot.Engine$ImplHolder.<clinit>(Engine.java:136)
		at org.graalvm.polyglot.Engine.getImpl(Engine.java:324)
		at org.graalvm.polyglot.HostAccess$Builder.targetTypeMapping(HostAccess.java:1071)
		at com.oracle.truffle.js.scriptengine.GraalJSScriptEngine.createNashornHostAccess(GraalJSScriptEngine.java:104)
		at com.oracle.truffle.js.scriptengine.GraalJSScriptEngine.<clinit>(GraalJSScriptEngine.java:99)
		at com.oracle.truffle.js.scriptengine.GraalJSEngineFactory.getScriptEngine(GraalJSEngineFactory.java:196)
		at com.oracle.truffle.js.scriptengine.GraalJSEngineFactory.getScriptEngine(GraalJSEngineFactory.java:58)
		at java.scripting/javax.script.ScriptEngineManager.lambda$getEngineBy$2(ScriptEngineManager.java:237)
		at java.base/java.util.stream.ReferencePipeline$3$1.accept(ReferencePipeline.java:212)
		at java.base/java.util.stream.StreamSpliterators$WrappingSpliterator.tryAdvance(StreamSpliterators.java:300)
		at java.base/java.util.stream.Streams$ConcatSpliterator.tryAdvance(Streams.java:723)
		at java.base/java.util.stream.ReferencePipeline.forEachWithCancel(ReferencePipeline.java:144)
		at java.base/java.util.stream.AbstractPipeline.copyIntoWithCancel(AbstractPipeline.java:574)
		at java.base/java.util.stream.AbstractPipeline.copyInto(AbstractPipeline.java:560)
		at java.base/java.util.stream.AbstractPipeline.wrapAndCopyInto(AbstractPipeline.java:546)
		at java.base/java.util.stream.FindOps$FindOp.evaluateSequential(FindOps.java:150)
		at java.base/java.util.stream.AbstractPipeline.evaluate(AbstractPipeline.java:265)
		at java.base/java.util.stream.ReferencePipeline.findFirst(ReferencePipeline.java:662)
		at java.scripting/javax.script.ScriptEngineManager.getEngineBy(ScriptEngineManager.java:246)
		at java.scripting/javax.script.ScriptEngineManager.getEngineByName(ScriptEngineManager.java:185)
		at org.camunda.bpm.engine.impl.scripting.engine.DefaultScriptEngineResolver.getJavaScriptScriptEngine(DefaultScriptEngineResolver.java:97)
		at org.camunda.bpm.engine.impl.scripting.engine.DefaultScriptEngineResolver.getScriptEngine(DefaultScriptEngineResolver.java:80)
		at org.camunda.bpm.engine.impl.scripting.engine.DefaultScriptEngineResolver.getScriptEngine(DefaultScriptEngineResolver.java:62)
		at org.camunda.bpm.application.impl.ProcessApplicationScriptEnvironment.getScriptEngineForName(ProcessApplicationScriptEnvironment.java:66)
		at org.camunda.bpm.application.AbstractProcessApplication.getScriptEngineForName(AbstractProcessApplication.java:210)
		at org.camunda.bpm.engine.impl.scripting.engine.ScriptingEngines.getPaScriptEngine(ScriptingEngines.java:130)
		at org.camunda.bpm.engine.impl.scripting.engine.ScriptingEngines.getScriptEngineForLanguage(ScriptingEngines.java:112)
		at org.camunda.bpm.engine.impl.scripting.env.ScriptingEnvironment.execute(ScriptingEnvironment.java:82)
		at org.camunda.bpm.engine.impl.delegate.ScriptInvocation.invoke(ScriptInvocation.java:47)
		at org.camunda.bpm.engine.impl.delegate.DelegateInvocation.proceed(DelegateInvocation.java:58)
		at org.camunda.bpm.engine.impl.delegate.DefaultDelegateInterceptor.handleInvocationInContext(DefaultDelegateInterceptor.java:92)
		at org.camunda.bpm.engine.impl.delegate.DefaultDelegateInterceptor.handleInvocation(DefaultDelegateInterceptor.java:63)
		at org.camunda.bpm.engine.impl.task.listener.ScriptTaskListener.notify(ScriptTaskListener.java:45)
		at org.camunda.bpm.engine.impl.task.delegate.TaskListenerInvocation.invoke(TaskListenerInvocation.java:45)
		at org.camunda.bpm.engine.impl.delegate.DelegateInvocation.proceed(DelegateInvocation.java:58)
		at org.camunda.bpm.engine.impl.delegate.DefaultDelegateInterceptor.handleInvocationInContext(DefaultDelegateInterceptor.java:92)
		at org.camunda.bpm.engine.impl.delegate.DefaultDelegateInterceptor.handleInvocation(DefaultDelegateInterceptor.java:63)
		at org.camunda.bpm.engine.impl.persistence.entity.TaskEntity.invokeListener(TaskEntity.java:1113)
		at org.camunda.bpm.engine.impl.persistence.entity.TaskEntity.invokeListener(TaskEntity.java:1093)
		at org.camunda.bpm.engine.impl.persistence.entity.TaskEntity.fireEvent(TaskEntity.java:1045)
		at org.camunda.bpm.engine.impl.persistence.entity.TaskEntity.transitionTo(TaskEntity.java:1190)
		at org.camunda.bpm.engine.impl.bpmn.behavior.UserTaskActivityBehavior.performExecution(UserTaskActivityBehavior.java:62)
		at org.camunda.bpm.engine.impl.bpmn.behavior.TaskActivityBehavior.execute(TaskActivityBehavior.java:69)
		at org.camunda.bpm.engine.impl.pvm.runtime.operation.PvmAtomicOperationActivityExecute$2.callback(PvmAtomicOperationActivityExecute.java:61)
		at org.camunda.bpm.engine.impl.pvm.runtime.operation.PvmAtomicOperationActivityExecute$2.callback(PvmAtomicOperationActivityExecute.java:50)
		at org.camunda.bpm.engine.impl.pvm.runtime.PvmExecutionImpl.continueIfExecutionDoesNotAffectNextOperation(PvmExecutionImpl.java:2109)
		at org.camunda.bpm.engine.impl.pvm.runtime.operation.PvmAtomicOperationActivityExecute.execute(PvmAtomicOperationActivityExecute.java:42)
		at org.camunda.bpm.engine.impl.pvm.runtime.operation.PvmAtomicOperationActivityExecute.execute(PvmAtomicOperationActivityExecute.java:31)
		at org.camunda.bpm.engine.impl.interceptor.AtomicOperationInvocation.execute(AtomicOperationInvocation.java:99)
		at org.camunda.bpm.engine.impl.interceptor.CommandInvocationContext.invokeNext(CommandInvocationContext.java:141)
		at org.camunda.bpm.engine.impl.interceptor.CommandInvocationContext.performNext(CommandInvocationContext.java:121)
		at org.camunda.bpm.engine.impl.interceptor.CommandInvocationContext.performOperation(CommandInvocationContext.java:96)
		at org.camunda.bpm.engine.impl.persistence.entity.ExecutionEntity.performOperation(ExecutionEntity.java:635)
		at org.camunda.bpm.engine.impl.persistence.entity.ExecutionEntity.performOperation(ExecutionEntity.java:609)
		at org.camunda.bpm.engine.impl.pvm.runtime.PvmExecutionImpl$6.callback(PvmExecutionImpl.java:2048)
		at org.camunda.bpm.engine.impl.pvm.runtime.PvmExecutionImpl$6.callback(PvmExecutionImpl.java:2045)
		at org.camunda.bpm.engine.impl.pvm.runtime.PvmExecutionImpl.continueExecutionIfNotCanceled(PvmExecutionImpl.java:2115)
		at org.camunda.bpm.engine.impl.pvm.runtime.PvmExecutionImpl.dispatchDelayedEventsAndPerformOperation(PvmExecutionImpl.java:2064)
		at org.camunda.bpm.engine.impl.pvm.runtime.PvmExecutionImpl.dispatchDelayedEventsAndPerformOperation(PvmExecutionImpl.java:2045)
		at org.camunda.bpm.engine.impl.pvm.runtime.operation.PvmAtomicOperationTransitionNotifyListenerStart.eventNotificationsCompleted(PvmAtomicOperationTransitionNotifyListenerStart.java:61)
		at org.camunda.bpm.engine.impl.pvm.runtime.operation.PvmAtomicOperationTransitionNotifyListenerStart.eventNotificationsCompleted(PvmAtomicOperationTransitionNotifyListenerStart.java:30)
		at org.camunda.bpm.engine.impl.core.operation.AbstractEventAtomicOperation.execute(AbstractEventAtomicOperation.java:70)
		at org.camunda.bpm.engine.impl.interceptor.AtomicOperationInvocation.execute(AtomicOperationInvocation.java:99)
		at org.camunda.bpm.engine.impl.interceptor.CommandInvocationContext.invokeNext(CommandInvocationContext.java:141)
		at org.camunda.bpm.engine.impl.interceptor.CommandInvocationContext.performNext(CommandInvocationContext.java:121)
		at org.camunda.bpm.engine.impl.interceptor.CommandInvocationContext.performOperation(CommandInvocationContext.java:96)
		at org.camunda.bpm.engine.impl.interceptor.CommandInvocationContext.performOperation(CommandInvocationContext.java:86)
		at org.camunda.bpm.engine.impl.persistence.entity.ExecutionEntity.performOperationSync(ExecutionEntity.java:644)
		at org.camunda.bpm.engine.impl.persistence.entity.ExecutionEntity.performOperationSync(ExecutionEntity.java:619)
		at org.camunda.bpm.engine.impl.core.operation.AbstractEventAtomicOperation.execute(AbstractEventAtomicOperation.java:66)
		at org.camunda.bpm.engine.impl.interceptor.AtomicOperationInvocation.execute(AtomicOperationInvocation.java:99)
		at org.camunda.bpm.engine.impl.interceptor.CommandInvocationContext.invokeNext(CommandInvocationContext.java:141)
		at org.camunda.bpm.engine.impl.interceptor.CommandInvocationContext.performNext(CommandInvocationContext.java:121)
		at org.camunda.bpm.engine.impl.interceptor.CommandInvocationContext.performOperation(CommandInvocationContext.java:96)
		at org.camunda.bpm.engine.impl.interceptor.CommandInvocationContext.performOperation(CommandInvocationContext.java:86)
		at org.camunda.bpm.engine.impl.persistence.entity.ExecutionEntity.performOperationSync(ExecutionEntity.java:644)
		at org.camunda.bpm.engine.impl.persistence.entity.ExecutionEntity.performOperationSync(ExecutionEntity.java:619)
		at org.camunda.bpm.engine.impl.core.operation.AbstractEventAtomicOperation.execute(AbstractEventAtomicOperation.java:66)
		at org.camunda.bpm.engine.impl.interceptor.AtomicOperationInvocation.execute(AtomicOperationInvocation.java:99)
		at org.camunda.bpm.engine.impl.interceptor.CommandInvocationContext.invokeNext(CommandInvocationContext.java:141)
		at org.camunda.bpm.engine.impl.interceptor.CommandInvocationContext.performNext(CommandInvocationContext.java:121)
		at org.camunda.bpm.engine.impl.interceptor.CommandInvocationContext.performOperation(CommandInvocationContext.java:96)
		at org.camunda.bpm.engine.impl.interceptor.CommandInvocationContext.performOperation(CommandInvocationContext.java:86)
		at org.camunda.bpm.engine.impl.persistence.entity.ExecutionEntity.performOperationSync(ExecutionEntity.java:644)
		at org.camunda.bpm.engine.impl.persistence.entity.ExecutionEntity.performOperationSync(ExecutionEntity.java:619)
		at org.camunda.bpm.engine.impl.core.operation.AbstractEventAtomicOperation.execute(AbstractEventAtomicOperation.java:66)
		at org.camunda.bpm.engine.impl.interceptor.AtomicOperationInvocation.execute(AtomicOperationInvocation.java:99)
		at org.camunda.bpm.engine.impl.interceptor.CommandInvocationContext.invokeNext(CommandInvocationContext.java:141)
		at org.camunda.bpm.engine.impl.interceptor.CommandInvocationContext.performNext(CommandInvocationContext.java:121)
		at org.camunda.bpm.engine.impl.interceptor.CommandInvocationContext.performOperation(CommandInvocationContext.java:96)
		at org.camunda.bpm.engine.impl.persistence.entity.ExecutionEntity.performOperation(ExecutionEntity.java:635)
		at org.camunda.bpm.engine.impl.persistence.entity.ExecutionEntity.performOperation(ExecutionEntity.java:609)
		at org.camunda.bpm.engine.impl.pvm.runtime.operation.PvmAtomicOperationTransitionCreateScope.scopeCreated(PvmAtomicOperationTransitionCreateScope.java:38)
		at org.camunda.bpm.engine.impl.pvm.runtime.operation.PvmAtomicOperationCreateScope.execute(PvmAtomicOperationCreateScope.java:53)
		at org.camunda.bpm.engine.impl.pvm.runtime.operation.PvmAtomicOperationCreateScope.execute(PvmAtomicOperationCreateScope.java:27)
		at org.camunda.bpm.engine.impl.interceptor.AtomicOperationInvocation.execute(AtomicOperationInvocation.java:99)
		at org.camunda.bpm.engine.impl.interceptor.CommandInvocationContext.invokeNext(CommandInvocationContext.java:141)
		at org.camunda.bpm.engine.impl.interceptor.CommandInvocationContext.performNext(CommandInvocationContext.java:128)
		at org.camunda.bpm.engine.impl.interceptor.CommandInvocationContext$1.call(CommandInvocationContext.java:112)
		at org.camunda.bpm.engine.impl.interceptor.CommandInvocationContext$1.call(CommandInvocationContext.java:110)
		at org.camunda.bpm.engine.impl.context.ProcessApplicationClassloaderInterceptor.call(ProcessApplicationClassloaderInterceptor.java:48)
		at org.camunda.bpm.application.AbstractProcessApplication.execute(AbstractProcessApplication.java:131)
		at org.camunda.bpm.application.AbstractProcessApplication.execute(AbstractProcessApplication.java:142)
		at org.camunda.bpm.engine.impl.context.Context.executeWithinProcessApplication(Context.java:208)
		at org.camunda.bpm.engine.impl.interceptor.CommandInvocationContext.performNext(CommandInvocationContext.java:110)
		at org.camunda.bpm.engine.impl.interceptor.CommandInvocationContext.performOperation(CommandInvocationContext.java:96)
		at org.camunda.bpm.engine.impl.persistence.entity.ExecutionEntity.performOperation(ExecutionEntity.java:635)
		at org.camunda.bpm.engine.impl.persistence.entity.ExecutionEntity.performOperation(ExecutionEntity.java:609)
		at org.camunda.bpm.engine.impl.pvm.runtime.PvmExecutionImpl.start(PvmExecutionImpl.java:294)
		at org.camunda.bpm.engine.impl.persistence.entity.ExecutionEntity.start(ExecutionEntity.java:460)
		at org.camunda.bpm.engine.impl.pvm.runtime.PvmExecutionImpl.start(PvmExecutionImpl.java:271)
		at org.camunda.bpm.engine.impl.cmd.StartProcessInstanceCmd.execute(StartProcessInstanceCmd.java:66)
		at org.camunda.bpm.engine.impl.cmd.StartProcessInstanceCmd.execute(StartProcessInstanceCmd.java:38)
		at org.camunda.bpm.engine.impl.interceptor.CommandExecutorImpl.execute(CommandExecutorImpl.java:28)
		at org.camunda.bpm.engine.impl.interceptor.CommandContextInterceptor.execute(CommandContextInterceptor.java:111)
		at org.camunda.bpm.engine.impl.interceptor.ProcessApplicationContextInterceptor.execute(ProcessApplicationContextInterceptor.java:70)
		at org.camunda.bpm.engine.impl.interceptor.CommandCounterInterceptor.execute(CommandCounterInterceptor.java:34)
		at org.camunda.bpm.engine.impl.interceptor.LogInterceptor.execute(LogInterceptor.java:33)
		at org.camunda.bpm.engine.impl.interceptor.ExceptionCodeInterceptor.execute(ExceptionCodeInterceptor.java:55)
		at org.camunda.bpm.engine.impl.ProcessInstantiationBuilderImpl.executeWithVariablesInReturn(ProcessInstantiationBuilderImpl.java:168)
		at org.camunda.bpm.engine.impl.ProcessInstantiationBuilderImpl.execute(ProcessInstantiationBuilderImpl.java:134)
		at org.camunda.bpm.engine.impl.ProcessInstantiationBuilderImpl.execute(ProcessInstantiationBuilderImpl.java:130)
		at org.camunda.bpm.engine.impl.RuntimeServiceImpl.startProcessInstanceById(RuntimeServiceImpl.java:155)
		at org.camunda.bpm.example.invoice.InvoiceApplicationHelper.startProcessInstances(InvoiceApplicationHelper.java:103)
		at org.camunda.bpm.example.invoice.InvoiceApplicationHelper.startFirstProcess(InvoiceApplicationHelper.java:50)
		at org.camunda.bpm.example.invoice.InvoiceProcessApplication.startFirstProcess(InvoiceProcessApplication.java:38)
		at java.base/jdk.internal.reflect.DirectMethodHandleAccessor.invoke(DirectMethodHandleAccessor.java:103)
		... 47 more
20-Mar-2025 22:42:23.079 INFO [main] org.apache.catalina.core.ApplicationContext.log ContextListener: contextInitialized()
20-Mar-2025 22:42:23.080 INFO [main] org.apache.catalina.core.ApplicationContext.log SessionListener: contextInitialized()
20-Mar-2025 22:42:23.083 INFO [main] org.apache.catalina.core.ApplicationContext.log ContextListener: attributeAdded('StockTicker', 'async.Stockticker@619fdbd9')
20-Mar-2025 23:02:07.358 SEVERE [main] org.apache.catalina.core.StandardContext.listenerStart Exception lors de l'envoi de l'évènement contexte initialisé (context initialized) à l'instance de classe d'écoute (listener) [org.camunda.bpm.example.invoice.InvoiceProcessApplication]
	org.camunda.bpm.engine.ProcessEngineException: ENGINE-08043 Exception while performing 'Deployment of Process Application InvoiceProcessApplication' => 'Invoking @PostDeploy': ENGINE-08028 Exception while invoking @PostDeploy on Process Application InvoiceProcessApplication: null
		at org.camunda.bpm.container.impl.ContainerIntegrationLogger.exceptionWhilePerformingOperationStep(ContainerIntegrationLogger.java:316)
		at org.camunda.bpm.container.impl.spi.DeploymentOperation.execute(DeploymentOperation.java:136)
		at org.camunda.bpm.container.impl.jmx.MBeanServiceContainer.executeDeploymentOperation(MBeanServiceContainer.java:160)
		at org.camunda.bpm.container.impl.spi.DeploymentOperation$DeploymentOperationBuilder.execute(DeploymentOperation.java:216)
		at org.camunda.bpm.container.impl.RuntimeContainerDelegateImpl.deployProcessApplication(RuntimeContainerDelegateImpl.java:102)
		at org.camunda.bpm.application.AbstractProcessApplication.deploy(AbstractProcessApplication.java:71)
		at org.camunda.bpm.application.impl.JakartaServletProcessApplication.contextInitialized(JakartaServletProcessApplication.java:106)
		at org.apache.catalina.core.StandardContext.listenerStart(StandardContext.java:4047)
		at org.apache.catalina.core.StandardContext.startInternal(StandardContext.java:4477)
		at org.apache.catalina.util.LifecycleBase.start(LifecycleBase.java:164)
		at org.apache.catalina.core.ContainerBase.addChildInternal(ContainerBase.java:599)
		at org.apache.catalina.core.ContainerBase.addChild(ContainerBase.java:571)
		at org.apache.catalina.core.StandardHost.addChild(StandardHost.java:654)
		at org.apache.catalina.startup.HostConfig.deployDirectory(HostConfig.java:1130)
		at org.apache.catalina.startup.HostConfig$DeployDirectory.run(HostConfig.java:1933)
		at java.base/java.util.concurrent.Executors$RunnableAdapter.call(Executors.java:572)
		at java.base/java.util.concurrent.FutureTask.run(FutureTask.java:317)
		at org.apache.tomcat.util.threads.InlineExecutorService.execute(InlineExecutorService.java:75)
		at java.base/java.util.concurrent.AbstractExecutorService.submit(AbstractExecutorService.java:123)
		at org.apache.catalina.startup.HostConfig.deployDirectories(HostConfig.java:1041)
		at org.apache.catalina.startup.HostConfig.deployApps(HostConfig.java:425)
		at org.apache.catalina.startup.HostConfig.start(HostConfig.java:1629)
		at org.apache.catalina.startup.HostConfig.lifecycleEvent(HostConfig.java:303)
		at org.apache.catalina.util.LifecycleBase.fireLifecycleEvent(LifecycleBase.java:109)
		at org.apache.catalina.util.LifecycleBase.setStateInternal(LifecycleBase.java:389)
		at org.apache.catalina.util.LifecycleBase.setState(LifecycleBase.java:336)
		at org.apache.catalina.core.ContainerBase.startInternal(ContainerBase.java:776)
		at org.apache.catalina.core.StandardHost.startInternal(StandardHost.java:772)
		at org.apache.catalina.util.LifecycleBase.start(LifecycleBase.java:164)
		at org.apache.catalina.core.ContainerBase$StartChild.call(ContainerBase.java:1203)
		at org.apache.catalina.core.ContainerBase$StartChild.call(ContainerBase.java:1193)
		at java.base/java.util.concurrent.FutureTask.run(FutureTask.java:317)
		at org.apache.tomcat.util.threads.InlineExecutorService.execute(InlineExecutorService.java:75)
		at java.base/java.util.concurrent.AbstractExecutorService.submit(AbstractExecutorService.java:145)
		at org.apache.catalina.core.ContainerBase.startInternal(ContainerBase.java:749)
		at org.apache.catalina.core.StandardEngine.startInternal(StandardEngine.java:203)
		at org.apache.catalina.util.LifecycleBase.start(LifecycleBase.java:164)
		at org.apache.catalina.core.StandardService.startInternal(StandardService.java:415)
		at org.apache.catalina.util.LifecycleBase.start(LifecycleBase.java:164)
		at org.apache.catalina.core.StandardServer.startInternal(StandardServer.java:870)
		at org.apache.catalina.util.LifecycleBase.start(LifecycleBase.java:164)
		at org.apache.catalina.startup.Catalina.start(Catalina.java:761)
		at java.base/jdk.internal.reflect.DirectMethodHandleAccessor.invoke(DirectMethodHandleAccessor.java:103)
		at java.base/java.lang.reflect.Method.invoke(Method.java:580)
		at org.apache.catalina.startup.Bootstrap.start(Bootstrap.java:345)
		at org.apache.catalina.startup.Bootstrap.main(Bootstrap.java:473)
	Caused by: org.camunda.bpm.engine.ProcessEngineException: ENGINE-08028 Exception while invoking @PostDeploy on Process Application InvoiceProcessApplication: null
		at org.camunda.bpm.container.impl.ContainerIntegrationLogger.exceptionWhileInvokingPaLifecycleCallback(ContainerIntegrationLogger.java:218)
		at org.camunda.bpm.container.impl.deployment.PostDeployInvocationStep.performOperationStep(PostDeployInvocationStep.java:83)
		at org.camunda.bpm.container.impl.spi.DeploymentOperation.execute(DeploymentOperation.java:120)
		... 44 more
	Caused by: java.lang.reflect.InvocationTargetException
		at java.base/jdk.internal.reflect.DirectMethodHandleAccessor.invoke(DirectMethodHandleAccessor.java:118)
		at java.base/java.lang.reflect.Method.invoke(Method.java:580)
		at org.camunda.bpm.container.impl.deployment.PostDeployInvocationStep.performOperationStep(PostDeployInvocationStep.java:68)
		... 45 more
	Caused by: java.lang.NoSuchMethodError: 'void sun.misc.Unsafe.ensureClassInitialized(java.lang.Class)'
		at com.oracle.truffle.api.library.LibraryFactory.ensureLibraryInitialized(LibraryFactory.java:384)
		at com.oracle.truffle.api.library.LibraryFactory.getUncached(LibraryFactory.java:364)
		at com.oracle.truffle.api.library.LibraryFactory.<init>(LibraryFactory.java:210)
		at com.oracle.truffle.api.interop.InteropLibraryGen.<init>(InteropLibraryGen.java:170)
		at com.oracle.truffle.api.interop.InteropLibraryGen.<clinit>(InteropLibraryGen.java:161)
		at java.base/java.lang.Class.forName0(Native Method)
		at java.base/java.lang.Class.forName(Class.java:529)
		at java.base/java.lang.Class.forName(Class.java:508)
		at com.oracle.truffle.api.library.LibraryFactory.loadGeneratedClass(LibraryFactory.java:771)
		at com.oracle.truffle.api.library.LibraryFactory.resolveImpl(LibraryFactory.java:734)
		at com.oracle.truffle.api.library.LibraryFactory.resolve(LibraryFactory.java:727)
		at com.oracle.truffle.api.interop.InteropLibrary.<clinit>(InteropLibrary.java:2878)
		at com.oracle.truffle.polyglot.PolyglotValueDispatch.<clinit>(PolyglotValueDispatch.java:156)
		at com.oracle.truffle.polyglot.PolyglotImpl.initialize(PolyglotImpl.java:147)
		at org.graalvm.polyglot.impl.AbstractPolyglotImpl.setConstructors(AbstractPolyglotImpl.java:238)
		at org.graalvm.polyglot.Engine$1.loadAndValidateProviders(Engine.java:845)
		at org.graalvm.polyglot.Engine$1.run(Engine.java:818)
		at org.graalvm.polyglot.Engine$1.run(Engine.java:792)
		at java.base/java.security.AccessController.doPrivileged(AccessController.java:319)
		at org.graalvm.polyglot.Engine.initEngineImpl(Engine.java:792)
		at org.graalvm.polyglot.Engine.access$000(Engine.java:110)
		at org.graalvm.polyglot.Engine$ImplHolder.<clinit>(Engine.java:136)
		at org.graalvm.polyglot.Engine.getImpl(Engine.java:324)
		at org.graalvm.polyglot.HostAccess$Builder.targetTypeMapping(HostAccess.java:1071)
		at com.oracle.truffle.js.scriptengine.GraalJSScriptEngine.createNashornHostAccess(GraalJSScriptEngine.java:104)
		at com.oracle.truffle.js.scriptengine.GraalJSScriptEngine.<clinit>(GraalJSScriptEngine.java:99)
		at com.oracle.truffle.js.scriptengine.GraalJSEngineFactory.getScriptEngine(GraalJSEngineFactory.java:196)
		at com.oracle.truffle.js.scriptengine.GraalJSEngineFactory.getScriptEngine(GraalJSEngineFactory.java:58)
		at java.scripting/javax.script.ScriptEngineManager.lambda$getEngineBy$2(ScriptEngineManager.java:237)
		at java.base/java.util.stream.ReferencePipeline$3$1.accept(ReferencePipeline.java:212)
		at java.base/java.util.stream.StreamSpliterators$WrappingSpliterator.tryAdvance(StreamSpliterators.java:300)
		at java.base/java.util.stream.Streams$ConcatSpliterator.tryAdvance(Streams.java:723)
		at java.base/java.util.stream.ReferencePipeline.forEachWithCancel(ReferencePipeline.java:144)
		at java.base/java.util.stream.AbstractPipeline.copyIntoWithCancel(AbstractPipeline.java:574)
		at java.base/java.util.stream.AbstractPipeline.copyInto(AbstractPipeline.java:560)
		at java.base/java.util.stream.AbstractPipeline.wrapAndCopyInto(AbstractPipeline.java:546)
		at java.base/java.util.stream.FindOps$FindOp.evaluateSequential(FindOps.java:150)
		at java.base/java.util.stream.AbstractPipeline.evaluate(AbstractPipeline.java:265)
		at java.base/java.util.stream.ReferencePipeline.findFirst(ReferencePipeline.java:662)
		at java.scripting/javax.script.ScriptEngineManager.getEngineBy(ScriptEngineManager.java:246)
		at java.scripting/javax.script.ScriptEngineManager.getEngineByName(ScriptEngineManager.java:185)
		at org.camunda.bpm.engine.impl.scripting.engine.DefaultScriptEngineResolver.getJavaScriptScriptEngine(DefaultScriptEngineResolver.java:97)
		at org.camunda.bpm.engine.impl.scripting.engine.DefaultScriptEngineResolver.getScriptEngine(DefaultScriptEngineResolver.java:80)
		at org.camunda.bpm.engine.impl.scripting.engine.DefaultScriptEngineResolver.getScriptEngine(DefaultScriptEngineResolver.java:62)
		at org.camunda.bpm.application.impl.ProcessApplicationScriptEnvironment.getScriptEngineForName(ProcessApplicationScriptEnvironment.java:66)
		at org.camunda.bpm.application.AbstractProcessApplication.getScriptEngineForName(AbstractProcessApplication.java:210)
		at org.camunda.bpm.engine.impl.scripting.engine.ScriptingEngines.getPaScriptEngine(ScriptingEngines.java:130)
		at org.camunda.bpm.engine.impl.scripting.engine.ScriptingEngines.getScriptEngineForLanguage(ScriptingEngines.java:112)
		at org.camunda.bpm.engine.impl.scripting.env.ScriptingEnvironment.execute(ScriptingEnvironment.java:82)
		at org.camunda.bpm.engine.impl.delegate.ScriptInvocation.invoke(ScriptInvocation.java:47)
		at org.camunda.bpm.engine.impl.delegate.DelegateInvocation.proceed(DelegateInvocation.java:58)
		at org.camunda.bpm.engine.impl.delegate.DefaultDelegateInterceptor.handleInvocationInContext(DefaultDelegateInterceptor.java:92)
		at org.camunda.bpm.engine.impl.delegate.DefaultDelegateInterceptor.handleInvocation(DefaultDelegateInterceptor.java:63)
		at org.camunda.bpm.engine.impl.task.listener.ScriptTaskListener.notify(ScriptTaskListener.java:45)
		at org.camunda.bpm.engine.impl.task.delegate.TaskListenerInvocation.invoke(TaskListenerInvocation.java:45)
		at org.camunda.bpm.engine.impl.delegate.DelegateInvocation.proceed(DelegateInvocation.java:58)
		at org.camunda.bpm.engine.impl.delegate.DefaultDelegateInterceptor.handleInvocationInContext(DefaultDelegateInterceptor.java:92)
		at org.camunda.bpm.engine.impl.delegate.DefaultDelegateInterceptor.handleInvocation(DefaultDelegateInterceptor.java:63)
		at org.camunda.bpm.engine.impl.persistence.entity.TaskEntity.invokeListener(TaskEntity.java:1113)
		at org.camunda.bpm.engine.impl.persistence.entity.TaskEntity.invokeListener(TaskEntity.java:1093)
		at org.camunda.bpm.engine.impl.persistence.entity.TaskEntity.fireEvent(TaskEntity.java:1045)
		at org.camunda.bpm.engine.impl.persistence.entity.TaskEntity.transitionTo(TaskEntity.java:1190)
		at org.camunda.bpm.engine.impl.bpmn.behavior.UserTaskActivityBehavior.performExecution(UserTaskActivityBehavior.java:62)
		at org.camunda.bpm.engine.impl.bpmn.behavior.TaskActivityBehavior.execute(TaskActivityBehavior.java:69)
		at org.camunda.bpm.engine.impl.pvm.runtime.operation.PvmAtomicOperationActivityExecute$2.callback(PvmAtomicOperationActivityExecute.java:61)
		at org.camunda.bpm.engine.impl.pvm.runtime.operation.PvmAtomicOperationActivityExecute$2.callback(PvmAtomicOperationActivityExecute.java:50)
		at org.camunda.bpm.engine.impl.pvm.runtime.PvmExecutionImpl.continueIfExecutionDoesNotAffectNextOperation(PvmExecutionImpl.java:2109)
		at org.camunda.bpm.engine.impl.pvm.runtime.operation.PvmAtomicOperationActivityExecute.execute(PvmAtomicOperationActivityExecute.java:42)
		at org.camunda.bpm.engine.impl.pvm.runtime.operation.PvmAtomicOperationActivityExecute.execute(PvmAtomicOperationActivityExecute.java:31)
		at org.camunda.bpm.engine.impl.interceptor.AtomicOperationInvocation.execute(AtomicOperationInvocation.java:99)
		at org.camunda.bpm.engine.impl.interceptor.CommandInvocationContext.invokeNext(CommandInvocationContext.java:141)
		at org.camunda.bpm.engine.impl.interceptor.CommandInvocationContext.performNext(CommandInvocationContext.java:121)
		at org.camunda.bpm.engine.impl.interceptor.CommandInvocationContext.performOperation(CommandInvocationContext.java:96)
		at org.camunda.bpm.engine.impl.persistence.entity.ExecutionEntity.performOperation(ExecutionEntity.java:635)
		at org.camunda.bpm.engine.impl.persistence.entity.ExecutionEntity.performOperation(ExecutionEntity.java:609)
		at org.camunda.bpm.engine.impl.pvm.runtime.PvmExecutionImpl$6.callback(PvmExecutionImpl.java:2048)
		at org.camunda.bpm.engine.impl.pvm.runtime.PvmExecutionImpl$6.callback(PvmExecutionImpl.java:2045)
		at org.camunda.bpm.engine.impl.pvm.runtime.PvmExecutionImpl.continueExecutionIfNotCanceled(PvmExecutionImpl.java:2115)
		at org.camunda.bpm.engine.impl.pvm.runtime.PvmExecutionImpl.dispatchDelayedEventsAndPerformOperation(PvmExecutionImpl.java:2064)
		at org.camunda.bpm.engine.impl.pvm.runtime.PvmExecutionImpl.dispatchDelayedEventsAndPerformOperation(PvmExecutionImpl.java:2045)
		at org.camunda.bpm.engine.impl.pvm.runtime.operation.PvmAtomicOperationTransitionNotifyListenerStart.eventNotificationsCompleted(PvmAtomicOperationTransitionNotifyListenerStart.java:61)
		at org.camunda.bpm.engine.impl.pvm.runtime.operation.PvmAtomicOperationTransitionNotifyListenerStart.eventNotificationsCompleted(PvmAtomicOperationTransitionNotifyListenerStart.java:30)
		at org.camunda.bpm.engine.impl.core.operation.AbstractEventAtomicOperation.execute(AbstractEventAtomicOperation.java:70)
		at org.camunda.bpm.engine.impl.interceptor.AtomicOperationInvocation.execute(AtomicOperationInvocation.java:99)
		at org.camunda.bpm.engine.impl.interceptor.CommandInvocationContext.invokeNext(CommandInvocationContext.java:141)
		at org.camunda.bpm.engine.impl.interceptor.CommandInvocationContext.performNext(CommandInvocationContext.java:121)
		at org.camunda.bpm.engine.impl.interceptor.CommandInvocationContext.performOperation(CommandInvocationContext.java:96)
		at org.camunda.bpm.engine.impl.interceptor.CommandInvocationContext.performOperation(CommandInvocationContext.java:86)
		at org.camunda.bpm.engine.impl.persistence.entity.ExecutionEntity.performOperationSync(ExecutionEntity.java:644)
		at org.camunda.bpm.engine.impl.persistence.entity.ExecutionEntity.performOperationSync(ExecutionEntity.java:619)
		at org.camunda.bpm.engine.impl.core.operation.AbstractEventAtomicOperation.execute(AbstractEventAtomicOperation.java:66)
		at org.camunda.bpm.engine.impl.interceptor.AtomicOperationInvocation.execute(AtomicOperationInvocation.java:99)
		at org.camunda.bpm.engine.impl.interceptor.CommandInvocationContext.invokeNext(CommandInvocationContext.java:141)
		at org.camunda.bpm.engine.impl.interceptor.CommandInvocationContext.performNext(CommandInvocationContext.java:121)
		at org.camunda.bpm.engine.impl.interceptor.CommandInvocationContext.performOperation(CommandInvocationContext.java:96)
		at org.camunda.bpm.engine.impl.interceptor.CommandInvocationContext.performOperation(CommandInvocationContext.java:86)
		at org.camunda.bpm.engine.impl.persistence.entity.ExecutionEntity.performOperationSync(ExecutionEntity.java:644)
		at org.camunda.bpm.engine.impl.persistence.entity.ExecutionEntity.performOperationSync(ExecutionEntity.java:619)
		at org.camunda.bpm.engine.impl.core.operation.AbstractEventAtomicOperation.execute(AbstractEventAtomicOperation.java:66)
		at org.camunda.bpm.engine.impl.interceptor.AtomicOperationInvocation.execute(AtomicOperationInvocation.java:99)
		at org.camunda.bpm.engine.impl.interceptor.CommandInvocationContext.invokeNext(CommandInvocationContext.java:141)
		at org.camunda.bpm.engine.impl.interceptor.CommandInvocationContext.performNext(CommandInvocationContext.java:121)
		at org.camunda.bpm.engine.impl.interceptor.CommandInvocationContext.performOperation(CommandInvocationContext.java:96)
		at org.camunda.bpm.engine.impl.interceptor.CommandInvocationContext.performOperation(CommandInvocationContext.java:86)
		at org.camunda.bpm.engine.impl.persistence.entity.ExecutionEntity.performOperationSync(ExecutionEntity.java:644)
		at org.camunda.bpm.engine.impl.persistence.entity.ExecutionEntity.performOperationSync(ExecutionEntity.java:619)
		at org.camunda.bpm.engine.impl.core.operation.AbstractEventAtomicOperation.execute(AbstractEventAtomicOperation.java:66)
		at org.camunda.bpm.engine.impl.interceptor.AtomicOperationInvocation.execute(AtomicOperationInvocation.java:99)
		at org.camunda.bpm.engine.impl.interceptor.CommandInvocationContext.invokeNext(CommandInvocationContext.java:141)
		at org.camunda.bpm.engine.impl.interceptor.CommandInvocationContext.performNext(CommandInvocationContext.java:121)
		at org.camunda.bpm.engine.impl.interceptor.CommandInvocationContext.performOperation(CommandInvocationContext.java:96)
		at org.camunda.bpm.engine.impl.persistence.entity.ExecutionEntity.performOperation(ExecutionEntity.java:635)
		at org.camunda.bpm.engine.impl.persistence.entity.ExecutionEntity.performOperation(ExecutionEntity.java:609)
		at org.camunda.bpm.engine.impl.pvm.runtime.operation.PvmAtomicOperationTransitionCreateScope.scopeCreated(PvmAtomicOperationTransitionCreateScope.java:38)
		at org.camunda.bpm.engine.impl.pvm.runtime.operation.PvmAtomicOperationCreateScope.execute(PvmAtomicOperationCreateScope.java:53)
		at org.camunda.bpm.engine.impl.pvm.runtime.operation.PvmAtomicOperationCreateScope.execute(PvmAtomicOperationCreateScope.java:27)
		at org.camunda.bpm.engine.impl.interceptor.AtomicOperationInvocation.execute(AtomicOperationInvocation.java:99)
		at org.camunda.bpm.engine.impl.interceptor.CommandInvocationContext.invokeNext(CommandInvocationContext.java:141)
		at org.camunda.bpm.engine.impl.interceptor.CommandInvocationContext.performNext(CommandInvocationContext.java:128)
		at org.camunda.bpm.engine.impl.interceptor.CommandInvocationContext$1.call(CommandInvocationContext.java:112)
		at org.camunda.bpm.engine.impl.interceptor.CommandInvocationContext$1.call(CommandInvocationContext.java:110)
		at org.camunda.bpm.engine.impl.context.ProcessApplicationClassloaderInterceptor.call(ProcessApplicationClassloaderInterceptor.java:48)
		at org.camunda.bpm.application.AbstractProcessApplication.execute(AbstractProcessApplication.java:131)
		at org.camunda.bpm.application.AbstractProcessApplication.execute(AbstractProcessApplication.java:142)
		at org.camunda.bpm.engine.impl.context.Context.executeWithinProcessApplication(Context.java:208)
		at org.camunda.bpm.engine.impl.interceptor.CommandInvocationContext.performNext(CommandInvocationContext.java:110)
		at org.camunda.bpm.engine.impl.interceptor.CommandInvocationContext.performOperation(CommandInvocationContext.java:96)
		at org.camunda.bpm.engine.impl.persistence.entity.ExecutionEntity.performOperation(ExecutionEntity.java:635)
		at org.camunda.bpm.engine.impl.persistence.entity.ExecutionEntity.performOperation(ExecutionEntity.java:609)
		at org.camunda.bpm.engine.impl.pvm.runtime.PvmExecutionImpl.start(PvmExecutionImpl.java:294)
		at org.camunda.bpm.engine.impl.persistence.entity.ExecutionEntity.start(ExecutionEntity.java:460)
		at org.camunda.bpm.engine.impl.pvm.runtime.PvmExecutionImpl.start(PvmExecutionImpl.java:271)
		at org.camunda.bpm.engine.impl.cmd.StartProcessInstanceCmd.execute(StartProcessInstanceCmd.java:66)
		at org.camunda.bpm.engine.impl.cmd.StartProcessInstanceCmd.execute(StartProcessInstanceCmd.java:38)
		at org.camunda.bpm.engine.impl.interceptor.CommandExecutorImpl.execute(CommandExecutorImpl.java:28)
		at org.camunda.bpm.engine.impl.interceptor.CommandContextInterceptor.execute(CommandContextInterceptor.java:111)
		at org.camunda.bpm.engine.impl.interceptor.ProcessApplicationContextInterceptor.execute(ProcessApplicationContextInterceptor.java:70)
		at org.camunda.bpm.engine.impl.interceptor.CommandCounterInterceptor.execute(CommandCounterInterceptor.java:34)
		at org.camunda.bpm.engine.impl.interceptor.LogInterceptor.execute(LogInterceptor.java:33)
		at org.camunda.bpm.engine.impl.interceptor.ExceptionCodeInterceptor.execute(ExceptionCodeInterceptor.java:55)
		at org.camunda.bpm.engine.impl.ProcessInstantiationBuilderImpl.executeWithVariablesInReturn(ProcessInstantiationBuilderImpl.java:168)
		at org.camunda.bpm.engine.impl.ProcessInstantiationBuilderImpl.execute(ProcessInstantiationBuilderImpl.java:134)
		at org.camunda.bpm.engine.impl.ProcessInstantiationBuilderImpl.execute(ProcessInstantiationBuilderImpl.java:130)
		at org.camunda.bpm.engine.impl.RuntimeServiceImpl.startProcessInstanceById(RuntimeServiceImpl.java:155)
		at org.camunda.bpm.example.invoice.InvoiceApplicationHelper.startProcessInstances(InvoiceApplicationHelper.java:103)
		at org.camunda.bpm.example.invoice.InvoiceApplicationHelper.startFirstProcess(InvoiceApplicationHelper.java:50)
		at org.camunda.bpm.example.invoice.InvoiceProcessApplication.startFirstProcess(InvoiceProcessApplication.java:38)
		at java.base/jdk.internal.reflect.DirectMethodHandleAccessor.invoke(DirectMethodHandleAccessor.java:103)
		... 47 more
20-Mar-2025 23:02:52.481 INFO [main] org.apache.catalina.core.ApplicationContext.log ContextListener: contextInitialized()
20-Mar-2025 23:02:52.481 INFO [main] org.apache.catalina.core.ApplicationContext.log SessionListener: contextInitialized()
20-Mar-2025 23:02:52.491 INFO [main] org.apache.catalina.core.ApplicationContext.log ContextListener: attributeAdded('StockTicker', 'async.Stockticker@619fdbd9')
